TpTrace Verbose: 0 : 3572, 1, 2025/02/11, 18:22:33.454, 586616665720, vstest.console.dll, Version: 17.12.0-release-24508-01 Current process architecture: X64
TpTrace Verbose: 0 : 3572, 1, 2025/02/11, 18:22:33.456, 586616682664, vstest.console.dll, Runtime location: C:\Program Files\dotnet\shared\Microsoft.NETCore.App\9.0.1
TpTrace Verbose: 0 : 3572, 1, 2025/02/11, 18:22:33.457, 586616697747, vstest.console.dll, ArtifactProcessingPostProcessModeProcessorExecutor.Initialize: ArtifactProcessingMode.Collect
TpTrace Verbose: 0 : 3572, 1, 2025/02/11, 18:22:33.457, 586616698358, vstest.console.dll, TestSessionCorrelationIdProcessorModeProcessorExecutor.Initialize: TestSessionCorrelationId '13732_d5117453-68b6-4634-9102-6d7b5623b9f3'
TpTrace Information: 0 : 3572, 1, 2025/02/11, 18:22:33.463, 586616757955, vstest.console.dll, FilePatternParser: The given file D:\C# проекты\KPO\MiniDZ1Tests\bin\Debug\net8.0\fine-code-coverage\build-output\MiniDZ1Tests.dll is a full path.
TpTrace Verbose: 0 : 3572, 1, 2025/02/11, 18:22:33.466, 586616790204, vstest.console.dll, TestPluginCache.DiscoverTestExtensions: finding test extensions in assemblies ends with: RuntimeProvider.dll TPluginInfo: Microsoft.VisualStudio.TestPlatform.Common.ExtensionFramework.Utilities.TestRuntimePluginInformation TExtension: Microsoft.VisualStudio.TestPlatform.ObjectModel.Host.ITestRuntimeProvider
TpTrace Verbose: 0 : 3572, 1, 2025/02/11, 18:22:33.466, 586616791745, vstest.console.dll, TestPluginCache.GetExtensionPaths: Filtered extension paths: 
TpTrace Verbose: 0 : 3572, 1, 2025/02/11, 18:22:33.466, 586616792032, vstest.console.dll, TestPluginCache.GetExtensionPaths: Added default extension paths: C:\Program Files\dotnet\sdk\9.0.102\Extensions\Microsoft.Diagnostics.NETCore.Client.dll
C:\Program Files\dotnet\sdk\9.0.102\Extensions\Microsoft.TestPlatform.Extensions.BlameDataCollector.dll
C:\Program Files\dotnet\sdk\9.0.102\Extensions\Microsoft.TestPlatform.Extensions.EventLogCollector.dll
C:\Program Files\dotnet\sdk\9.0.102\Extensions\Microsoft.TestPlatform.TestHostRuntimeProvider.dll
C:\Program Files\dotnet\sdk\9.0.102\Extensions\Microsoft.VisualStudio.TestPlatform.Extensions.Html.TestLogger.dll
C:\Program Files\dotnet\sdk\9.0.102\Extensions\Microsoft.VisualStudio.TestPlatform.Extensions.Trx.TestLogger.dll
TpTrace Verbose: 0 : 3572, 1, 2025/02/11, 18:22:33.466, 586616792170, vstest.console.dll, TestPluginCache.GetExtensionPaths: Added unfilterableExtensionPaths: 
TpTrace Information: 0 : 3572, 1, 2025/02/11, 18:22:33.467, 586616794733, vstest.console.dll, AssemblyResolver.ctor: Creating AssemblyResolver with searchDirectories C:\Program Files\dotnet\sdk\9.0.102\Extensions,C:\Program Files\dotnet\sdk\9.0.102
TpTrace Verbose: 0 : 3572, 1, 2025/02/11, 18:22:33.468, 586616807095, vstest.console.dll, TestPluginCache.DiscoverTestExtensions: Discovering the extensions using extension path.
TpTrace Verbose: 0 : 3572, 1, 2025/02/11, 18:22:33.468, 586616807741, vstest.console.dll, TestPluginCache.GetExtensionPaths: Filtered extension paths: 
TpTrace Verbose: 0 : 3572, 1, 2025/02/11, 18:22:33.468, 586616807884, vstest.console.dll, TestPluginCache.GetExtensionPaths: Added default extension paths: C:\Program Files\dotnet\sdk\9.0.102\Extensions\Microsoft.Diagnostics.NETCore.Client.dll
C:\Program Files\dotnet\sdk\9.0.102\Extensions\Microsoft.TestPlatform.Extensions.BlameDataCollector.dll
C:\Program Files\dotnet\sdk\9.0.102\Extensions\Microsoft.TestPlatform.Extensions.EventLogCollector.dll
C:\Program Files\dotnet\sdk\9.0.102\Extensions\Microsoft.TestPlatform.TestHostRuntimeProvider.dll
C:\Program Files\dotnet\sdk\9.0.102\Extensions\Microsoft.VisualStudio.TestPlatform.Extensions.Html.TestLogger.dll
C:\Program Files\dotnet\sdk\9.0.102\Extensions\Microsoft.VisualStudio.TestPlatform.Extensions.Trx.TestLogger.dll
TpTrace Verbose: 0 : 3572, 1, 2025/02/11, 18:22:33.468, 586616808018, vstest.console.dll, TestPluginCache.GetExtensionPaths: Added unfilterableExtensionPaths: 
TpTrace Verbose: 0 : 3572, 1, 2025/02/11, 18:22:33.468, 586616808228, vstest.console.dll, TestPluginCache.DiscoverTestExtensions: Discovering the extensions using allExtensionPaths: C:\Program Files\dotnet\sdk\9.0.102\Extensions\Microsoft.Diagnostics.NETCore.Client.dll
C:\Program Files\dotnet\sdk\9.0.102\Extensions\Microsoft.TestPlatform.Extensions.BlameDataCollector.dll
C:\Program Files\dotnet\sdk\9.0.102\Extensions\Microsoft.TestPlatform.Extensions.EventLogCollector.dll
C:\Program Files\dotnet\sdk\9.0.102\Extensions\Microsoft.TestPlatform.TestHostRuntimeProvider.dll
C:\Program Files\dotnet\sdk\9.0.102\Extensions\Microsoft.VisualStudio.TestPlatform.Extensions.Html.TestLogger.dll
C:\Program Files\dotnet\sdk\9.0.102\Extensions\Microsoft.VisualStudio.TestPlatform.Extensions.Trx.TestLogger.dll
TpTrace Information: 0 : 3572, 1, 2025/02/11, 18:22:33.468, 586616809084, vstest.console.dll, AssemblyResolver.AddSearchDirectories: Adding more searchDirectories C:\Program Files\dotnet\sdk\9.0.102\Extensions,C:\Program Files\dotnet\sdk\9.0.102
TpTrace Information: 0 : 3572, 1, 2025/02/11, 18:22:33.468, 586616809339, vstest.console.dll, AssemblyResolver.AddSearchDirectories: Adding more searchDirectories C:\Program Files\dotnet\sdk\9.0.102\Extensions,C:\Program Files\dotnet\sdk\9.0.102
TpTrace Information: 0 : 3572, 1, 2025/02/11, 18:22:33.468, 586616809446, vstest.console.dll, AssemblyResolver.AddSearchDirectories: Adding more searchDirectories C:\Program Files\dotnet\sdk\9.0.102\Extensions,C:\Program Files\dotnet\sdk\9.0.102
TpTrace Information: 0 : 3572, 1, 2025/02/11, 18:22:33.468, 586616809544, vstest.console.dll, AssemblyResolver.AddSearchDirectories: Adding more searchDirectories C:\Program Files\dotnet\sdk\9.0.102\Extensions,C:\Program Files\dotnet\sdk\9.0.102
TpTrace Information: 0 : 3572, 1, 2025/02/11, 18:22:33.468, 586616809665, vstest.console.dll, AssemblyResolver.AddSearchDirectories: Adding more searchDirectories C:\Program Files\dotnet\sdk\9.0.102\Extensions,C:\Program Files\dotnet\sdk\9.0.102
TpTrace Information: 0 : 3572, 1, 2025/02/11, 18:22:33.468, 586616809760, vstest.console.dll, AssemblyResolver.AddSearchDirectories: Adding more searchDirectories C:\Program Files\dotnet\sdk\9.0.102\Extensions,C:\Program Files\dotnet\sdk\9.0.102
TpTrace Information: 0 : 3572, 1, 2025/02/11, 18:22:33.468, 586616812164, vstest.console.dll, AssemblyResolver.OnResolve: Microsoft.Diagnostics.NETCore.Client: Resolving assembly.
TpTrace Information: 0 : 3572, 1, 2025/02/11, 18:22:33.469, 586616812557, vstest.console.dll, AssemblyResolver.OnResolve: Microsoft.Diagnostics.NETCore.Client: Searching in: 'C:\Program Files\dotnet\sdk\9.0.102\Extensions'.
TpTrace Information: 0 : 3572, 1, 2025/02/11, 18:22:33.474, 586616862754, vstest.console.dll, AssemblyResolver.OnResolve: Microsoft.Diagnostics.NETCore.Client: Loading assembly 'C:\Program Files\dotnet\sdk\9.0.102\Extensions\Microsoft.Diagnostics.NETCore.Client.dll'.
TpTrace Information: 0 : 3572, 1, 2025/02/11, 18:22:33.474, 586616868184, vstest.console.dll, AssemblyResolver.OnResolve: Resolved assembly: Microsoft.Diagnostics.NETCore.Client, from path: C:\Program Files\dotnet\sdk\9.0.102\Extensions\Microsoft.Diagnostics.NETCore.Client.dll
TpTrace Verbose: 0 : 3572, 1, 2025/02/11, 18:22:33.475, 586616873395, vstest.console.dll, MetadataReaderExtensionsHelper: Discovering extensions inside assembly 'Microsoft.Diagnostics.NETCore.Client, Version=0.2.10.41601, Culture=neutral, PublicKeyToken=31bf3856ad364e35' file path 'C:\Program Files\dotnet\sdk\9.0.102\Extensions\Microsoft.Diagnostics.NETCore.Client.dll'
TpTrace Information: 0 : 3572, 1, 2025/02/11, 18:22:33.478, 586616905217, vstest.console.dll, AssemblyResolver.OnResolve: Microsoft.Bcl.AsyncInterfaces: Resolving assembly.
TpTrace Information: 0 : 3572, 1, 2025/02/11, 18:22:33.478, 586616905668, vstest.console.dll, AssemblyResolver.OnResolve: Microsoft.Bcl.AsyncInterfaces: Searching in: 'C:\Program Files\dotnet\sdk\9.0.102\Extensions'.
TpTrace Information: 0 : 3572, 1, 2025/02/11, 18:22:33.478, 586616906004, vstest.console.dll, AssemblyResolver.OnResolve: Microsoft.Bcl.AsyncInterfaces: Assembly path does not exist: 'C:\Program Files\dotnet\sdk\9.0.102\Extensions\Microsoft.Bcl.AsyncInterfaces.dll', returning.
TpTrace Information: 0 : 3572, 1, 2025/02/11, 18:22:33.478, 586616906461, vstest.console.dll, AssemblyResolver.OnResolve: Microsoft.Bcl.AsyncInterfaces: Assembly path does not exist: 'C:\Program Files\dotnet\sdk\9.0.102\Extensions\Microsoft.Bcl.AsyncInterfaces.exe', returning.
TpTrace Information: 0 : 3572, 1, 2025/02/11, 18:22:33.478, 586616906610, vstest.console.dll, AssemblyResolver.OnResolve: Microsoft.Bcl.AsyncInterfaces: Searching in: 'C:\Program Files\dotnet\sdk\9.0.102'.
TpTrace Information: 0 : 3572, 1, 2025/02/11, 18:22:33.478, 586616906827, vstest.console.dll, AssemblyResolver.OnResolve: Microsoft.Bcl.AsyncInterfaces: Assembly path does not exist: 'C:\Program Files\dotnet\sdk\9.0.102\Microsoft.Bcl.AsyncInterfaces.dll', returning.
TpTrace Information: 0 : 3572, 1, 2025/02/11, 18:22:33.478, 586616906987, vstest.console.dll, AssemblyResolver.OnResolve: Microsoft.Bcl.AsyncInterfaces: Assembly path does not exist: 'C:\Program Files\dotnet\sdk\9.0.102\Microsoft.Bcl.AsyncInterfaces.exe', returning.
TpTrace Information: 0 : 3572, 1, 2025/02/11, 18:22:33.478, 586616907080, vstest.console.dll, AssemblyResolver.OnResolve: Microsoft.Bcl.AsyncInterfaces: Failed to load assembly.
TpTrace Verbose: 0 : 3572, 1, 2025/02/11, 18:22:33.478, 586616907223, vstest.console.dll, CurrentDomainAssemblyResolve: Resolving assembly 'Microsoft.Bcl.AsyncInterfaces'.
TpTrace Information: 0 : 3572, 1, 2025/02/11, 18:22:33.478, 586616907468, vstest.console.dll, AssemblyResolver.OnResolve: Microsoft.Bcl.AsyncInterfaces: Resolving assembly.
TpTrace Information: 0 : 3572, 1, 2025/02/11, 18:22:33.478, 586616907587, vstest.console.dll, AssemblyResolver.OnResolve: Microsoft.Bcl.AsyncInterfaces: Resolved from cache.
TpTrace Verbose: 0 : 3572, 1, 2025/02/11, 18:22:33.478, 586616907679, vstest.console.dll, CurrentDomainAssemblyResolve: Resolving assembly 'Microsoft.Bcl.AsyncInterfaces'.
TpTrace Verbose: 0 : 3572, 1, 2025/02/11, 18:22:33.478, 586616907810, vstest.console.dll, CurrentDomainAssemblyResolve: Failed to resolve assembly 'Microsoft.Bcl.AsyncInterfaces'.
TpTrace Verbose: 0 : 3572, 1, 2025/02/11, 18:22:33.479, 586616912508, vstest.console.dll, CurrentDomainAssemblyResolve: Failed to resolve assembly 'Microsoft.Bcl.AsyncInterfaces'.
TpTrace Warning: 0 : 3572, 1, 2025/02/11, 18:22:33.484, 586616971627, vstest.console.dll, TestPluginDiscoverer: Failed to get types from assembly 'Microsoft.Diagnostics.NETCore.Client, Version=0.2.10.41601, Culture=neutral, PublicKeyToken=31bf3856ad364e35'. Error: System.Reflection.ReflectionTypeLoadException: Unable to load one or more of the requested types.
Could not load file or assembly 'Microsoft.Bcl.AsyncInterfaces, Version=6.0.0.0, Culture=neutral, PublicKeyToken=cc7b13ffcd2ddd51'. Не удается найти указанный файл.
   at System.Reflection.RuntimeModule.GetDefinedTypes()
   at System.Reflection.RuntimeModule.GetTypes()
   at Microsoft.VisualStudio.TestPlatform.Common.ExtensionFramework.TestPluginDiscoverer.GetTestExtensionsFromAssembly[TPluginInfo,TExtension](Assembly assembly, Dictionary`2 pluginInfos, String filePath) in /_/src/Microsoft.TestPlatform.Common/ExtensionFramework/TestPluginDiscoverer.cs:line 159
System.IO.FileNotFoundException: Could not load file or assembly 'Microsoft.Bcl.AsyncInterfaces, Version=6.0.0.0, Culture=neutral, PublicKeyToken=cc7b13ffcd2ddd51'. Не удается найти указанный файл.
File name: 'Microsoft.Bcl.AsyncInterfaces, Version=6.0.0.0, Culture=neutral, PublicKeyToken=cc7b13ffcd2ddd51'
 ---> System.IO.FileNotFoundException: Could not load file or assembly 'Microsoft.Bcl.AsyncInterfaces, Culture=neutral, PublicKeyToken=null'. Не удается найти указанный файл.
File name: 'Microsoft.Bcl.AsyncInterfaces, Culture=neutral, PublicKeyToken=null'
   at System.Reflection.RuntimeAssembly.InternalLoad(AssemblyName assemblyName, StackCrawlMark& stackMark, AssemblyLoadContext assemblyLoadContext, RuntimeAssembly requestingAssembly, Boolean throwOnFileNotFound)
   at System.Reflection.Assembly.Load(AssemblyName assemblyRef)
   at Microsoft.VisualStudio.TestPlatform.Common.ExtensionFramework.TestPluginCache.CurrentDomainAssemblyResolve(Object sender, AssemblyResolveEventArgs args) in /_/src/Microsoft.TestPlatform.Common/ExtensionFramework/TestPluginCache.cs:line 514
   at System.Runtime.Loader.AssemblyLoadContext.GetFirstResolvedAssemblyFromResolvingEvent(AssemblyName assemblyName)
   at System.Runtime.Loader.AssemblyLoadContext.ResolveUsingEvent(AssemblyName assemblyName)
   at System.Runtime.Loader.AssemblyLoadContext.ResolveUsingResolvingEvent(IntPtr gchManagedAssemblyLoadContext, AssemblyName assemblyName)
TpTrace Warning: 0 : 3572, 1, 2025/02/11, 18:22:33.485, 586616973065, vstest.console.dll, LoaderExceptions: System.IO.FileNotFoundException: Could not load file or assembly 'Microsoft.Bcl.AsyncInterfaces, Version=6.0.0.0, Culture=neutral, PublicKeyToken=cc7b13ffcd2ddd51'. Не удается найти указанный файл.
File name: 'Microsoft.Bcl.AsyncInterfaces, Version=6.0.0.0, Culture=neutral, PublicKeyToken=cc7b13ffcd2ddd51'
 ---> System.IO.FileNotFoundException: Could not load file or assembly 'Microsoft.Bcl.AsyncInterfaces, Culture=neutral, PublicKeyToken=null'. Не удается найти указанный файл.
File name: 'Microsoft.Bcl.AsyncInterfaces, Culture=neutral, PublicKeyToken=null'
   at System.Reflection.RuntimeAssembly.InternalLoad(AssemblyName assemblyName, StackCrawlMark& stackMark, AssemblyLoadContext assemblyLoadContext, RuntimeAssembly requestingAssembly, Boolean throwOnFileNotFound)
   at System.Reflection.Assembly.Load(AssemblyName assemblyRef)
   at Microsoft.VisualStudio.TestPlatform.Common.ExtensionFramework.TestPluginCache.CurrentDomainAssemblyResolve(Object sender, AssemblyResolveEventArgs args) in /_/src/Microsoft.TestPlatform.Common/ExtensionFramework/TestPluginCache.cs:line 514
   at System.Runtime.Loader.AssemblyLoadContext.GetFirstResolvedAssemblyFromResolvingEvent(AssemblyName assemblyName)
   at System.Runtime.Loader.AssemblyLoadContext.ResolveUsingEvent(AssemblyName assemblyName)
   at System.Runtime.Loader.AssemblyLoadContext.ResolveUsingResolvingEvent(IntPtr gchManagedAssemblyLoadContext, AssemblyName assemblyName)
TpTrace Information: 0 : 3572, 1, 2025/02/11, 18:22:33.485, 586616973873, vstest.console.dll, AssemblyResolver.OnResolve: Microsoft.TestPlatform.Extensions.BlameDataCollector: Resolving assembly.
TpTrace Information: 0 : 3572, 1, 2025/02/11, 18:22:33.485, 586616974174, vstest.console.dll, AssemblyResolver.OnResolve: Microsoft.TestPlatform.Extensions.BlameDataCollector: Searching in: 'C:\Program Files\dotnet\sdk\9.0.102\Extensions'.
TpTrace Information: 0 : 3572, 1, 2025/02/11, 18:22:33.485, 586616976735, vstest.console.dll, AssemblyResolver.OnResolve: Microsoft.TestPlatform.Extensions.BlameDataCollector: Loading assembly 'C:\Program Files\dotnet\sdk\9.0.102\Extensions\Microsoft.TestPlatform.Extensions.BlameDataCollector.dll'.
TpTrace Information: 0 : 3572, 1, 2025/02/11, 18:22:33.485, 586616982016, vstest.console.dll, AssemblyResolver.OnResolve: Resolved assembly: Microsoft.TestPlatform.Extensions.BlameDataCollector, from path: C:\Program Files\dotnet\sdk\9.0.102\Extensions\Microsoft.TestPlatform.Extensions.BlameDataCollector.dll
TpTrace Verbose: 0 : 3572, 1, 2025/02/11, 18:22:33.486, 586616982555, vstest.console.dll, MetadataReaderExtensionsHelper: Discovering extensions inside assembly 'Microsoft.TestPlatform.Extensions.BlameDataCollector, Version=15.0.0.0, Culture=neutral, PublicKeyToken=b03f5f7f11d50a3a' file path 'C:\Program Files\dotnet\sdk\9.0.102\Extensions\Microsoft.TestPlatform.Extensions.BlameDataCollector.dll'
TpTrace Information: 0 : 3572, 1, 2025/02/11, 18:22:33.486, 586616990727, vstest.console.dll, AssemblyResolver.OnResolve: Microsoft.TestPlatform.Extensions.EventLogCollector: Resolving assembly.
TpTrace Information: 0 : 3572, 1, 2025/02/11, 18:22:33.486, 586616991095, vstest.console.dll, AssemblyResolver.OnResolve: Microsoft.TestPlatform.Extensions.EventLogCollector: Searching in: 'C:\Program Files\dotnet\sdk\9.0.102\Extensions'.
TpTrace Information: 0 : 3572, 1, 2025/02/11, 18:22:33.487, 586616994154, vstest.console.dll, AssemblyResolver.OnResolve: Microsoft.TestPlatform.Extensions.EventLogCollector: Loading assembly 'C:\Program Files\dotnet\sdk\9.0.102\Extensions\Microsoft.TestPlatform.Extensions.EventLogCollector.dll'.
TpTrace Information: 0 : 3572, 1, 2025/02/11, 18:22:33.487, 586616996619, vstest.console.dll, AssemblyResolver.OnResolve: Resolved assembly: Microsoft.TestPlatform.Extensions.EventLogCollector, from path: C:\Program Files\dotnet\sdk\9.0.102\Extensions\Microsoft.TestPlatform.Extensions.EventLogCollector.dll
TpTrace Verbose: 0 : 3572, 1, 2025/02/11, 18:22:33.487, 586616996976, vstest.console.dll, MetadataReaderExtensionsHelper: Discovering extensions inside assembly 'Microsoft.TestPlatform.Extensions.EventLogCollector, Version=15.0.0.0, Culture=neutral, PublicKeyToken=b03f5f7f11d50a3a' file path 'C:\Program Files\dotnet\sdk\9.0.102\Extensions\Microsoft.TestPlatform.Extensions.EventLogCollector.dll'
TpTrace Information: 0 : 3572, 1, 2025/02/11, 18:22:33.488, 586617008981, vstest.console.dll, AssemblyResolver.OnResolve: Microsoft.TestPlatform.TestHostRuntimeProvider: Resolving assembly.
TpTrace Information: 0 : 3572, 1, 2025/02/11, 18:22:33.488, 586617009340, vstest.console.dll, AssemblyResolver.OnResolve: Microsoft.TestPlatform.TestHostRuntimeProvider: Searching in: 'C:\Program Files\dotnet\sdk\9.0.102\Extensions'.
TpTrace Information: 0 : 3572, 1, 2025/02/11, 18:22:33.488, 586617011985, vstest.console.dll, AssemblyResolver.OnResolve: Microsoft.TestPlatform.TestHostRuntimeProvider: Loading assembly 'C:\Program Files\dotnet\sdk\9.0.102\Extensions\Microsoft.TestPlatform.TestHostRuntimeProvider.dll'.
TpTrace Information: 0 : 3572, 1, 2025/02/11, 18:22:33.489, 586617015929, vstest.console.dll, AssemblyResolver.OnResolve: Resolved assembly: Microsoft.TestPlatform.TestHostRuntimeProvider, from path: C:\Program Files\dotnet\sdk\9.0.102\Extensions\Microsoft.TestPlatform.TestHostRuntimeProvider.dll
TpTrace Verbose: 0 : 3572, 1, 2025/02/11, 18:22:33.489, 586617016324, vstest.console.dll, MetadataReaderExtensionsHelper: Discovering extensions inside assembly 'Microsoft.TestPlatform.TestHostRuntimeProvider, Version=15.0.0.0, Culture=neutral, PublicKeyToken=b03f5f7f11d50a3a' file path 'C:\Program Files\dotnet\sdk\9.0.102\Extensions\Microsoft.TestPlatform.TestHostRuntimeProvider.dll'
TpTrace Information: 0 : 3572, 1, 2025/02/11, 18:22:33.490, 586617025028, vstest.console.dll, GetTestExtensionFromType: Register extension with identifier data 'HostProvider://DefaultTestHost' and type 'Microsoft.VisualStudio.TestPlatform.CrossPlatEngine.Hosting.DefaultTestHostManager, Microsoft.TestPlatform.TestHostRuntimeProvider, Version=15.0.0.0, Culture=neutral, PublicKeyToken=b03f5f7f11d50a3a' inside file 'C:\Program Files\dotnet\sdk\9.0.102\Extensions\Microsoft.TestPlatform.TestHostRuntimeProvider.dll'
TpTrace Information: 0 : 3572, 1, 2025/02/11, 18:22:33.490, 586617026636, vstest.console.dll, GetTestExtensionFromType: Register extension with identifier data 'HostProvider://DotnetTestHost' and type 'Microsoft.VisualStudio.TestPlatform.CrossPlatEngine.Hosting.DotnetTestHostManager, Microsoft.TestPlatform.TestHostRuntimeProvider, Version=15.0.0.0, Culture=neutral, PublicKeyToken=b03f5f7f11d50a3a' inside file 'C:\Program Files\dotnet\sdk\9.0.102\Extensions\Microsoft.TestPlatform.TestHostRuntimeProvider.dll'
TpTrace Information: 0 : 3572, 1, 2025/02/11, 18:22:33.490, 586617027027, vstest.console.dll, AssemblyResolver.OnResolve: Microsoft.VisualStudio.TestPlatform.Extensions.Html.TestLogger: Resolving assembly.
TpTrace Information: 0 : 3572, 1, 2025/02/11, 18:22:33.490, 586617027195, vstest.console.dll, AssemblyResolver.OnResolve: Microsoft.VisualStudio.TestPlatform.Extensions.Html.TestLogger: Searching in: 'C:\Program Files\dotnet\sdk\9.0.102\Extensions'.
TpTrace Information: 0 : 3572, 1, 2025/02/11, 18:22:33.490, 586617029776, vstest.console.dll, AssemblyResolver.OnResolve: Microsoft.VisualStudio.TestPlatform.Extensions.Html.TestLogger: Loading assembly 'C:\Program Files\dotnet\sdk\9.0.102\Extensions\Microsoft.VisualStudio.TestPlatform.Extensions.Html.TestLogger.dll'.
TpTrace Information: 0 : 3572, 1, 2025/02/11, 18:22:33.491, 586617033668, vstest.console.dll, AssemblyResolver.OnResolve: Resolved assembly: Microsoft.VisualStudio.TestPlatform.Extensions.Html.TestLogger, from path: C:\Program Files\dotnet\sdk\9.0.102\Extensions\Microsoft.VisualStudio.TestPlatform.Extensions.Html.TestLogger.dll
TpTrace Verbose: 0 : 3572, 1, 2025/02/11, 18:22:33.491, 586617034051, vstest.console.dll, MetadataReaderExtensionsHelper: Discovering extensions inside assembly 'Microsoft.VisualStudio.TestPlatform.Extensions.Html.TestLogger, Version=15.0.0.0, Culture=neutral, PublicKeyToken=b03f5f7f11d50a3a' file path 'C:\Program Files\dotnet\sdk\9.0.102\Extensions\Microsoft.VisualStudio.TestPlatform.Extensions.Html.TestLogger.dll'
TpTrace Information: 0 : 3572, 1, 2025/02/11, 18:22:33.491, 586617040412, vstest.console.dll, AssemblyResolver.OnResolve: Microsoft.VisualStudio.TestPlatform.Extensions.Trx.TestLogger: Resolving assembly.
TpTrace Information: 0 : 3572, 1, 2025/02/11, 18:22:33.491, 586617040741, vstest.console.dll, AssemblyResolver.OnResolve: Microsoft.VisualStudio.TestPlatform.Extensions.Trx.TestLogger: Searching in: 'C:\Program Files\dotnet\sdk\9.0.102\Extensions'.
TpTrace Information: 0 : 3572, 1, 2025/02/11, 18:22:33.492, 586617043200, vstest.console.dll, AssemblyResolver.OnResolve: Microsoft.VisualStudio.TestPlatform.Extensions.Trx.TestLogger: Loading assembly 'C:\Program Files\dotnet\sdk\9.0.102\Extensions\Microsoft.VisualStudio.TestPlatform.Extensions.Trx.TestLogger.dll'.
TpTrace Information: 0 : 3572, 1, 2025/02/11, 18:22:33.492, 586617049766, vstest.console.dll, AssemblyResolver.OnResolve: Resolved assembly: Microsoft.VisualStudio.TestPlatform.Extensions.Trx.TestLogger, from path: C:\Program Files\dotnet\sdk\9.0.102\Extensions\Microsoft.VisualStudio.TestPlatform.Extensions.Trx.TestLogger.dll
TpTrace Verbose: 0 : 3572, 1, 2025/02/11, 18:22:33.492, 586617050391, vstest.console.dll, MetadataReaderExtensionsHelper: Discovering extensions inside assembly 'Microsoft.VisualStudio.TestPlatform.Extensions.Trx.TestLogger, Version=15.0.0.0, Culture=neutral, PublicKeyToken=b03f5f7f11d50a3a' file path 'C:\Program Files\dotnet\sdk\9.0.102\Extensions\Microsoft.VisualStudio.TestPlatform.Extensions.Trx.TestLogger.dll'
TpTrace Verbose: 0 : 3572, 1, 2025/02/11, 18:22:33.493, 586617057273, vstest.console.dll, TestPluginCache: Discovered the extensions using extension path ''.
TpTrace Verbose: 0 : 3572, 1, 2025/02/11, 18:22:33.493, 586617057689, vstest.console.dll, TestPluginCache: Discoverers are ''.
TpTrace Verbose: 0 : 3572, 1, 2025/02/11, 18:22:33.493, 586617057791, vstest.console.dll, TestPluginCache: Executors are ''.
TpTrace Verbose: 0 : 3572, 1, 2025/02/11, 18:22:33.493, 586617057880, vstest.console.dll, TestPluginCache: Executors2 are ''.
TpTrace Verbose: 0 : 3572, 1, 2025/02/11, 18:22:33.493, 586617057964, vstest.console.dll, TestPluginCache: Setting providers are ''.
TpTrace Verbose: 0 : 3572, 1, 2025/02/11, 18:22:33.493, 586617058052, vstest.console.dll, TestPluginCache: Loggers are ''.
TpTrace Verbose: 0 : 3572, 1, 2025/02/11, 18:22:33.493, 586617058386, vstest.console.dll, TestPluginCache: TestHosts are 'HostProvider://DefaultTestHost,HostProvider://DotnetTestHost'.
TpTrace Verbose: 0 : 3572, 1, 2025/02/11, 18:22:33.493, 586617058485, vstest.console.dll, TestPluginCache: DataCollectors are ''.
TpTrace Information: 0 : 3572, 1, 2025/02/11, 18:22:33.501, 586617135567, vstest.console.dll, RunTestsArgumentProcessor:Execute: Test run is starting.
TpTrace Verbose: 0 : 3572, 1, 2025/02/11, 18:22:33.501, 586617135987, vstest.console.dll, RunTestsArgumentProcessor:Execute: Queuing Test run.
TpTrace Information: 0 : 3572, 1, 2025/02/11, 18:22:33.501, 586617137163, vstest.console.dll, TestRequestManager.RunTests: run tests started.
TpTrace Information: 0 : 3572, 1, 2025/02/11, 18:22:33.525, 586617376917, vstest.console.dll, AssemblyMetadataProvider.GetFrameworkName: Determined framework:'.NETCoreApp,Version=v8.0' for source: 'D:\C# проекты\KPO\MiniDZ1Tests\bin\Debug\net8.0\fine-code-coverage\build-output\MiniDZ1Tests.dll'
TpTrace Information: 0 : 3572, 1, 2025/02/11, 18:22:33.525, 586617378251, vstest.console.dll, Determined framework for all sources: .NETCoreApp,Version=v8.0
TpTrace Verbose: 0 : 3572, 1, 2025/02/11, 18:22:33.525, 586617380757, vstest.console.dll, TestRequestManager.UpdateRunSettingsIfRequired: Default architecture: X64 IsDefaultTargetArchitecture: True, Current process architecture: X64 OperatingSystem: Windows.
TpTrace Information: 0 : 3572, 1, 2025/02/11, 18:22:33.526, 586617390732, vstest.console.dll, AssemblyMetadataProvider.GetArchitecture: Determined architecture:AnyCPU info for assembly: D:\C# проекты\KPO\MiniDZ1Tests\bin\Debug\net8.0\fine-code-coverage\build-output\MiniDZ1Tests.dll
TpTrace Information: 0 : 3572, 1, 2025/02/11, 18:22:33.526, 586617391152, vstest.console.dll, Determined platform for source 'D:\C# проекты\KPO\MiniDZ1Tests\bin\Debug\net8.0\fine-code-coverage\build-output\MiniDZ1Tests.dll' was AnyCPU and it will use the default plaform X64.
TpTrace Information: 0 : 3572, 1, 2025/02/11, 18:22:33.526, 586617391274, vstest.console.dll, None of the sources provided any runnable platform, using the default platform: X64
TpTrace Information: 0 : 3572, 1, 2025/02/11, 18:22:33.526, 586617391708, vstest.console.dll, Platform was updated to 'X64'.
TpTrace Information: 0 : 3572, 1, 2025/02/11, 18:22:33.528, 586617407607, vstest.console.dll, InferRunSettingsHelper.IsTestSettingsEnabled: Unable to navigate to RunSettings/MSTest. Current node: RunSettings
TpTrace Information: 0 : 3572, 1, 2025/02/11, 18:22:33.528, 586617411016, vstest.console.dll, AssemblyResolver.OnResolve: Microsoft.VisualStudio.TestPlatform.Fakes: Resolving assembly.
TpTrace Information: 0 : 3572, 1, 2025/02/11, 18:22:33.528, 586617411443, vstest.console.dll, AssemblyResolver.OnResolve: Microsoft.VisualStudio.TestPlatform.Fakes: Searching in: 'C:\Program Files\dotnet\sdk\9.0.102\Extensions'.
TpTrace Information: 0 : 3572, 1, 2025/02/11, 18:22:33.528, 586617411846, vstest.console.dll, AssemblyResolver.OnResolve: Microsoft.VisualStudio.TestPlatform.Fakes: Assembly path does not exist: 'C:\Program Files\dotnet\sdk\9.0.102\Extensions\Microsoft.VisualStudio.TestPlatform.Fakes.dll', returning.
TpTrace Information: 0 : 3572, 1, 2025/02/11, 18:22:33.528, 586617412033, vstest.console.dll, AssemblyResolver.OnResolve: Microsoft.VisualStudio.TestPlatform.Fakes: Assembly path does not exist: 'C:\Program Files\dotnet\sdk\9.0.102\Extensions\Microsoft.VisualStudio.TestPlatform.Fakes.exe', returning.
TpTrace Information: 0 : 3572, 1, 2025/02/11, 18:22:33.528, 586617412149, vstest.console.dll, AssemblyResolver.OnResolve: Microsoft.VisualStudio.TestPlatform.Fakes: Searching in: 'C:\Program Files\dotnet\sdk\9.0.102'.
TpTrace Information: 0 : 3572, 1, 2025/02/11, 18:22:33.529, 586617412368, vstest.console.dll, AssemblyResolver.OnResolve: Microsoft.VisualStudio.TestPlatform.Fakes: Assembly path does not exist: 'C:\Program Files\dotnet\sdk\9.0.102\Microsoft.VisualStudio.TestPlatform.Fakes.dll', returning.
TpTrace Information: 0 : 3572, 1, 2025/02/11, 18:22:33.529, 586617412535, vstest.console.dll, AssemblyResolver.OnResolve: Microsoft.VisualStudio.TestPlatform.Fakes: Assembly path does not exist: 'C:\Program Files\dotnet\sdk\9.0.102\Microsoft.VisualStudio.TestPlatform.Fakes.exe', returning.
TpTrace Information: 0 : 3572, 1, 2025/02/11, 18:22:33.529, 586617412631, vstest.console.dll, AssemblyResolver.OnResolve: Microsoft.VisualStudio.TestPlatform.Fakes: Failed to load assembly.
TpTrace Information: 0 : 3572, 1, 2025/02/11, 18:22:33.529, 586617414194, vstest.console.dll, Failed to load assembly Microsoft.VisualStudio.TestPlatform.Fakes, Version=17.0.0.0, Culture=neutral. Reason:System.IO.FileNotFoundException: Could not load file or assembly 'Microsoft.VisualStudio.TestPlatform.Fakes, Version=17.0.0.0, Culture=neutral, PublicKeyToken=null'. Не удается найти указанный файл.
File name: 'Microsoft.VisualStudio.TestPlatform.Fakes, Version=17.0.0.0, Culture=neutral, PublicKeyToken=null'
   at System.Reflection.RuntimeAssembly.InternalLoad(AssemblyName assemblyName, StackCrawlMark& stackMark, AssemblyLoadContext assemblyLoadContext, RuntimeAssembly requestingAssembly, Boolean throwOnFileNotFound)
   at System.Reflection.Assembly.Load(AssemblyName assemblyRef)
   at Microsoft.VisualStudio.TestPlatform.Common.Utilities.FakesUtilities.LoadTestPlatformAssembly() in /_/src/Microsoft.TestPlatform.Common/Utilities/FakesUtilities.cs:line 273
TpTrace Verbose: 0 : 3572, 1, 2025/02/11, 18:22:33.531, 586617432753, vstest.console.dll, TestPluginCache.DiscoverTestExtensions: finding test extensions in assemblies ends with: TestLogger.dll TPluginInfo: Microsoft.VisualStudio.TestPlatform.Common.ExtensionFramework.Utilities.TestLoggerPluginInformation TExtension: Microsoft.VisualStudio.TestPlatform.ObjectModel.Client.ITestLogger
TpTrace Verbose: 0 : 3572, 1, 2025/02/11, 18:22:33.531, 586617433174, vstest.console.dll, TestPluginCache.GetExtensionPaths: Filtered extension paths: 
TpTrace Verbose: 0 : 3572, 1, 2025/02/11, 18:22:33.531, 586617433324, vstest.console.dll, TestPluginCache.GetExtensionPaths: Added default extension paths: C:\Program Files\dotnet\sdk\9.0.102\Extensions\Microsoft.Diagnostics.NETCore.Client.dll
C:\Program Files\dotnet\sdk\9.0.102\Extensions\Microsoft.TestPlatform.Extensions.BlameDataCollector.dll
C:\Program Files\dotnet\sdk\9.0.102\Extensions\Microsoft.TestPlatform.Extensions.EventLogCollector.dll
C:\Program Files\dotnet\sdk\9.0.102\Extensions\Microsoft.TestPlatform.TestHostRuntimeProvider.dll
C:\Program Files\dotnet\sdk\9.0.102\Extensions\Microsoft.VisualStudio.TestPlatform.Extensions.Html.TestLogger.dll
C:\Program Files\dotnet\sdk\9.0.102\Extensions\Microsoft.VisualStudio.TestPlatform.Extensions.Trx.TestLogger.dll
TpTrace Verbose: 0 : 3572, 1, 2025/02/11, 18:22:33.531, 586617433430, vstest.console.dll, TestPluginCache.GetExtensionPaths: Added unfilterableExtensionPaths: 
TpTrace Information: 0 : 3572, 1, 2025/02/11, 18:22:33.531, 586617433959, vstest.console.dll, AssemblyResolver.AddSearchDirectories: Adding more searchDirectories C:\Program Files\dotnet\sdk\9.0.102\Extensions,C:\Program Files\dotnet\sdk\9.0.102
TpTrace Verbose: 0 : 3572, 1, 2025/02/11, 18:22:33.531, 586617434108, vstest.console.dll, TestPluginCache.DiscoverTestExtensions: Discovering the extensions using extension path.
TpTrace Verbose: 0 : 3572, 1, 2025/02/11, 18:22:33.531, 586617434236, vstest.console.dll, TestPluginCache.GetExtensionPaths: Filtered extension paths: 
TpTrace Verbose: 0 : 3572, 1, 2025/02/11, 18:22:33.531, 586617434354, vstest.console.dll, TestPluginCache.GetExtensionPaths: Added default extension paths: C:\Program Files\dotnet\sdk\9.0.102\Extensions\Microsoft.Diagnostics.NETCore.Client.dll
C:\Program Files\dotnet\sdk\9.0.102\Extensions\Microsoft.TestPlatform.Extensions.BlameDataCollector.dll
C:\Program Files\dotnet\sdk\9.0.102\Extensions\Microsoft.TestPlatform.Extensions.EventLogCollector.dll
C:\Program Files\dotnet\sdk\9.0.102\Extensions\Microsoft.TestPlatform.TestHostRuntimeProvider.dll
C:\Program Files\dotnet\sdk\9.0.102\Extensions\Microsoft.VisualStudio.TestPlatform.Extensions.Html.TestLogger.dll
C:\Program Files\dotnet\sdk\9.0.102\Extensions\Microsoft.VisualStudio.TestPlatform.Extensions.Trx.TestLogger.dll
TpTrace Verbose: 0 : 3572, 1, 2025/02/11, 18:22:33.531, 586617434452, vstest.console.dll, TestPluginCache.GetExtensionPaths: Added unfilterableExtensionPaths: 
TpTrace Verbose: 0 : 3572, 1, 2025/02/11, 18:22:33.531, 586617434573, vstest.console.dll, TestPluginCache.DiscoverTestExtensions: Discovering the extensions using allExtensionPaths: C:\Program Files\dotnet\sdk\9.0.102\Extensions\Microsoft.Diagnostics.NETCore.Client.dll
C:\Program Files\dotnet\sdk\9.0.102\Extensions\Microsoft.TestPlatform.Extensions.BlameDataCollector.dll
C:\Program Files\dotnet\sdk\9.0.102\Extensions\Microsoft.TestPlatform.Extensions.EventLogCollector.dll
C:\Program Files\dotnet\sdk\9.0.102\Extensions\Microsoft.TestPlatform.TestHostRuntimeProvider.dll
C:\Program Files\dotnet\sdk\9.0.102\Extensions\Microsoft.VisualStudio.TestPlatform.Extensions.Html.TestLogger.dll
C:\Program Files\dotnet\sdk\9.0.102\Extensions\Microsoft.VisualStudio.TestPlatform.Extensions.Trx.TestLogger.dll
TpTrace Information: 0 : 3572, 1, 2025/02/11, 18:22:33.531, 586617435055, vstest.console.dll, AssemblyResolver.AddSearchDirectories: Adding more searchDirectories C:\Program Files\dotnet\sdk\9.0.102\Extensions,C:\Program Files\dotnet\sdk\9.0.102
TpTrace Information: 0 : 3572, 1, 2025/02/11, 18:22:33.531, 586617435171, vstest.console.dll, AssemblyResolver.AddSearchDirectories: Adding more searchDirectories C:\Program Files\dotnet\sdk\9.0.102\Extensions,C:\Program Files\dotnet\sdk\9.0.102
TpTrace Information: 0 : 3572, 1, 2025/02/11, 18:22:33.531, 586617435284, vstest.console.dll, AssemblyResolver.AddSearchDirectories: Adding more searchDirectories C:\Program Files\dotnet\sdk\9.0.102\Extensions,C:\Program Files\dotnet\sdk\9.0.102
TpTrace Information: 0 : 3572, 1, 2025/02/11, 18:22:33.531, 586617435379, vstest.console.dll, AssemblyResolver.AddSearchDirectories: Adding more searchDirectories C:\Program Files\dotnet\sdk\9.0.102\Extensions,C:\Program Files\dotnet\sdk\9.0.102
TpTrace Information: 0 : 3572, 1, 2025/02/11, 18:22:33.531, 586617435473, vstest.console.dll, AssemblyResolver.AddSearchDirectories: Adding more searchDirectories C:\Program Files\dotnet\sdk\9.0.102\Extensions,C:\Program Files\dotnet\sdk\9.0.102
TpTrace Information: 0 : 3572, 1, 2025/02/11, 18:22:33.531, 586617435626, vstest.console.dll, AssemblyResolver.AddSearchDirectories: Adding more searchDirectories C:\Program Files\dotnet\sdk\9.0.102\Extensions,C:\Program Files\dotnet\sdk\9.0.102
TpTrace Verbose: 0 : 3572, 1, 2025/02/11, 18:22:33.531, 586617436081, vstest.console.dll, MetadataReaderExtensionsHelper: Discovering extensions inside assembly 'Microsoft.Diagnostics.NETCore.Client, Version=0.2.10.41601, Culture=neutral, PublicKeyToken=31bf3856ad364e35' file path 'C:\Program Files\dotnet\sdk\9.0.102\Extensions\Microsoft.Diagnostics.NETCore.Client.dll'
TpTrace Information: 0 : 3572, 1, 2025/02/11, 18:22:33.532, 586617443775, vstest.console.dll, AssemblyResolver.OnResolve: Microsoft.Bcl.AsyncInterfaces: Resolving assembly.
TpTrace Information: 0 : 3572, 1, 2025/02/11, 18:22:33.532, 586617444085, vstest.console.dll, AssemblyResolver.OnResolve: Microsoft.Bcl.AsyncInterfaces: Resolved from cache.
TpTrace Verbose: 0 : 3572, 1, 2025/02/11, 18:22:33.532, 586617444207, vstest.console.dll, CurrentDomainAssemblyResolve: Resolving assembly 'Microsoft.Bcl.AsyncInterfaces'.
TpTrace Information: 0 : 3572, 1, 2025/02/11, 18:22:33.532, 586617444391, vstest.console.dll, AssemblyResolver.OnResolve: Microsoft.Bcl.AsyncInterfaces: Resolving assembly.
TpTrace Information: 0 : 3572, 1, 2025/02/11, 18:22:33.532, 586617444488, vstest.console.dll, AssemblyResolver.OnResolve: Microsoft.Bcl.AsyncInterfaces: Resolved from cache.
TpTrace Verbose: 0 : 3572, 1, 2025/02/11, 18:22:33.532, 586617444609, vstest.console.dll, CurrentDomainAssemblyResolve: Resolving assembly 'Microsoft.Bcl.AsyncInterfaces'.
TpTrace Verbose: 0 : 3572, 1, 2025/02/11, 18:22:33.532, 586617444702, vstest.console.dll, CurrentDomainAssemblyResolve: Failed to resolve assembly 'Microsoft.Bcl.AsyncInterfaces'.
TpTrace Verbose: 0 : 3572, 1, 2025/02/11, 18:22:33.532, 586617445304, vstest.console.dll, CurrentDomainAssemblyResolve: Failed to resolve assembly 'Microsoft.Bcl.AsyncInterfaces'.
TpTrace Warning: 0 : 3572, 1, 2025/02/11, 18:22:33.532, 586617446992, vstest.console.dll, TestPluginDiscoverer: Failed to get types from assembly 'Microsoft.Diagnostics.NETCore.Client, Version=0.2.10.41601, Culture=neutral, PublicKeyToken=31bf3856ad364e35'. Error: System.Reflection.ReflectionTypeLoadException: Unable to load one or more of the requested types.
Could not load file or assembly 'Microsoft.Bcl.AsyncInterfaces, Version=6.0.0.0, Culture=neutral, PublicKeyToken=cc7b13ffcd2ddd51'. Не удается найти указанный файл.
   at System.Reflection.RuntimeModule.GetDefinedTypes()
   at System.Reflection.RuntimeModule.GetTypes()
   at Microsoft.VisualStudio.TestPlatform.Common.ExtensionFramework.TestPluginDiscoverer.GetTestExtensionsFromAssembly[TPluginInfo,TExtension](Assembly assembly, Dictionary`2 pluginInfos, String filePath) in /_/src/Microsoft.TestPlatform.Common/ExtensionFramework/TestPluginDiscoverer.cs:line 159
System.IO.FileNotFoundException: Could not load file or assembly 'Microsoft.Bcl.AsyncInterfaces, Version=6.0.0.0, Culture=neutral, PublicKeyToken=cc7b13ffcd2ddd51'. Не удается найти указанный файл.
File name: 'Microsoft.Bcl.AsyncInterfaces, Version=6.0.0.0, Culture=neutral, PublicKeyToken=cc7b13ffcd2ddd51'
 ---> System.IO.FileNotFoundException: Could not load file or assembly 'Microsoft.Bcl.AsyncInterfaces, Culture=neutral, PublicKeyToken=null'. Не удается найти указанный файл.
File name: 'Microsoft.Bcl.AsyncInterfaces, Culture=neutral, PublicKeyToken=null'
   at System.Reflection.RuntimeAssembly.InternalLoad(AssemblyName assemblyName, StackCrawlMark& stackMark, AssemblyLoadContext assemblyLoadContext, RuntimeAssembly requestingAssembly, Boolean throwOnFileNotFound)
   at System.Reflection.Assembly.Load(AssemblyName assemblyRef)
   at Microsoft.VisualStudio.TestPlatform.Common.ExtensionFramework.TestPluginCache.CurrentDomainAssemblyResolve(Object sender, AssemblyResolveEventArgs args) in /_/src/Microsoft.TestPlatform.Common/ExtensionFramework/TestPluginCache.cs:line 514
   at System.Runtime.Loader.AssemblyLoadContext.GetFirstResolvedAssemblyFromResolvingEvent(AssemblyName assemblyName)
   at System.Runtime.Loader.AssemblyLoadContext.ResolveUsingEvent(AssemblyName assemblyName)
   at System.Runtime.Loader.AssemblyLoadContext.ResolveUsingResolvingEvent(IntPtr gchManagedAssemblyLoadContext, AssemblyName assemblyName)
TpTrace Warning: 0 : 3572, 1, 2025/02/11, 18:22:33.532, 586617447723, vstest.console.dll, LoaderExceptions: System.IO.FileNotFoundException: Could not load file or assembly 'Microsoft.Bcl.AsyncInterfaces, Version=6.0.0.0, Culture=neutral, PublicKeyToken=cc7b13ffcd2ddd51'. Не удается найти указанный файл.
File name: 'Microsoft.Bcl.AsyncInterfaces, Version=6.0.0.0, Culture=neutral, PublicKeyToken=cc7b13ffcd2ddd51'
 ---> System.IO.FileNotFoundException: Could not load file or assembly 'Microsoft.Bcl.AsyncInterfaces, Culture=neutral, PublicKeyToken=null'. Не удается найти указанный файл.
File name: 'Microsoft.Bcl.AsyncInterfaces, Culture=neutral, PublicKeyToken=null'
   at System.Reflection.RuntimeAssembly.InternalLoad(AssemblyName assemblyName, StackCrawlMark& stackMark, AssemblyLoadContext assemblyLoadContext, RuntimeAssembly requestingAssembly, Boolean throwOnFileNotFound)
   at System.Reflection.Assembly.Load(AssemblyName assemblyRef)
   at Microsoft.VisualStudio.TestPlatform.Common.ExtensionFramework.TestPluginCache.CurrentDomainAssemblyResolve(Object sender, AssemblyResolveEventArgs args) in /_/src/Microsoft.TestPlatform.Common/ExtensionFramework/TestPluginCache.cs:line 514
   at System.Runtime.Loader.AssemblyLoadContext.GetFirstResolvedAssemblyFromResolvingEvent(AssemblyName assemblyName)
   at System.Runtime.Loader.AssemblyLoadContext.ResolveUsingEvent(AssemblyName assemblyName)
   at System.Runtime.Loader.AssemblyLoadContext.ResolveUsingResolvingEvent(IntPtr gchManagedAssemblyLoadContext, AssemblyName assemblyName)
TpTrace Verbose: 0 : 3572, 1, 2025/02/11, 18:22:33.532, 586617448021, vstest.console.dll, MetadataReaderExtensionsHelper: Discovering extensions inside assembly 'Microsoft.TestPlatform.Extensions.BlameDataCollector, Version=15.0.0.0, Culture=neutral, PublicKeyToken=b03f5f7f11d50a3a' file path 'C:\Program Files\dotnet\sdk\9.0.102\Extensions\Microsoft.TestPlatform.Extensions.BlameDataCollector.dll'
TpTrace Information: 0 : 3572, 1, 2025/02/11, 18:22:33.533, 586617453971, vstest.console.dll, GetTestExtensionFromType: Register extension with identifier data 'logger://Microsoft/TestPlatform/Extensions/Blame/v1' and type 'Microsoft.TestPlatform.Extensions.BlameDataCollector.BlameLogger, Microsoft.TestPlatform.Extensions.BlameDataCollector, Version=15.0.0.0, Culture=neutral, PublicKeyToken=b03f5f7f11d50a3a' inside file 'C:\Program Files\dotnet\sdk\9.0.102\Extensions\Microsoft.TestPlatform.Extensions.BlameDataCollector.dll'
TpTrace Verbose: 0 : 3572, 1, 2025/02/11, 18:22:33.533, 586617454348, vstest.console.dll, MetadataReaderExtensionsHelper: Discovering extensions inside assembly 'Microsoft.TestPlatform.Extensions.EventLogCollector, Version=15.0.0.0, Culture=neutral, PublicKeyToken=b03f5f7f11d50a3a' file path 'C:\Program Files\dotnet\sdk\9.0.102\Extensions\Microsoft.TestPlatform.Extensions.EventLogCollector.dll'
TpTrace Verbose: 0 : 3572, 1, 2025/02/11, 18:22:33.533, 586617459565, vstest.console.dll, MetadataReaderExtensionsHelper: Discovering extensions inside assembly 'Microsoft.TestPlatform.TestHostRuntimeProvider, Version=15.0.0.0, Culture=neutral, PublicKeyToken=b03f5f7f11d50a3a' file path 'C:\Program Files\dotnet\sdk\9.0.102\Extensions\Microsoft.TestPlatform.TestHostRuntimeProvider.dll'
TpTrace Verbose: 0 : 3572, 1, 2025/02/11, 18:22:33.534, 586617464550, vstest.console.dll, MetadataReaderExtensionsHelper: Discovering extensions inside assembly 'Microsoft.VisualStudio.TestPlatform.Extensions.Html.TestLogger, Version=15.0.0.0, Culture=neutral, PublicKeyToken=b03f5f7f11d50a3a' file path 'C:\Program Files\dotnet\sdk\9.0.102\Extensions\Microsoft.VisualStudio.TestPlatform.Extensions.Html.TestLogger.dll'
TpTrace Information: 0 : 3572, 1, 2025/02/11, 18:22:33.534, 586617471144, vstest.console.dll, GetTestExtensionFromType: Register extension with identifier data 'logger://Microsoft/TestPlatform/HtmlLogger/v1' and type 'Microsoft.VisualStudio.TestPlatform.Extensions.HtmlLogger.HtmlLogger, Microsoft.VisualStudio.TestPlatform.Extensions.Html.TestLogger, Version=15.0.0.0, Culture=neutral, PublicKeyToken=b03f5f7f11d50a3a' inside file 'C:\Program Files\dotnet\sdk\9.0.102\Extensions\Microsoft.VisualStudio.TestPlatform.Extensions.Html.TestLogger.dll'
TpTrace Verbose: 0 : 3572, 1, 2025/02/11, 18:22:33.534, 586617471527, vstest.console.dll, MetadataReaderExtensionsHelper: Discovering extensions inside assembly 'Microsoft.VisualStudio.TestPlatform.Extensions.Trx.TestLogger, Version=15.0.0.0, Culture=neutral, PublicKeyToken=b03f5f7f11d50a3a' file path 'C:\Program Files\dotnet\sdk\9.0.102\Extensions\Microsoft.VisualStudio.TestPlatform.Extensions.Trx.TestLogger.dll'
TpTrace Information: 0 : 3572, 1, 2025/02/11, 18:22:33.535, 586617477586, vstest.console.dll, GetTestExtensionFromType: Register extension with identifier data 'logger://Microsoft/TestPlatform/TrxLogger/v1' and type 'Microsoft.VisualStudio.TestPlatform.Extensions.TrxLogger.TrxLogger, Microsoft.VisualStudio.TestPlatform.Extensions.Trx.TestLogger, Version=15.0.0.0, Culture=neutral, PublicKeyToken=b03f5f7f11d50a3a' inside file 'C:\Program Files\dotnet\sdk\9.0.102\Extensions\Microsoft.VisualStudio.TestPlatform.Extensions.Trx.TestLogger.dll'
TpTrace Verbose: 0 : 3572, 1, 2025/02/11, 18:22:33.535, 586617477991, vstest.console.dll, TestPluginCache: Discovered the extensions using extension path ''.
TpTrace Verbose: 0 : 3572, 1, 2025/02/11, 18:22:33.535, 586617478112, vstest.console.dll, TestPluginCache: Discoverers are ''.
TpTrace Verbose: 0 : 3572, 1, 2025/02/11, 18:22:33.535, 586617478203, vstest.console.dll, TestPluginCache: Executors are ''.
TpTrace Verbose: 0 : 3572, 1, 2025/02/11, 18:22:33.535, 586617478291, vstest.console.dll, TestPluginCache: Executors2 are ''.
TpTrace Verbose: 0 : 3572, 1, 2025/02/11, 18:22:33.535, 586617478376, vstest.console.dll, TestPluginCache: Setting providers are ''.
TpTrace Verbose: 0 : 3572, 1, 2025/02/11, 18:22:33.535, 586617478668, vstest.console.dll, TestPluginCache: Loggers are 'logger://Microsoft/TestPlatform/Extensions/Blame/v1,logger://Microsoft/TestPlatform/HtmlLogger/v1,logger://Microsoft/TestPlatform/TrxLogger/v1'.
TpTrace Verbose: 0 : 3572, 1, 2025/02/11, 18:22:33.535, 586617478809, vstest.console.dll, TestPluginCache: TestHosts are 'HostProvider://DefaultTestHost,HostProvider://DotnetTestHost'.
TpTrace Verbose: 0 : 3572, 1, 2025/02/11, 18:22:33.535, 586617478907, vstest.console.dll, TestPluginCache: DataCollectors are ''.
TpTrace Information: 0 : 3572, 1, 2025/02/11, 18:22:33.536, 586617482849, vstest.console.dll, TestPluginManager.CreateTestExtension: Attempting to load test extension: Microsoft.TestPlatform.Extensions.BlameDataCollector.BlameLogger
TpTrace Verbose: 0 : 3572, 1, 2025/02/11, 18:22:33.541, 586617537237, vstest.console.dll, TestEngine: Initializing Parallel Execution as MaxCpuCount is set to: 1
TpTrace Information: 0 : 3572, 1, 2025/02/11, 18:22:33.542, 586617545691, vstest.console.dll, TestPluginManager.CreateTestExtension: Attempting to load test extension: Microsoft.VisualStudio.TestPlatform.CrossPlatEngine.Hosting.DefaultTestHostManager
TpTrace Information: 0 : 3572, 1, 2025/02/11, 18:22:33.543, 586617556672, vstest.console.dll, TestPluginManager.CreateTestExtension: Attempting to load test extension: Microsoft.VisualStudio.TestPlatform.CrossPlatEngine.Hosting.DotnetTestHostManager
TpTrace Verbose: 0 : 3572, 1, 2025/02/11, 18:22:33.543, 586617557663, vstest.console.dll, TestHostManagerCallbacks.ctor: Forwarding output is enabled.
TpTrace Information: 0 : 3572, 1, 2025/02/11, 18:22:33.543, 586617559620, vstest.console.dll, InferRunSettingsHelper.IsTestSettingsEnabled: Unable to navigate to RunSettings/MSTest. Current node: RunSettings
TpTrace Verbose: 0 : 3572, 1, 2025/02/11, 18:22:33.543, 586617562167, vstest.console.dll, ParallelOperationManager.ClearSlots: Clearing all slots. Slots should accept more work: True
TpTrace Verbose: 0 : 3572, 1, 2025/02/11, 18:22:33.544, 586617564911, vstest.console.dll, ParallelOperationManager.SetOccupiedSlotCount: Setting slot counts AvailableSlotCount = 1, OccupiedSlotCount = 0.
TpTrace Verbose: 0 : 3572, 1, 2025/02/11, 18:22:33.544, 586617566829, vstest.console.dll, Occupied slots:

TpTrace Verbose: 0 : 3572, 1, 2025/02/11, 18:22:33.546, 586617584431, vstest.console.dll, TestEngine.GetExecutionManager: Chosen execution manager 'Microsoft.VisualStudio.TestPlatform.CrossPlatEngine.Client.Parallel.ParallelProxyExecutionManager, Microsoft.TestPlatform.CrossPlatEngine, Version=15.0.0.0, Culture=neutral, PublicKeyToken=b03f5f7f11d50a3a' ParallelLevel '1'.
TpTrace Verbose: 0 : 3572, 1, 2025/02/11, 18:22:33.546, 586617585219, vstest.console.dll, TestPlatform.GetSkipDefaultAdapters: Not skipping default adapters SkipDefaultAdapters was false.
TpTrace Verbose: 0 : 3572, 1, 2025/02/11, 18:22:33.546, 586617585659, vstest.console.dll, TestRunRequest.ExecuteAsync: Creating test run request.
TpTrace Verbose: 0 : 3572, 1, 2025/02/11, 18:22:33.546, 586617586780, vstest.console.dll, TestRunRequest.ExecuteAsync: Starting.
TpTrace Information: 0 : 3572, 1, 2025/02/11, 18:22:33.547, 586617592368, vstest.console.dll, TestRunRequest.ExecuteAsync: Starting run with settings:TestRunCriteria:
   KeepAlive=False,FrequencyOfRunStatsChangeEvent=10,RunStatsChangeEventTimeout=00:00:01.5000000,TestCaseFilter=,TestExecutorLauncher=
   Settingsxml=<RunSettings>
  <RunConfiguration>
    <ResultsDirectory>D:\C# проекты\KPO\MiniDZ1Tests\bin\Debug\net8.0\fine-code-coverage\coverage-tool-output</ResultsDirectory>
    <TargetPlatform>X64</TargetPlatform>
    <TargetFrameworkVersion>.NETCoreApp,Version=v8.0</TargetFrameworkVersion>
    <DesignMode>False</DesignMode>
    <CollectSourceInformation>False</CollectSourceInformation>
  </RunConfiguration>
  <LoggerRunSettings>
    <Loggers>
      <Logger friendlyName="blame" enabled="True" />
      <Logger friendlyName="Console" uri="logger://microsoft/TestPlatform/ConsoleLogger/v1" assemblyQualifiedName="Microsoft.VisualStudio.TestPlatform.CommandLine.Internal.ConsoleLogger, vstest.console, Version=15.0.0.0, Culture=neutral, PublicKeyToken=b03f5f7f11d50a3a" codeBase="C:\Program Files\dotnet\sdk\9.0.102\vstest.console.dll" enabled="True" />
    </Loggers>
  </LoggerRunSettings>
  <DataCollectionRunSettings>
    <DataCollectors>
      <DataCollector friendlyName="blame" enabled="True">
        <Configuration>
          <ResultsDirectory>D:\C# проекты\KPO\MiniDZ1Tests\bin\Debug\net8.0\fine-code-coverage\coverage-tool-output</ResultsDirectory>
        </Configuration>
      </DataCollector>
    </DataCollectors>
  </DataCollectionRunSettings>
</RunSettings>

TpTrace Verbose: 0 : 3572, 1, 2025/02/11, 18:22:33.547, 586617592667, vstest.console.dll, TestRunRequest.ExecuteAsync: Wait for the first run request is over.
TpTrace Verbose: 0 : 3572, 1, 2025/02/11, 18:22:33.547, 586617593971, vstest.console.dll, MulticastDelegateUtilities.SafeInvoke: TestRun.TestRunStart: Invoking callbacks was skipped because there are no subscribers.
TpTrace Verbose: 0 : 3572, 4, 2025/02/11, 18:22:33.547, 586617595980, vstest.console.dll, MulticastDelegateUtilities.SafeInvoke: InternalTestLoggerEvents.SendTestRunStart: Invoking callback 1/1 for Microsoft.VisualStudio.TestPlatform.CommandLine.Internal.ConsoleLogger., took 0 ms.
TpTrace Verbose: 0 : 3572, 1, 2025/02/11, 18:22:33.547, 586617599575, vstest.console.dll, ParallelProxyExecutionManager: Start execution. Total sources: 1
TpTrace Verbose: 0 : 3572, 1, 2025/02/11, 18:22:33.547, 586617601202, vstest.console.dll, ParallelOperationManager.StartWork: Starting adding 1 workloads.
TpTrace Verbose: 0 : 3572, 1, 2025/02/11, 18:22:33.547, 586617601454, vstest.console.dll, ParallelOperationManager.ClearSlots: Clearing all slots. Slots should accept more work: True
TpTrace Verbose: 0 : 3572, 1, 2025/02/11, 18:22:33.547, 586617601761, vstest.console.dll, ParallelOperationManager.SetOccupiedSlotCount: Setting slot counts AvailableSlotCount = 1, OccupiedSlotCount = 0.
TpTrace Verbose: 0 : 3572, 1, 2025/02/11, 18:22:33.547, 586617601884, vstest.console.dll, Occupied slots:

TpTrace Verbose: 0 : 3572, 1, 2025/02/11, 18:22:33.548, 586617607438, vstest.console.dll, TestHostManagerCallbacks.ctor: Forwarding output is enabled.
TpTrace Verbose: 0 : 3572, 1, 2025/02/11, 18:22:33.548, 586617608633, vstest.console.dll, TestRequestSender is acting as server.
TpTrace Verbose: 0 : 3572, 1, 2025/02/11, 18:22:33.549, 586617613765, vstest.console.dll, ParallelOperationManager.RunWorkInParallel: Adding 1 workload to slot, remaining workloads 0.
TpTrace Verbose: 0 : 3572, 1, 2025/02/11, 18:22:33.549, 586617614073, vstest.console.dll, ParallelOperationManager.SetOccupiedSlotCount: Setting slot counts AvailableSlotCount = 0, OccupiedSlotCount = 1.
TpTrace Verbose: 0 : 3572, 1, 2025/02/11, 18:22:33.549, 586617614513, vstest.console.dll, Occupied slots:
0: D:\C# проекты\KPO\MiniDZ1Tests\bin\Debug\net8.0\fine-code-coverage\build-output\MiniDZ1Tests.dll
TpTrace Verbose: 0 : 3572, 1, 2025/02/11, 18:22:33.549, 586617620794, vstest.console.dll, ParallelOperationManager.RunWorkInParallel: Started host in slot number 0 for work (source): D:\C# проекты\KPO\MiniDZ1Tests\bin\Debug\net8.0\fine-code-coverage\build-output\MiniDZ1Tests.dll.
TpTrace Verbose: 0 : 3572, 5, 2025/02/11, 18:22:33.550, 586617627395, vstest.console.dll, ParallelProxyExecutionManager.StartTestRunOnConcurrentManager: Initializing uninitialized client. Started clients: 0
TpTrace Verbose: 0 : 3572, 5, 2025/02/11, 18:22:33.550, 586617628072, vstest.console.dll, DataCollectionRequestSender.InitializeCommunication : Initialize communication. 
TpTrace Verbose: 0 : 3572, 1, 2025/02/11, 18:22:33.550, 586617629160, vstest.console.dll, ParallelOperationManager.RunWorkInParallel: We started 1 work items, which is the max parallel level. Won't start more work.
TpTrace Verbose: 0 : 3572, 1, 2025/02/11, 18:22:33.550, 586617629516, vstest.console.dll, ParallelOperationManager.RunWorkInParallel: We started 1 work items in here, returning True.
TpTrace Information: 0 : 3572, 1, 2025/02/11, 18:22:33.550, 586617629755, vstest.console.dll, TestRunRequest.ExecuteAsync: Started.
TpTrace Verbose: 0 : 3572, 1, 2025/02/11, 18:22:33.551, 586617632402, vstest.console.dll, TestRunRequest.WaitForCompletion: Waiting with timeout -1.
TpTrace Information: 0 : 3572, 5, 2025/02/11, 18:22:33.555, 586617681010, vstest.console.dll, Listening on Endpoint : 127.0.0.1:57143
TpTrace Verbose: 0 : 3572, 5, 2025/02/11, 18:22:33.561, 586617739415, vstest.console.dll, DotnetDataCollectionLauncher: Adding  --runtimeconfig "C:\Program Files\dotnet\sdk\9.0.102\datacollector.runtimeconfig.json" in args
TpTrace Verbose: 0 : 3572, 5, 2025/02/11, 18:22:33.561, 586617740195, vstest.console.dll, DotnetDataCollectionLauncher: Adding  --depsfile "C:\Program Files\dotnet\sdk\9.0.102\datacollector.deps.json" in args
TpTrace Verbose: 0 : 3572, 5, 2025/02/11, 18:22:33.561, 586617740993, vstest.console.dll, DotnetDataCollectionLauncher: Full path of dotnet.exe is C:\Program Files\dotnet\dotnet.exe
TpTrace Information: 0 : 3572, 5, 2025/02/11, 18:22:33.571, 586617842031, vstest.console.dll, ProxyDataCollectionManager.Initialize: Launched datacollector processId: 3856 port: 57143
TpTrace Information: 0 : 3572, 5, 2025/02/11, 18:22:33.572, 586617842939, vstest.console.dll, ProxyDataCollectionManager.Initialize: waiting for connection with timeout: 90 seconds
TpTrace Verbose: 0 : 3572, 5, 2025/02/11, 18:22:33.572, 586617843333, vstest.console.dll, DataCollectionRequestSender.WaitForRequestHandlerConnection : Waiting for connection with timeout: 90000
TpTrace Information: 0 : 3572, 10, 2025/02/11, 18:22:33.683, 586618957969, vstest.console.dll, Using the buffer size of 16384 bytes
TpTrace Verbose: 0 : 3572, 5, 2025/02/11, 18:22:33.683, 586618958077, vstest.console.dll, SocketCommunicationManager.WaitForClientConnection took: 111 ms, with 90000 ms timeout, and finished with True.
TpTrace Verbose: 0 : 3572, 5, 2025/02/11, 18:22:33.683, 586618959189, vstest.console.dll, ProxyDataCollectionManager.InvokeDataCollectionServiceAction: Starting.
TpTrace Information: 0 : 3572, 10, 2025/02/11, 18:22:33.683, 586618958569, vstest.console.dll, Accepted Client request and set the flag
TpTrace Information: 0 : 3572, 5, 2025/02/11, 18:22:33.683, 586618959524, vstest.console.dll, ProxyDataCollectionManager.BeforeTestRunStart: Get environment variable and port for datacollector processId: 3856 port: 57143
TpTrace Verbose: 0 : 3572, 5, 2025/02/11, 18:22:33.683, 586618960453, vstest.console.dll, DataCollectionRequestSender.SendBeforeTestRunStartAndGetResult: Send BeforeTestRunStart message with settingsXml <RunSettings><RunConfiguration><ResultsDirectory>D:\C# проекты\KPO\MiniDZ1Tests\bin\Debug\net8.0\fine-code-coverage\coverage-tool-output</ResultsDirectory><TargetPlatform>X64</TargetPlatform><TargetFrameworkVersion>.NETCoreApp,Version=v8.0</TargetFrameworkVersion><DesignMode>False</DesignMode><CollectSourceInformation>False</CollectSourceInformation><TestAdaptersPaths>C:\Program Files\dotnet\sdk\9.0.102\Extensions</TestAdaptersPaths></RunConfiguration><LoggerRunSettings><Loggers><Logger friendlyName="blame" enabled="True" /><Logger friendlyName="Console" uri="logger://microsoft/TestPlatform/ConsoleLogger/v1" assemblyQualifiedName="Microsoft.VisualStudio.TestPlatform.CommandLine.Internal.ConsoleLogger, vstest.console, Version=15.0.0.0, Culture=neutral, PublicKeyToken=b03f5f7f11d50a3a" codeBase="C:\Program Files\dotnet\sdk\9.0.102\vstest.console.dll" enabled="True" /></Loggers></LoggerRunSettings><DataCollectionRunSettings><DataCollectors><DataCollector friendlyName="blame" enabled="True"><Configuration><ResultsDirectory>D:\C# проекты\KPO\MiniDZ1Tests\bin\Debug\net8.0\fine-code-coverage\coverage-tool-output</ResultsDirectory></Configuration></DataCollector></DataCollectors></DataCollectionRunSettings></RunSettings> and sources System.Collections.Generic.List`1[System.String]: 
TpTrace Verbose: 0 : 3572, 5, 2025/02/11, 18:22:33.713, 586619257972, vstest.console.dll, DataCollectionRequestSender.SendBeforeTestRunStartAndGetResult: Received message: (DataCollection.SendMessage) -> {"MessageType":"DataCollection.SendMessage","Payload":{"FriendlyName":null,"Uri":null,"TestCaseId":"00000000-0000-0000-0000-000000000000","Message":"Logging DataCollector Diagnostics in file: D:\\C# проекты\\KPO\\MiniDZ1Tests\\bin\\Debug\\net8.0\\fine-code-coverage\\coverage-tool-output\\diagnostics.datacollector.25-02-11_18-22-33_56160_5.log","Level":0}}
TpTrace Verbose: 0 : 3572, 5, 2025/02/11, 18:22:33.760, 586619723703, vstest.console.dll, DataCollectionRequestSender.SendBeforeTestRunStartAndGetResult: Received message: (DataCollection.BeforeTestRunStartResult) -> {"MessageType":"DataCollection.BeforeTestRunStartResult","Payload":{"EnvironmentVariables":{},"DataCollectionEventsPort":57145}}
TpTrace Information: 0 : 3572, 5, 2025/02/11, 18:22:33.762, 586619748763, vstest.console.dll, ProxyDataCollectionManager.BeforeTestRunStart: SendBeforeTestRunStartAndGetResult successful, env variable from datacollector:   and testhost port: 57145
TpTrace Information: 0 : 3572, 5, 2025/02/11, 18:22:33.762, 586619749167, vstest.console.dll, ProxyDataCollectionManager.InvokeDataCollectionServiceAction: Completed.
TpTrace Verbose: 0 : 3572, 5, 2025/02/11, 18:22:33.762, 586619749311, vstest.console.dll, ParallelProxyExecutionManager.StartTestRunOnConcurrentManager: Initializing test run. Started clients: 0
TpTrace Verbose: 0 : 3572, 5, 2025/02/11, 18:22:33.762, 586619749751, vstest.console.dll, ProxyExecutionManager: Test host is always Lazy initialize.
TpTrace Verbose: 0 : 3572, 5, 2025/02/11, 18:22:33.762, 586619750796, vstest.console.dll, TestRequestSender.InitializeCommunication: initialize communication. 
TpTrace Information: 0 : 3572, 5, 2025/02/11, 18:22:33.763, 586619753631, vstest.console.dll, SocketServer.Start: Listening on endpoint : 127.0.0.1:57146
TpTrace Verbose: 0 : 3572, 5, 2025/02/11, 18:22:33.763, 586619757463, vstest.console.dll, DotnetTestHostmanager.GetTestHostProcessStartInfo: Platform environment 'X64' target architecture 'X64' framework '.NETCoreApp,Version=v8.0' OS 'Windows'
TpTrace Verbose: 0 : 3572, 5, 2025/02/11, 18:22:33.763, 586619758214, vstest.console.dll, DotnetTestHostmanager: Adding  --runtimeconfig "D:\C# проекты\KPO\MiniDZ1Tests\bin\Debug\net8.0\fine-code-coverage\build-output\MiniDZ1Tests.runtimeconfig.json" in args
TpTrace Verbose: 0 : 3572, 5, 2025/02/11, 18:22:33.763, 586619758426, vstest.console.dll, DotnetTestHostmanager: Adding  --depsfile "D:\C# проекты\KPO\MiniDZ1Tests\bin\Debug\net8.0\fine-code-coverage\build-output\MiniDZ1Tests.deps.json" in args
TpTrace Verbose: 0 : 3572, 5, 2025/02/11, 18:22:33.763, 586619759359, vstest.console.dll, DotnetTestHostmanager.IsWinOnArm: Current PROCESSOR_ARCHITECTURE from environment variable 'AMD64'
TpTrace Verbose: 0 : 3572, 5, 2025/02/11, 18:22:33.763, 586619759575, vstest.console.dll, DotnetTestHostmanager.IsWinOnArm: Is Windows on ARM 'False'
TpTrace Verbose: 0 : 3572, 5, 2025/02/11, 18:22:33.763, 586619759746, vstest.console.dll, DotnetTestHostManager: testhost.exe found at path: D:\C# проекты\KPO\MiniDZ1Tests\bin\Debug\net8.0\fine-code-coverage\build-output\testhost.exe
TpTrace Verbose: 0 : 3572, 5, 2025/02/11, 18:22:33.763, 586619759884, vstest.console.dll, DotnetTestHostmanager: Full path of host exe is D:\C# проекты\KPO\MiniDZ1Tests\bin\Debug\net8.0\fine-code-coverage\build-output\testhost.exe
TpTrace Verbose: 0 : 3572, 5, 2025/02/11, 18:22:33.763, 586619760475, vstest.console.dll, DotnetTestHostmanager.LaunchTestHostAsync: Found 'VSTEST_WINAPPHOST_DOTNET_ROOT' in env variables, value 'C:\Program Files\dotnet', forwarding to 'DOTNET_ROOT'
TpTrace Verbose: 0 : 3572, 5, 2025/02/11, 18:22:33.763, 586619761090, vstest.console.dll, DotnetTestHostManager: Starting process 'D:\C# проекты\KPO\MiniDZ1Tests\bin\Debug\net8.0\fine-code-coverage\build-output\testhost.exe' with command line ' --runtimeconfig "D:\C# проекты\KPO\MiniDZ1Tests\bin\Debug\net8.0\fine-code-coverage\build-output\MiniDZ1Tests.runtimeconfig.json" --depsfile "D:\C# проекты\KPO\MiniDZ1Tests\bin\Debug\net8.0\fine-code-coverage\build-output\MiniDZ1Tests.deps.json" --port 57146 --endpoint 127.0.0.1:057146 --role client --parentprocessid 3572 --diag "D:\C# проекты\KPO\MiniDZ1Tests\bin\Debug\net8.0\fine-code-coverage\coverage-tool-output\diagnostics.host.25-02-11_18-22-33_76332_5.log" --tracelevel 4 --datacollectionport 57145 --telemetryoptedin false'
TpTrace Verbose: 0 : 3572, 5, 2025/02/11, 18:22:33.777, 586619892826, vstest.console.dll, MulticastDelegateUtilities.SafeInvoke: HostProviderEvents.OnHostLaunched: Invoking callback 1/2 for Microsoft.VisualStudio.TestPlatform.CrossPlatEngine.Client.ProxyExecutionManagerWithDataCollection., took 0 ms.
TpTrace Verbose: 0 : 3572, 5, 2025/02/11, 18:22:33.777, 586619894615, vstest.console.dll, Test Runtime launched
TpTrace Verbose: 0 : 3572, 5, 2025/02/11, 18:22:33.777, 586619895033, vstest.console.dll, MulticastDelegateUtilities.SafeInvoke: HostProviderEvents.OnHostLaunched: Invoking callback 2/2 for Microsoft.VisualStudio.TestPlatform.CrossPlatEngine.Client.ProxyOperationManager., took 0 ms.
TpTrace Verbose: 0 : 3572, 5, 2025/02/11, 18:22:33.777, 586619895722, vstest.console.dll, TestRequestSender.WaitForRequestHandlerConnection: waiting for connection with timeout: 90000.
TpTrace Verbose: 0 : 3572, 5, 2025/02/11, 18:22:33.893, 586621057401, vstest.console.dll, TestRequestSender.WaitForRequestHandlerConnection: waiting took 116 ms, with timeout 90000 ms, and result 0, which is success.
TpTrace Verbose: 0 : 3572, 13, 2025/02/11, 18:22:33.893, 586621057401, vstest.console.dll, MulticastDelegateUtilities.SafeInvoke: SocketServer: ClientConnected: Invoking callback 1/1 for Microsoft.VisualStudio.TestPlatform.CommunicationUtilities.TestRequestSender., took 0 ms.
TpTrace Verbose: 0 : 3572, 13, 2025/02/11, 18:22:33.893, 586621058834, vstest.console.dll, SocketServer.OnClientConnected: Client connected for endPoint: 127.0.0.1:57146, starting MessageLoopAsync:
TpTrace Verbose: 0 : 3572, 14, 2025/02/11, 18:22:33.893, 586621061958, vstest.console.dll, TcpClientExtensions.MessageLoopAsync: Polling on remoteEndPoint: 127.0.0.1:57147 localEndPoint: 127.0.0.1:57146 after 0 ms
TpTrace Verbose: 0 : 3572, 5, 2025/02/11, 18:22:33.894, 586621063549, vstest.console.dll, TestRequestSender.CheckVersionWithTestHost: Sending check version message: {"MessageType":"ProtocolVersion","Payload":7}
TpTrace Verbose: 0 : 3572, 14, 2025/02/11, 18:22:33.956, 586621686383, vstest.console.dll, TcpClientExtensions.MessageLoopAsync: NotifyDataAvailable remoteEndPoint: 127.0.0.1:57147 localEndPoint: 127.0.0.1:57146
TpTrace Verbose: 0 : 3572, 14, 2025/02/11, 18:22:33.956, 586621688109, vstest.console.dll, TestRequestSender.CheckVersionWithTestHost: onMessageReceived received message: (ProtocolVersion) -> {"MessageType":"ProtocolVersion","Payload":7}
TpTrace Verbose: 0 : 3572, 14, 2025/02/11, 18:22:33.957, 586621692333, vstest.console.dll, MulticastDelegateUtilities.SafeInvoke: LengthPrefixCommunicationChannel: MessageReceived: Invoking callback 1/1 for Microsoft.VisualStudio.TestPlatform.CommunicationUtilities.TestRequestSender+<>c__DisplayClass29_0., took 0 ms.
TpTrace Verbose: 0 : 3572, 14, 2025/02/11, 18:22:33.957, 586621693113, vstest.console.dll, TcpClientExtensions.MessageLoopAsync: Polling on remoteEndPoint: 127.0.0.1:57147 localEndPoint: 127.0.0.1:57146 after 63 ms
TpTrace Verbose: 0 : 3572, 5, 2025/02/11, 18:22:33.957, 586621694649, vstest.console.dll, TestPluginCache.GetExtensionPaths: Filtered extension paths: 
TpTrace Verbose: 0 : 3572, 5, 2025/02/11, 18:22:33.957, 586621696099, vstest.console.dll, TestPluginCache.GetExtensionPaths: Added default extension paths: C:\Program Files\dotnet\sdk\9.0.102\Extensions\Microsoft.Diagnostics.NETCore.Client.dll
C:\Program Files\dotnet\sdk\9.0.102\Extensions\Microsoft.TestPlatform.Extensions.BlameDataCollector.dll
C:\Program Files\dotnet\sdk\9.0.102\Extensions\Microsoft.TestPlatform.Extensions.EventLogCollector.dll
C:\Program Files\dotnet\sdk\9.0.102\Extensions\Microsoft.TestPlatform.TestHostRuntimeProvider.dll
C:\Program Files\dotnet\sdk\9.0.102\Extensions\Microsoft.VisualStudio.TestPlatform.Extensions.Html.TestLogger.dll
C:\Program Files\dotnet\sdk\9.0.102\Extensions\Microsoft.VisualStudio.TestPlatform.Extensions.Trx.TestLogger.dll
TpTrace Verbose: 0 : 3572, 5, 2025/02/11, 18:22:33.957, 586621696670, vstest.console.dll, TestPluginCache.GetExtensionPaths: Added unfilterableExtensionPaths: 
TpTrace Verbose: 0 : 3572, 5, 2025/02/11, 18:22:33.958, 586621710290, vstest.console.dll, TestRequestSender.InitializeExecution: Sending initialize execution with message: {"Version":7,"MessageType":"TestExecution.Initialize","Payload":["D:\\C# проекты\\KPO\\MiniDZ1Tests\\bin\\Debug\\net8.0\\fine-code-coverage\\build-output\\xunit.runner.visualstudio.dotnetcore.testadapter.dll"]}
TpTrace Verbose: 0 : 3572, 5, 2025/02/11, 18:22:33.958, 586621711209, vstest.console.dll, ParallelProxyExecutionManager.StartTestRunOnConcurrentManager: Execution starting. Started clients: 1
TpTrace Verbose: 0 : 3572, 5, 2025/02/11, 18:22:33.959, 586621712549, vstest.console.dll, TestRunRequest:SendTestRunMessage: Starting.
TpTrace Verbose: 0 : 3572, 5, 2025/02/11, 18:22:33.959, 586621713478, vstest.console.dll, MulticastDelegateUtilities.SafeInvoke: TestRun.LogMessages: Invoking callback 1/1 for Microsoft.VisualStudio.TestPlatform.CommandLine.TestRunResultAggregator., took 0 ms.
TpTrace Information: 0 : 3572, 5, 2025/02/11, 18:22:33.959, 586621713702, vstest.console.dll, TestRunRequest:SendTestRunMessage: Completed.
TpTrace Verbose: 0 : 3572, 4, 2025/02/11, 18:22:33.959, 586621715014, vstest.console.dll, MulticastDelegateUtilities.SafeInvoke: InternalTestLoggerEvents.SendTestRunMessage: Invoking callback 1/1 for Microsoft.VisualStudio.TestPlatform.CommandLine.Internal.ConsoleLogger., took 0 ms.
TpTrace Warning: 0 : 3572, 5, 2025/02/11, 18:22:33.959, 586621715646, vstest.console.dll, InferRunSettingsHelper.MakeRunsettingsCompatible: Removing the following settings: TargetPlatform from RunSettings file. To use those settings please move to latest version of Microsoft.NET.Test.Sdk
TpTrace Verbose: 0 : 3572, 14, 2025/02/11, 18:22:33.959, 586621718014, vstest.console.dll, TcpClientExtensions.MessageLoopAsync: NotifyDataAvailable remoteEndPoint: 127.0.0.1:57147 localEndPoint: 127.0.0.1:57146
TpTrace Verbose: 0 : 3572, 14, 2025/02/11, 18:22:33.959, 586621719405, vstest.console.dll, TestRequestSender.OnExecutionMessageReceived: Received message: {"Version":7,"MessageType":"TestSession.Message","Payload":{"MessageLevel":0,"Message":"Logging TestHost Diagnostics in file: D:\\C# проекты\\KPO\\MiniDZ1Tests\\bin\\Debug\\net8.0\\fine-code-coverage\\coverage-tool-output\\diagnostics.host.25-02-11_18-22-33_76332_5.log"}}
TpTrace Verbose: 0 : 3572, 14, 2025/02/11, 18:22:33.961, 586621733453, vstest.console.dll, TestRunRequest:SendTestRunMessage: Starting.
TpTrace Verbose: 0 : 3572, 14, 2025/02/11, 18:22:33.961, 586621734030, vstest.console.dll, MulticastDelegateUtilities.SafeInvoke: TestRun.LogMessages: Invoking callback 1/1 for Microsoft.VisualStudio.TestPlatform.CommandLine.TestRunResultAggregator., took 0 ms.
TpTrace Information: 0 : 3572, 14, 2025/02/11, 18:22:33.961, 586621734205, vstest.console.dll, TestRunRequest:SendTestRunMessage: Completed.
TpTrace Verbose: 0 : 3572, 14, 2025/02/11, 18:22:33.961, 586621734389, vstest.console.dll, MulticastDelegateUtilities.SafeInvoke: LengthPrefixCommunicationChannel: MessageReceived: Invoking callback 1/1 for Microsoft.VisualStudio.TestPlatform.CommunicationUtilities.TestRequestSender+<>c__DisplayClass34_0., took 1 ms.
TpTrace Verbose: 0 : 3572, 14, 2025/02/11, 18:22:33.961, 586621734547, vstest.console.dll, TcpClientExtensions.MessageLoopAsync: Polling on remoteEndPoint: 127.0.0.1:57147 localEndPoint: 127.0.0.1:57146 after 3 ms
TpTrace Verbose: 0 : 3572, 4, 2025/02/11, 18:22:33.961, 586621734607, vstest.console.dll, MulticastDelegateUtilities.SafeInvoke: InternalTestLoggerEvents.SendTestRunMessage: Invoking callback 1/1 for Microsoft.VisualStudio.TestPlatform.CommandLine.Internal.ConsoleLogger., took 0 ms.
TpTrace Verbose: 0 : 3572, 5, 2025/02/11, 18:22:33.962, 586621750092, vstest.console.dll, TestRequestSender.StartTestRun: Sending test run with message: {"Version":7,"MessageType":"TestExecution.StartWithSources","Payload":{"AdapterSourceMap":{"_none_":["D:\\C# проекты\\KPO\\MiniDZ1Tests\\bin\\Debug\\net8.0\\fine-code-coverage\\build-output\\MiniDZ1Tests.dll"]},"RunSettings":"<RunSettings>\r\n  <RunConfiguration>\r\n    <ResultsDirectory>D:\\C# проекты\\KPO\\MiniDZ1Tests\\bin\\Debug\\net8.0\\fine-code-coverage\\coverage-tool-output</ResultsDirectory>\r\n    <TargetFrameworkVersion>.NETCoreApp,Version=v8.0</TargetFrameworkVersion>\r\n    <DesignMode>False</DesignMode>\r\n    <CollectSourceInformation>False</CollectSourceInformation>\r\n  </RunConfiguration>\r\n  <LoggerRunSettings>\r\n    <Loggers>\r\n      <Logger friendlyName=\"blame\" enabled=\"True\" />\r\n      <Logger friendlyName=\"Console\" uri=\"logger://microsoft/TestPlatform/ConsoleLogger/v1\" assemblyQualifiedName=\"Microsoft.VisualStudio.TestPlatform.CommandLine.Internal.ConsoleLogger, vstest.console, Version=15.0.0.0, Culture=neutral, PublicKeyToken=b03f5f7f11d50a3a\" codeBase=\"C:\\Program Files\\dotnet\\sdk\\9.0.102\\vstest.console.dll\" enabled=\"True\" />\r\n    </Loggers>\r\n  </LoggerRunSettings>\r\n  <DataCollectionRunSettings>\r\n    <DataCollectors>\r\n      <DataCollector friendlyName=\"blame\" enabled=\"True\">\r\n        <Configuration>\r\n          <ResultsDirectory>D:\\C# проекты\\KPO\\MiniDZ1Tests\\bin\\Debug\\net8.0\\fine-code-coverage\\coverage-tool-output</ResultsDirectory>\r\n        </Configuration>\r\n      </DataCollector>\r\n    </DataCollectors>\r\n  </DataCollectionRunSettings>\r\n</RunSettings>","TestExecutionContext":{"FrequencyOfRunStatsChangeEvent":10,"RunStatsChangeEventTimeout":"00:00:01.5000000","InIsolation":false,"KeepAlive":false,"AreTestCaseLevelEventsRequired":false,"IsDebug":false,"TestCaseFilter":null,"FilterOptions":null},"Package":null}}
TpTrace Verbose: 0 : 3572, 5, 2025/02/11, 18:22:33.962, 586621751009, vstest.console.dll, ParallelProxyExecutionManager.StartTestRunOnConcurrentManager: Execution started. Started clients: 1
TpTrace Verbose: 0 : 3572, 14, 2025/02/11, 18:22:34.036, 586622483912, vstest.console.dll, TcpClientExtensions.MessageLoopAsync: NotifyDataAvailable remoteEndPoint: 127.0.0.1:57147 localEndPoint: 127.0.0.1:57146
TpTrace Verbose: 0 : 3572, 14, 2025/02/11, 18:22:34.036, 586622485031, vstest.console.dll, TestRequestSender.OnExecutionMessageReceived: Received message: {"Version":7,"MessageType":"TestSession.Message","Payload":{"MessageLevel":0,"Message":"[xUnit.net 00:00:00.00] xUnit.net VSTest Adapter v2.5.3.1+6b60a9e56a (64-bit .NET 8.0.12)"}}
TpTrace Verbose: 0 : 3572, 14, 2025/02/11, 18:22:34.036, 586622486207, vstest.console.dll, TestRunRequest:SendTestRunMessage: Starting.
TpTrace Verbose: 0 : 3572, 14, 2025/02/11, 18:22:34.036, 586622486643, vstest.console.dll, MulticastDelegateUtilities.SafeInvoke: TestRun.LogMessages: Invoking callback 1/1 for Microsoft.VisualStudio.TestPlatform.CommandLine.TestRunResultAggregator., took 0 ms.
TpTrace Information: 0 : 3572, 14, 2025/02/11, 18:22:34.036, 586622486798, vstest.console.dll, TestRunRequest:SendTestRunMessage: Completed.
TpTrace Verbose: 0 : 3572, 14, 2025/02/11, 18:22:34.036, 586622486918, vstest.console.dll, MulticastDelegateUtilities.SafeInvoke: LengthPrefixCommunicationChannel: MessageReceived: Invoking callback 1/1 for Microsoft.VisualStudio.TestPlatform.CommunicationUtilities.TestRequestSender+<>c__DisplayClass34_0., took 0 ms.
TpTrace Verbose: 0 : 3572, 14, 2025/02/11, 18:22:34.036, 586622487079, vstest.console.dll, TcpClientExtensions.MessageLoopAsync: Polling on remoteEndPoint: 127.0.0.1:57147 localEndPoint: 127.0.0.1:57146 after 75 ms
TpTrace Verbose: 0 : 3572, 4, 2025/02/11, 18:22:34.036, 586622487296, vstest.console.dll, MulticastDelegateUtilities.SafeInvoke: InternalTestLoggerEvents.SendTestRunMessage: Invoking callback 1/1 for Microsoft.VisualStudio.TestPlatform.CommandLine.Internal.ConsoleLogger., took 0 ms.
TpTrace Verbose: 0 : 3572, 14, 2025/02/11, 18:22:34.081, 586622939676, vstest.console.dll, TcpClientExtensions.MessageLoopAsync: NotifyDataAvailable remoteEndPoint: 127.0.0.1:57147 localEndPoint: 127.0.0.1:57146
TpTrace Verbose: 0 : 3572, 14, 2025/02/11, 18:22:34.081, 586622940763, vstest.console.dll, TestRequestSender.OnExecutionMessageReceived: Received message: {"Version":7,"MessageType":"TestSession.Message","Payload":{"MessageLevel":0,"Message":"[xUnit.net 00:00:00.04]   Discovering: MiniDZ1Tests"}}
TpTrace Verbose: 0 : 3572, 14, 2025/02/11, 18:22:34.081, 586622941461, vstest.console.dll, TestRunRequest:SendTestRunMessage: Starting.
TpTrace Verbose: 0 : 3572, 14, 2025/02/11, 18:22:34.081, 586622941758, vstest.console.dll, MulticastDelegateUtilities.SafeInvoke: TestRun.LogMessages: Invoking callback 1/1 for Microsoft.VisualStudio.TestPlatform.CommandLine.TestRunResultAggregator., took 0 ms.
TpTrace Information: 0 : 3572, 14, 2025/02/11, 18:22:34.081, 586622941908, vstest.console.dll, TestRunRequest:SendTestRunMessage: Completed.
TpTrace Verbose: 0 : 3572, 14, 2025/02/11, 18:22:34.081, 586622942026, vstest.console.dll, MulticastDelegateUtilities.SafeInvoke: LengthPrefixCommunicationChannel: MessageReceived: Invoking callback 1/1 for Microsoft.VisualStudio.TestPlatform.CommunicationUtilities.TestRequestSender+<>c__DisplayClass34_0., took 0 ms.
TpTrace Verbose: 0 : 3572, 14, 2025/02/11, 18:22:34.081, 586622942170, vstest.console.dll, TcpClientExtensions.MessageLoopAsync: Polling on remoteEndPoint: 127.0.0.1:57147 localEndPoint: 127.0.0.1:57146 after 45 ms
TpTrace Verbose: 0 : 3572, 4, 2025/02/11, 18:22:34.082, 586622942718, vstest.console.dll, MulticastDelegateUtilities.SafeInvoke: InternalTestLoggerEvents.SendTestRunMessage: Invoking callback 1/1 for Microsoft.VisualStudio.TestPlatform.CommandLine.Internal.ConsoleLogger., took 0 ms.
TpTrace Verbose: 0 : 3572, 14, 2025/02/11, 18:22:34.113, 586623258283, vstest.console.dll, TcpClientExtensions.MessageLoopAsync: NotifyDataAvailable remoteEndPoint: 127.0.0.1:57147 localEndPoint: 127.0.0.1:57146
TpTrace Verbose: 0 : 3572, 14, 2025/02/11, 18:22:34.113, 586623259426, vstest.console.dll, TestRequestSender.OnExecutionMessageReceived: Received message: {"Version":7,"MessageType":"TestSession.Message","Payload":{"MessageLevel":0,"Message":"[xUnit.net 00:00:00.07]   Discovered:  MiniDZ1Tests"}}
TpTrace Verbose: 0 : 3572, 14, 2025/02/11, 18:22:34.113, 586623260183, vstest.console.dll, TestRunRequest:SendTestRunMessage: Starting.
TpTrace Verbose: 0 : 3572, 14, 2025/02/11, 18:22:34.113, 586623260470, vstest.console.dll, MulticastDelegateUtilities.SafeInvoke: TestRun.LogMessages: Invoking callback 1/1 for Microsoft.VisualStudio.TestPlatform.CommandLine.TestRunResultAggregator., took 0 ms.
TpTrace Information: 0 : 3572, 14, 2025/02/11, 18:22:34.113, 586623260624, vstest.console.dll, TestRunRequest:SendTestRunMessage: Completed.
TpTrace Verbose: 0 : 3572, 14, 2025/02/11, 18:22:34.113, 586623260747, vstest.console.dll, MulticastDelegateUtilities.SafeInvoke: LengthPrefixCommunicationChannel: MessageReceived: Invoking callback 1/1 for Microsoft.VisualStudio.TestPlatform.CommunicationUtilities.TestRequestSender+<>c__DisplayClass34_0., took 0 ms.
TpTrace Verbose: 0 : 3572, 14, 2025/02/11, 18:22:34.113, 586623260873, vstest.console.dll, TcpClientExtensions.MessageLoopAsync: Polling on remoteEndPoint: 127.0.0.1:57147 localEndPoint: 127.0.0.1:57146 after 31 ms
TpTrace Verbose: 0 : 3572, 4, 2025/02/11, 18:22:34.113, 586623261022, vstest.console.dll, MulticastDelegateUtilities.SafeInvoke: InternalTestLoggerEvents.SendTestRunMessage: Invoking callback 1/1 for Microsoft.VisualStudio.TestPlatform.CommandLine.Internal.ConsoleLogger., took 0 ms.
TpTrace Verbose: 0 : 3572, 14, 2025/02/11, 18:22:34.115, 586623272843, vstest.console.dll, TcpClientExtensions.MessageLoopAsync: NotifyDataAvailable remoteEndPoint: 127.0.0.1:57147 localEndPoint: 127.0.0.1:57146
TpTrace Verbose: 0 : 3572, 14, 2025/02/11, 18:22:34.115, 586623273510, vstest.console.dll, TestRequestSender.OnExecutionMessageReceived: Received message: {"Version":7,"MessageType":"TestSession.Message","Payload":{"MessageLevel":0,"Message":"[xUnit.net 00:00:00.08]   Starting:    MiniDZ1Tests"}}
TpTrace Verbose: 0 : 3572, 14, 2025/02/11, 18:22:34.115, 586623273967, vstest.console.dll, TestRunRequest:SendTestRunMessage: Starting.
TpTrace Verbose: 0 : 3572, 14, 2025/02/11, 18:22:34.115, 586623274312, vstest.console.dll, MulticastDelegateUtilities.SafeInvoke: TestRun.LogMessages: Invoking callback 1/1 for Microsoft.VisualStudio.TestPlatform.CommandLine.TestRunResultAggregator., took 0 ms.
TpTrace Information: 0 : 3572, 14, 2025/02/11, 18:22:34.115, 586623274461, vstest.console.dll, TestRunRequest:SendTestRunMessage: Completed.
TpTrace Verbose: 0 : 3572, 14, 2025/02/11, 18:22:34.115, 586623274579, vstest.console.dll, MulticastDelegateUtilities.SafeInvoke: LengthPrefixCommunicationChannel: MessageReceived: Invoking callback 1/1 for Microsoft.VisualStudio.TestPlatform.CommunicationUtilities.TestRequestSender+<>c__DisplayClass34_0., took 0 ms.
TpTrace Verbose: 0 : 3572, 14, 2025/02/11, 18:22:34.115, 586623274696, vstest.console.dll, TcpClientExtensions.MessageLoopAsync: Polling on remoteEndPoint: 127.0.0.1:57147 localEndPoint: 127.0.0.1:57146 after 1 ms
TpTrace Verbose: 0 : 3572, 4, 2025/02/11, 18:22:34.115, 586623275016, vstest.console.dll, MulticastDelegateUtilities.SafeInvoke: InternalTestLoggerEvents.SendTestRunMessage: Invoking callback 1/1 for Microsoft.VisualStudio.TestPlatform.CommandLine.Internal.ConsoleLogger., took 0 ms.
TpTrace Verbose: 0 : 3572, 12, 2025/02/11, 18:22:34.526, 586627387670, vstest.console.dll, TestHostManagerCallbacks.StandardOutputReceivedCallback Test host standard output line:  (#1) �ਭ�� � ������.
TpTrace Verbose: 0 : 3572, 12, 2025/02/11, 18:22:34.526, 586627389244, vstest.console.dll, MulticastDelegateUtilities.SafeInvoke: TestRunMessageLoggerProxy.SendMessage: Invoking callback 1/1 for Microsoft.VisualStudio.TestPlatform.Common.Logging.InternalTestLoggerEvents., took 0 ms.
TpTrace Verbose: 0 : 3572, 12, 2025/02/11, 18:22:34.526, 586627390376, vstest.console.dll, TestHostManagerCallbacks.StandardOutputReceivedCallback Test host standard output line:  (#2) �ਭ�� � ������.
TpTrace Verbose: 0 : 3572, 12, 2025/02/11, 18:22:34.526, 586627390742, vstest.console.dll, MulticastDelegateUtilities.SafeInvoke: TestRunMessageLoggerProxy.SendMessage: Invoking callback 1/1 for Microsoft.VisualStudio.TestPlatform.Common.Logging.InternalTestLoggerEvents., took 0 ms.
TpTrace Verbose: 0 : 3572, 12, 2025/02/11, 18:22:34.526, 586627390956, vstest.console.dll, TestHostManagerCallbacks.StandardOutputReceivedCallback Test host standard output line:  (#3) �ਭ�� � ������.
TpTrace Verbose: 0 : 3572, 12, 2025/02/11, 18:22:34.526, 586627391167, vstest.console.dll, MulticastDelegateUtilities.SafeInvoke: TestRunMessageLoggerProxy.SendMessage: Invoking callback 1/1 for Microsoft.VisualStudio.TestPlatform.Common.Logging.InternalTestLoggerEvents., took 0 ms.
TpTrace Verbose: 0 : 3572, 12, 2025/02/11, 18:22:34.526, 586627391363, vstest.console.dll, TestHostManagerCallbacks.StandardOutputReceivedCallback Test host standard output line:  (#4) �ਭ�� � ������.
TpTrace Verbose: 0 : 3572, 12, 2025/02/11, 18:22:34.526, 586627391510, vstest.console.dll, MulticastDelegateUtilities.SafeInvoke: TestRunMessageLoggerProxy.SendMessage: Invoking callback 1/1 for Microsoft.VisualStudio.TestPlatform.Common.Logging.InternalTestLoggerEvents., took 0 ms.
TpTrace Verbose: 0 : 3572, 12, 2025/02/11, 18:22:34.526, 586627391667, vstest.console.dll, TestHostManagerCallbacks.StandardOutputReceivedCallback Test host standard output line:  (#5) �ਭ�� � ������.
TpTrace Verbose: 0 : 3572, 12, 2025/02/11, 18:22:34.526, 586627391862, vstest.console.dll, MulticastDelegateUtilities.SafeInvoke: TestRunMessageLoggerProxy.SendMessage: Invoking callback 1/1 for Microsoft.VisualStudio.TestPlatform.Common.Logging.InternalTestLoggerEvents., took 0 ms.
TpTrace Verbose: 0 : 3572, 4, 2025/02/11, 18:22:34.526, 586627390467, vstest.console.dll, MulticastDelegateUtilities.SafeInvoke: InternalTestLoggerEvents.SendMessage: Invoking callback 1/1 for Microsoft.VisualStudio.TestPlatform.CommandLine.Internal.ConsoleLogger., took 0 ms.
TpTrace Verbose: 0 : 3572, 4, 2025/02/11, 18:22:34.527, 586627392674, vstest.console.dll, MulticastDelegateUtilities.SafeInvoke: InternalTestLoggerEvents.SendMessage: Invoking callback 1/1 for Microsoft.VisualStudio.TestPlatform.CommandLine.Internal.ConsoleLogger., took 0 ms.
TpTrace Verbose: 0 : 3572, 4, 2025/02/11, 18:22:34.527, 586627392920, vstest.console.dll, MulticastDelegateUtilities.SafeInvoke: InternalTestLoggerEvents.SendMessage: Invoking callback 1/1 for Microsoft.VisualStudio.TestPlatform.CommandLine.Internal.ConsoleLogger., took 0 ms.
TpTrace Verbose: 0 : 3572, 4, 2025/02/11, 18:22:34.527, 586627393041, vstest.console.dll, MulticastDelegateUtilities.SafeInvoke: InternalTestLoggerEvents.SendMessage: Invoking callback 1/1 for Microsoft.VisualStudio.TestPlatform.CommandLine.Internal.ConsoleLogger., took 0 ms.
TpTrace Verbose: 0 : 3572, 4, 2025/02/11, 18:22:34.527, 586627393160, vstest.console.dll, MulticastDelegateUtilities.SafeInvoke: InternalTestLoggerEvents.SendMessage: Invoking callback 1/1 for Microsoft.VisualStudio.TestPlatform.CommandLine.Internal.ConsoleLogger., took 0 ms.
TpTrace Verbose: 0 : 3572, 12, 2025/02/11, 18:22:34.530, 586627422936, vstest.console.dll, TestHostManagerCallbacks.StandardOutputReceivedCallback Test host standard output line:  (#1) �������� �� ������ਧ���.
TpTrace Verbose: 0 : 3572, 12, 2025/02/11, 18:22:34.530, 586627423557, vstest.console.dll, MulticastDelegateUtilities.SafeInvoke: TestRunMessageLoggerProxy.SendMessage: Invoking callback 1/1 for Microsoft.VisualStudio.TestPlatform.Common.Logging.InternalTestLoggerEvents., took 0 ms.
TpTrace Verbose: 0 : 3572, 12, 2025/02/11, 18:22:34.530, 586627424003, vstest.console.dll, TestHostManagerCallbacks.StandardOutputReceivedCallback Test host standard output line: �⮫ (#2) �������� �� ������ਧ���.
TpTrace Verbose: 0 : 3572, 4, 2025/02/11, 18:22:34.530, 586627424100, vstest.console.dll, MulticastDelegateUtilities.SafeInvoke: InternalTestLoggerEvents.SendMessage: Invoking callback 1/1 for Microsoft.VisualStudio.TestPlatform.CommandLine.Internal.ConsoleLogger., took 0 ms.
TpTrace Verbose: 0 : 3572, 12, 2025/02/11, 18:22:34.530, 586627424489, vstest.console.dll, MulticastDelegateUtilities.SafeInvoke: TestRunMessageLoggerProxy.SendMessage: Invoking callback 1/1 for Microsoft.VisualStudio.TestPlatform.Common.Logging.InternalTestLoggerEvents., took 0 ms.
TpTrace Verbose: 0 : 3572, 4, 2025/02/11, 18:22:34.530, 586627424524, vstest.console.dll, MulticastDelegateUtilities.SafeInvoke: InternalTestLoggerEvents.SendMessage: Invoking callback 1/1 for Microsoft.VisualStudio.TestPlatform.CommandLine.Internal.ConsoleLogger., took 0 ms.
TpTrace Verbose: 0 : 3572, 12, 2025/02/11, 18:22:34.530, 586627424724, vstest.console.dll, TestHostManagerCallbacks.StandardOutputReceivedCallback Test host standard output line: �������� (#3) �������� �� ������ਧ���.
TpTrace Verbose: 0 : 3572, 12, 2025/02/11, 18:22:34.530, 586627425226, vstest.console.dll, MulticastDelegateUtilities.SafeInvoke: TestRunMessageLoggerProxy.SendMessage: Invoking callback 1/1 for Microsoft.VisualStudio.TestPlatform.Common.Logging.InternalTestLoggerEvents., took 0 ms.
TpTrace Verbose: 0 : 3572, 4, 2025/02/11, 18:22:34.530, 586627425326, vstest.console.dll, MulticastDelegateUtilities.SafeInvoke: InternalTestLoggerEvents.SendMessage: Invoking callback 1/1 for Microsoft.VisualStudio.TestPlatform.CommandLine.Internal.ConsoleLogger., took 0 ms.
TpTrace Verbose: 0 : 3572, 12, 2025/02/11, 18:22:34.530, 586627431180, vstest.console.dll, TestHostManagerCallbacks.StandardOutputReceivedCallback Test host standard output line:  �� ��襫 �ᬮ��. �� �� �ਭ������� � ������.
TpTrace Verbose: 0 : 3572, 12, 2025/02/11, 18:22:34.530, 586627431765, vstest.console.dll, MulticastDelegateUtilities.SafeInvoke: TestRunMessageLoggerProxy.SendMessage: Invoking callback 1/1 for Microsoft.VisualStudio.TestPlatform.Common.Logging.InternalTestLoggerEvents., took 0 ms.
TpTrace Verbose: 0 : 3572, 4, 2025/02/11, 18:22:34.530, 586627431847, vstest.console.dll, MulticastDelegateUtilities.SafeInvoke: InternalTestLoggerEvents.SendMessage: Invoking callback 1/1 for Microsoft.VisualStudio.TestPlatform.CommandLine.Internal.ConsoleLogger., took 0 ms.
TpTrace Verbose: 0 : 3572, 12, 2025/02/11, 18:22:34.531, 586627441465, vstest.console.dll, TestHostManagerCallbacks.StandardOutputReceivedCallback Test host standard output line:  (#1) �ਭ�� � ������.
TpTrace Verbose: 0 : 3572, 12, 2025/02/11, 18:22:34.531, 586627442052, vstest.console.dll, MulticastDelegateUtilities.SafeInvoke: TestRunMessageLoggerProxy.SendMessage: Invoking callback 1/1 for Microsoft.VisualStudio.TestPlatform.Common.Logging.InternalTestLoggerEvents., took 0 ms.
TpTrace Verbose: 0 : 3572, 12, 2025/02/11, 18:22:34.532, 586627442566, vstest.console.dll, TestHostManagerCallbacks.StandardOutputReceivedCallback Test host standard output line:  (#2) �ਭ�� � ������.
TpTrace Verbose: 0 : 3572, 12, 2025/02/11, 18:22:34.532, 586627443016, vstest.console.dll, MulticastDelegateUtilities.SafeInvoke: TestRunMessageLoggerProxy.SendMessage: Invoking callback 1/1 for Microsoft.VisualStudio.TestPlatform.Common.Logging.InternalTestLoggerEvents., took 0 ms.
TpTrace Verbose: 0 : 3572, 12, 2025/02/11, 18:22:34.532, 586627443147, vstest.console.dll, TestHostManagerCallbacks.StandardOutputReceivedCallback Test host standard output line:  (#3) �ਭ�� � ������.
TpTrace Verbose: 0 : 3572, 12, 2025/02/11, 18:22:34.532, 586627443277, vstest.console.dll, MulticastDelegateUtilities.SafeInvoke: TestRunMessageLoggerProxy.SendMessage: Invoking callback 1/1 for Microsoft.VisualStudio.TestPlatform.Common.Logging.InternalTestLoggerEvents., took 0 ms.
TpTrace Verbose: 0 : 3572, 4, 2025/02/11, 18:22:34.532, 586627443270, vstest.console.dll, MulticastDelegateUtilities.SafeInvoke: InternalTestLoggerEvents.SendMessage: Invoking callback 1/1 for Microsoft.VisualStudio.TestPlatform.CommandLine.Internal.ConsoleLogger., took 0 ms.
TpTrace Verbose: 0 : 3572, 4, 2025/02/11, 18:22:34.532, 586627443829, vstest.console.dll, MulticastDelegateUtilities.SafeInvoke: InternalTestLoggerEvents.SendMessage: Invoking callback 1/1 for Microsoft.VisualStudio.TestPlatform.CommandLine.Internal.ConsoleLogger., took 0 ms.
TpTrace Verbose: 0 : 3572, 4, 2025/02/11, 18:22:34.532, 586627444024, vstest.console.dll, MulticastDelegateUtilities.SafeInvoke: InternalTestLoggerEvents.SendMessage: Invoking callback 1/1 for Microsoft.VisualStudio.TestPlatform.CommandLine.Internal.ConsoleLogger., took 0 ms.
TpTrace Verbose: 0 : 3572, 12, 2025/02/11, 18:22:34.532, 586627443405, vstest.console.dll, TestHostManagerCallbacks.StandardOutputReceivedCallback Test host standard output line:  (#4) �ਭ�� � ������.
TpTrace Verbose: 0 : 3572, 12, 2025/02/11, 18:22:34.532, 586627444833, vstest.console.dll, MulticastDelegateUtilities.SafeInvoke: TestRunMessageLoggerProxy.SendMessage: Invoking callback 1/1 for Microsoft.VisualStudio.TestPlatform.Common.Logging.InternalTestLoggerEvents., took 0 ms.
TpTrace Verbose: 0 : 3572, 12, 2025/02/11, 18:22:34.532, 586627445098, vstest.console.dll, TestHostManagerCallbacks.StandardOutputReceivedCallback Test host standard output line:  (#5) �ਭ�� � ������.
TpTrace Verbose: 0 : 3572, 12, 2025/02/11, 18:22:34.532, 586627445261, vstest.console.dll, MulticastDelegateUtilities.SafeInvoke: TestRunMessageLoggerProxy.SendMessage: Invoking callback 1/1 for Microsoft.VisualStudio.TestPlatform.Common.Logging.InternalTestLoggerEvents., took 0 ms.
TpTrace Verbose: 0 : 3572, 4, 2025/02/11, 18:22:34.532, 586627445507, vstest.console.dll, MulticastDelegateUtilities.SafeInvoke: InternalTestLoggerEvents.SendMessage: Invoking callback 1/1 for Microsoft.VisualStudio.TestPlatform.CommandLine.Internal.ConsoleLogger., took 0 ms.
TpTrace Verbose: 0 : 3572, 4, 2025/02/11, 18:22:34.532, 586627445947, vstest.console.dll, MulticastDelegateUtilities.SafeInvoke: InternalTestLoggerEvents.SendMessage: Invoking callback 1/1 for Microsoft.VisualStudio.TestPlatform.CommandLine.Internal.ConsoleLogger., took 0 ms.
TpTrace Verbose: 0 : 3572, 12, 2025/02/11, 18:22:34.532, 586627451022, vstest.console.dll, TestHostManagerCallbacks.StandardOutputReceivedCallback Test host standard output line:  (#1) �ਭ�� � ������.
TpTrace Verbose: 0 : 3572, 12, 2025/02/11, 18:22:34.532, 586627451383, vstest.console.dll, MulticastDelegateUtilities.SafeInvoke: TestRunMessageLoggerProxy.SendMessage: Invoking callback 1/1 for Microsoft.VisualStudio.TestPlatform.Common.Logging.InternalTestLoggerEvents., took 0 ms.
TpTrace Verbose: 0 : 3572, 12, 2025/02/11, 18:22:34.532, 586627451766, vstest.console.dll, TestHostManagerCallbacks.StandardOutputReceivedCallback Test host standard output line:  (#2) �ਭ�� � ������.
TpTrace Verbose: 0 : 3572, 12, 2025/02/11, 18:22:34.532, 586627452003, vstest.console.dll, MulticastDelegateUtilities.SafeInvoke: TestRunMessageLoggerProxy.SendMessage: Invoking callback 1/1 for Microsoft.VisualStudio.TestPlatform.Common.Logging.InternalTestLoggerEvents., took 0 ms.
TpTrace Verbose: 0 : 3572, 4, 2025/02/11, 18:22:34.532, 586627452037, vstest.console.dll, MulticastDelegateUtilities.SafeInvoke: InternalTestLoggerEvents.SendMessage: Invoking callback 1/1 for Microsoft.VisualStudio.TestPlatform.CommandLine.Internal.ConsoleLogger., took 0 ms.
TpTrace Verbose: 0 : 3572, 12, 2025/02/11, 18:22:34.533, 586627452555, vstest.console.dll, TestHostManagerCallbacks.StandardOutputReceivedCallback Test host standard output line:  (#3) �ਭ�� � ������.
TpTrace Verbose: 0 : 3572, 4, 2025/02/11, 18:22:34.533, 586627452576, vstest.console.dll, MulticastDelegateUtilities.SafeInvoke: InternalTestLoggerEvents.SendMessage: Invoking callback 1/1 for Microsoft.VisualStudio.TestPlatform.CommandLine.Internal.ConsoleLogger., took 0 ms.
TpTrace Verbose: 0 : 3572, 12, 2025/02/11, 18:22:34.533, 586627452880, vstest.console.dll, MulticastDelegateUtilities.SafeInvoke: TestRunMessageLoggerProxy.SendMessage: Invoking callback 1/1 for Microsoft.VisualStudio.TestPlatform.Common.Logging.InternalTestLoggerEvents., took 0 ms.
TpTrace Verbose: 0 : 3572, 4, 2025/02/11, 18:22:34.533, 586627453041, vstest.console.dll, MulticastDelegateUtilities.SafeInvoke: InternalTestLoggerEvents.SendMessage: Invoking callback 1/1 for Microsoft.VisualStudio.TestPlatform.CommandLine.Internal.ConsoleLogger., took 0 ms.
TpTrace Verbose: 0 : 3572, 12, 2025/02/11, 18:22:34.533, 586627453115, vstest.console.dll, TestHostManagerCallbacks.StandardOutputReceivedCallback Test host standard output line:  (#4) �ਭ�� � ������.
TpTrace Verbose: 0 : 3572, 12, 2025/02/11, 18:22:34.533, 586627453517, vstest.console.dll, MulticastDelegateUtilities.SafeInvoke: TestRunMessageLoggerProxy.SendMessage: Invoking callback 1/1 for Microsoft.VisualStudio.TestPlatform.Common.Logging.InternalTestLoggerEvents., took 0 ms.
TpTrace Verbose: 0 : 3572, 12, 2025/02/11, 18:22:34.533, 586627453679, vstest.console.dll, TestHostManagerCallbacks.StandardOutputReceivedCallback Test host standard output line:  (#5) �ਭ�� � ������.
TpTrace Verbose: 0 : 3572, 12, 2025/02/11, 18:22:34.533, 586627453822, vstest.console.dll, MulticastDelegateUtilities.SafeInvoke: TestRunMessageLoggerProxy.SendMessage: Invoking callback 1/1 for Microsoft.VisualStudio.TestPlatform.Common.Logging.InternalTestLoggerEvents., took 0 ms.
TpTrace Verbose: 0 : 3572, 4, 2025/02/11, 18:22:34.533, 586627454236, vstest.console.dll, MulticastDelegateUtilities.SafeInvoke: InternalTestLoggerEvents.SendMessage: Invoking callback 1/1 for Microsoft.VisualStudio.TestPlatform.CommandLine.Internal.ConsoleLogger., took 0 ms.
TpTrace Verbose: 0 : 3572, 4, 2025/02/11, 18:22:34.533, 586627454615, vstest.console.dll, MulticastDelegateUtilities.SafeInvoke: InternalTestLoggerEvents.SendMessage: Invoking callback 1/1 for Microsoft.VisualStudio.TestPlatform.CommandLine.Internal.ConsoleLogger., took 0 ms.
TpTrace Verbose: 0 : 3572, 12, 2025/02/11, 18:22:34.534, 586627462419, vstest.console.dll, TestHostManagerCallbacks.StandardOutputReceivedCallback Test host standard output line:  (#1) �ਭ�� � ������.
TpTrace Verbose: 0 : 3572, 12, 2025/02/11, 18:22:34.534, 586627462722, vstest.console.dll, MulticastDelegateUtilities.SafeInvoke: TestRunMessageLoggerProxy.SendMessage: Invoking callback 1/1 for Microsoft.VisualStudio.TestPlatform.Common.Logging.InternalTestLoggerEvents., took 0 ms.
TpTrace Verbose: 0 : 3572, 12, 2025/02/11, 18:22:34.534, 586627463033, vstest.console.dll, TestHostManagerCallbacks.StandardOutputReceivedCallback Test host standard output line:  (#2) �ਭ�� � ������.
TpTrace Verbose: 0 : 3572, 12, 2025/02/11, 18:22:34.534, 586627463259, vstest.console.dll, MulticastDelegateUtilities.SafeInvoke: TestRunMessageLoggerProxy.SendMessage: Invoking callback 1/1 for Microsoft.VisualStudio.TestPlatform.Common.Logging.InternalTestLoggerEvents., took 0 ms.
TpTrace Verbose: 0 : 3572, 12, 2025/02/11, 18:22:34.534, 586627463373, vstest.console.dll, TestHostManagerCallbacks.StandardOutputReceivedCallback Test host standard output line:  (#3) �ਭ�� � ������.
TpTrace Verbose: 0 : 3572, 12, 2025/02/11, 18:22:34.534, 586627463490, vstest.console.dll, MulticastDelegateUtilities.SafeInvoke: TestRunMessageLoggerProxy.SendMessage: Invoking callback 1/1 for Microsoft.VisualStudio.TestPlatform.Common.Logging.InternalTestLoggerEvents., took 0 ms.
TpTrace Verbose: 0 : 3572, 12, 2025/02/11, 18:22:34.534, 586627463591, vstest.console.dll, TestHostManagerCallbacks.StandardOutputReceivedCallback Test host standard output line:  (#4) �ਭ�� � ������.
TpTrace Verbose: 0 : 3572, 12, 2025/02/11, 18:22:34.534, 586627463724, vstest.console.dll, MulticastDelegateUtilities.SafeInvoke: TestRunMessageLoggerProxy.SendMessage: Invoking callback 1/1 for Microsoft.VisualStudio.TestPlatform.Common.Logging.InternalTestLoggerEvents., took 0 ms.
TpTrace Verbose: 0 : 3572, 12, 2025/02/11, 18:22:34.534, 586627463826, vstest.console.dll, TestHostManagerCallbacks.StandardOutputReceivedCallback Test host standard output line:  (#5) �ਭ�� � ������.
TpTrace Verbose: 0 : 3572, 12, 2025/02/11, 18:22:34.534, 586627463935, vstest.console.dll, MulticastDelegateUtilities.SafeInvoke: TestRunMessageLoggerProxy.SendMessage: Invoking callback 1/1 for Microsoft.VisualStudio.TestPlatform.Common.Logging.InternalTestLoggerEvents., took 0 ms.
TpTrace Verbose: 0 : 3572, 4, 2025/02/11, 18:22:34.534, 586627464014, vstest.console.dll, MulticastDelegateUtilities.SafeInvoke: InternalTestLoggerEvents.SendMessage: Invoking callback 1/1 for Microsoft.VisualStudio.TestPlatform.CommandLine.Internal.ConsoleLogger., took 0 ms.
TpTrace Verbose: 0 : 3572, 4, 2025/02/11, 18:22:34.534, 586627464593, vstest.console.dll, MulticastDelegateUtilities.SafeInvoke: InternalTestLoggerEvents.SendMessage: Invoking callback 1/1 for Microsoft.VisualStudio.TestPlatform.CommandLine.Internal.ConsoleLogger., took 0 ms.
TpTrace Verbose: 0 : 3572, 4, 2025/02/11, 18:22:34.534, 586627464749, vstest.console.dll, MulticastDelegateUtilities.SafeInvoke: InternalTestLoggerEvents.SendMessage: Invoking callback 1/1 for Microsoft.VisualStudio.TestPlatform.CommandLine.Internal.ConsoleLogger., took 0 ms.
TpTrace Verbose: 0 : 3572, 4, 2025/02/11, 18:22:34.534, 586627464860, vstest.console.dll, MulticastDelegateUtilities.SafeInvoke: InternalTestLoggerEvents.SendMessage: Invoking callback 1/1 for Microsoft.VisualStudio.TestPlatform.CommandLine.Internal.ConsoleLogger., took 0 ms.
TpTrace Verbose: 0 : 3572, 4, 2025/02/11, 18:22:34.534, 586627464989, vstest.console.dll, MulticastDelegateUtilities.SafeInvoke: InternalTestLoggerEvents.SendMessage: Invoking callback 1/1 for Microsoft.VisualStudio.TestPlatform.CommandLine.Internal.ConsoleLogger., took 0 ms.
TpTrace Verbose: 0 : 3572, 12, 2025/02/11, 18:22:34.534, 586627471207, vstest.console.dll, TestHostManagerCallbacks.StandardOutputReceivedCallback Test host standard output line:  (#1) �ਭ�� � ������.
TpTrace Verbose: 0 : 3572, 12, 2025/02/11, 18:22:34.534, 586627471774, vstest.console.dll, MulticastDelegateUtilities.SafeInvoke: TestRunMessageLoggerProxy.SendMessage: Invoking callback 1/1 for Microsoft.VisualStudio.TestPlatform.Common.Logging.InternalTestLoggerEvents., took 0 ms.
TpTrace Verbose: 0 : 3572, 4, 2025/02/11, 18:22:34.534, 586627471950, vstest.console.dll, MulticastDelegateUtilities.SafeInvoke: InternalTestLoggerEvents.SendMessage: Invoking callback 1/1 for Microsoft.VisualStudio.TestPlatform.CommandLine.Internal.ConsoleLogger., took 0 ms.
TpTrace Verbose: 0 : 3572, 14, 2025/02/11, 18:22:34.553, 586627659332, vstest.console.dll, TcpClientExtensions.MessageLoopAsync: NotifyDataAvailable remoteEndPoint: 127.0.0.1:57147 localEndPoint: 127.0.0.1:57146
TpTrace Verbose: 0 : 3572, 14, 2025/02/11, 18:22:34.553, 586627660956, vstest.console.dll, TestRequestSender.OnExecutionMessageReceived: Received message: {"Version":7,"MessageType":"TestExecution.StatsChange","Payload":{"NewTestResults":[{"TestCase":{"Id":"91f70f87-b182-37db-4acb-177f4c3838b7","FullyQualifiedName":"MiniDZ1Tests.HerboTests.HerboConstructor_InvalidKindness_ThrowsArgumentException","DisplayName":"MiniDZ1Tests.HerboTests.HerboConstructor_InvalidKindness_ThrowsArgumentException(kindness: 100789)","ExecutorUri":"executor://xunit/VsTestRunner2/netcoreapp","Source":"D:\\C# проекты\\KPO\\MiniDZ1Tests\\bin\\Debug\\net8.0\\fine-code-coverage\\build-output\\MiniDZ1Tests.dll","CodeFilePath":null,"LineNumber":0,"Properties":[]},"Attachments":[],"Outcome":1,"ErrorMessage":null,"ErrorStackTrace":null,"DisplayName":"MiniDZ1Tests.HerboTests.HerboConstructor_InvalidKindness_ThrowsArgumentException(kindness: 100789)","Messages":[],"ComputerName":"WIN-NT059EK4SVE","Duration":"00:00:00.3783598","StartTime":"2025-02-11T15:22:34.521775+00:00","EndTime":"2025-02-11T15:22:34.5217851+00:00","Properties":[]},{"TestCase":{"Id":"afb42db2-442e-59f2-c673-f4968d0d224f","FullyQualifiedName":"MiniDZ1Tests.ThingTests.ToString_ReturnsCorrectString","DisplayName":"MiniDZ1Tests.ThingTests.ToString_ReturnsCorrectString(number: 6)","ExecutorUri":"executor://xunit/VsTestRunner2/netcoreapp","Source":"D:\\C# проекты\\KPO\\MiniDZ1Tests\\bin\\Debug\\net8.0\\fine-code-coverage\\build-output\\MiniDZ1Tests.dll","CodeFilePath":null,"LineNumber":0,"Properties":[]},"Attachments":[],"Outcome":1,"ErrorMessage":null,"ErrorStackTrace":null,"DisplayName":"MiniDZ1Tests.ThingTests.ToString_ReturnsCorrectString(number: 6)","Messages":[],"ComputerName":"WIN-NT059EK4SVE","Duration":"00:00:00.3798295","StartTime":"2025-02-11T15:22:34.5325013+00:00","EndTime":"2025-02-11T15:22:34.5325014+00:00","Properties":[]},{"TestCase":{"Id":"e330af1f-f9b9-5c89-4a6d-e4f0c948cec3","FullyQualifiedName":"MiniDZ1Tests.VeterinaryClinicTests.IsHealthy_HealthGreaterThan5_ReturnsTrue","DisplayName":"MiniDZ1Tests.VeterinaryClinicTests.IsHealthy_HealthGreaterThan5_ReturnsTrue(health: 100789)","ExecutorUri":"executor://xunit/VsTestRunner2/netcoreapp","Source":"D:\\C# проекты\\KPO\\MiniDZ1Tests\\bin\\Debug\\net8.0\\fine-code-coverage\\build-output\\MiniDZ1Tests.dll","CodeFilePath":null,"LineNumber":0,"Properties":[]},"Attachments":[],"Outcome":1,"ErrorMessage":null,"ErrorStackTrace":null,"DisplayName":"MiniDZ1Tests.VeterinaryClinicTests.IsHealthy_HealthGreaterThan5_ReturnsTrue(health: 100789)","Messages":[],"ComputerName":"WIN-NT059EK4SVE","Duration":"00:00:00.3801016","StartTime":"2025-02-11T15:22:34.5349443+00:00","EndTime":"2025-02-11T15:22:34.5349443+00:00","Properties":[]},{"TestCase":{"Id":"3db5bc61-105a-3807-621d-1e3543c2ec0a","FullyQualifiedName":"MiniDZ1Tests.ThingTests.ToString_ReturnsCorrectString","DisplayName":"MiniDZ1Tests.ThingTests.ToString_ReturnsCorrectString(number: 3)","ExecutorUri":"executor://xunit/VsTestRunner2/netcoreapp","Source":"D:\\C# проекты\\KPO\\MiniDZ1Tests\\bin\\Debug\\net8.0\\fine-code-coverage\\build-output\\MiniDZ1Tests.dll","CodeFilePath":null,"LineNumber":0,"Properties":[]},"Attachments":[],"Outcome":1,"ErrorMessage":null,"ErrorStackTrace":null,"DisplayName":"MiniDZ1Tests.ThingTests.ToString_ReturnsCorrectString(number: 3)","Messages":[],"ComputerName":"WIN-NT059EK4SVE","Duration":"00:00:00.0002168","StartTime":"2025-02-11T15:22:34.5365577+00:00","EndTime":"2025-02-11T15:22:34.5365577+00:00","Properties":[]},{"TestCase":{"Id":"74b88e9d-068a-adff-8090-ad4665211012","FullyQualifiedName":"MiniDZ1Tests.HerboTests.HerboConstructor_InvalidKindness_ThrowsArgumentException","DisplayName":"MiniDZ1Tests.HerboTests.HerboConstructor_InvalidKindness_ThrowsArgumentException(kindness: 11)","ExecutorUri":"executor://xunit/VsTestRunner2/netcoreapp","Source":"D:\\C# проекты\\KPO\\MiniDZ1Tests\\bin\\Debug\\net8.0\\fine-code-coverage\\build-output\\MiniDZ1Tests.dll","CodeFilePath":null,"LineNumber":0,"Properties":[]},"Attachments":[],"Outcome":1,"ErrorMessage":null,"ErrorStackTrace":null,"DisplayName":"MiniDZ1Tests.HerboTests.HerboConstructor_InvalidKindness_ThrowsArgumentException(kindness: 11)","Messages":[],"ComputerName":"WIN-NT059EK4SVE","Duration":"00:00:00.0005291","StartTime":"2025-02-11T15:22:34.5380437+00:00","EndTime":"2025-02-11T15:22:34.5380437+00:00","Properties":[]}],"TestRunStatistics":{"ExecutedTests":5,"Stats":{"Passed":5}},"ActiveTests":[{"Id":"d1d9f065-c4fa-63e4-b4e9-5f4bf5a1e0f3","FullyQualifiedName":"MiniDZ1Tests.PredatorTests.ToString_ReturnsCorrectString","DisplayName":"MiniDZ1Tests.PredatorTests.ToString_ReturnsCorrectString(nickname: \"Тигр\", food: 5, health: 4, aggressiveness: 6, number: 0)","ExecutorUri":"executor://xunit/VsTestRunner2/netcoreapp","Source":"D:\\C# проекты\\KPO\\MiniDZ1Tests\\bin\\Debug\\net8.0\\fine-code-coverage\\build-output\\MiniDZ1Tests.dll","CodeFilePath":null,"LineNumber":0,"Properties":[]},{"Id":"355f0bb0-5123-6c20-6a08-314adf21f460","FullyQualifiedName":"MiniDZ1Tests.ZooTests.GetHerbos_ReturnsHerbos","DisplayName":"MiniDZ1Tests.ZooTests.GetHerbos_ReturnsHerbos","ExecutorUri":"executor://xunit/VsTestRunner2/netcoreapp","Source":"D:\\C# проекты\\KPO\\MiniDZ1Tests\\bin\\Debug\\net8.0\\fine-code-coverage\\build-output\\MiniDZ1Tests.dll","CodeFilePath":null,"LineNumber":0,"Properties":[]},{"Id":"4322a96b-24cb-fd2c-5673-5d6215eb5117","FullyQualifiedName":"MiniDZ1Tests.VeterinaryClinicTests.IsHealthy_HealthGreaterThan5_ReturnsTrue","DisplayName":"MiniDZ1Tests.VeterinaryClinicTests.IsHealthy_HealthGreaterThan5_ReturnsTrue(health: 6)","ExecutorUri":"executor://xunit/VsTestRunner2/netcoreapp","Source":"D:\\C# проекты\\KPO\\MiniDZ1Tests\\bin\\Debug\\net8.0\\fine-code-coverage\\build-output\\MiniDZ1Tests.dll","CodeFilePath":null,"LineNumber":0,"Properties":[]},{"Id":"fe699bcb-b680-ac45-a205-510faa472cd9","FullyQualifiedName":"MiniDZ1Tests.ThingTests.ToString_ReturnsCorrectString","DisplayName":"MiniDZ1Tests.ThingTests.ToString_ReturnsCorrectString(number: 2)","ExecutorUri":"executor://xunit/VsTestRunner2/netcoreapp","Source":"D:\\C# проекты\\KPO\\MiniDZ1Tests\\bin\\Debug\\net8.0\\fine-code-coverage\\build-output\\MiniDZ1Tests.dll","CodeFilePath":null,"LineNumber":0,"Properties":[]},{"Id":"807ee87a-c298-d652-6de2-7e4a37f81da5","FullyQualifiedName":"MiniDZ1Tests.HerboTests.HerboConstructor_InvalidKindness_ThrowsArgumentException","DisplayName":"MiniDZ1Tests.HerboTests.HerboConstructor_InvalidKindness_ThrowsArgumentException(kindness: 100)","ExecutorUri":"executor://xunit/VsTestRunner2/netcoreapp","Source":"D:\\C# проекты\\KPO\\MiniDZ1Tests\\bin\\Debug\\net8.0\\fine-code-coverage\\build-output\\MiniDZ1Tests.dll","CodeFilePath":null,"LineNumber":0,"Properties":[]}]}}
TpTrace Verbose: 0 : 3572, 14, 2025/02/11, 18:22:34.564, 586627767286, vstest.console.dll, TestRunRequest:SendTestRunStatsChange: Starting.
TpTrace Verbose: 0 : 3572, 14, 2025/02/11, 18:22:34.564, 586627767995, vstest.console.dll, InProgress is MiniDZ1Tests.PredatorTests.ToString_ReturnsCorrectString(nickname: "Тигр", food: 5, health: 4, aggressiveness: 6, number: 0)
TpTrace Verbose: 0 : 3572, 14, 2025/02/11, 18:22:34.564, 586627768157, vstest.console.dll, InProgress is MiniDZ1Tests.ZooTests.GetHerbos_ReturnsHerbos
TpTrace Verbose: 0 : 3572, 14, 2025/02/11, 18:22:34.564, 586627768274, vstest.console.dll, InProgress is MiniDZ1Tests.VeterinaryClinicTests.IsHealthy_HealthGreaterThan5_ReturnsTrue(health: 6)
TpTrace Verbose: 0 : 3572, 14, 2025/02/11, 18:22:34.564, 586627768383, vstest.console.dll, InProgress is MiniDZ1Tests.ThingTests.ToString_ReturnsCorrectString(number: 2)
TpTrace Verbose: 0 : 3572, 14, 2025/02/11, 18:22:34.564, 586627768516, vstest.console.dll, InProgress is MiniDZ1Tests.HerboTests.HerboConstructor_InvalidKindness_ThrowsArgumentException(kindness: 100)
TpTrace Verbose: 0 : 3572, 14, 2025/02/11, 18:22:34.564, 586627769566, vstest.console.dll, MulticastDelegateUtilities.SafeInvoke: TestRun.RunStatsChanged: Invoking callbacks was skipped because there are no subscribers.
TpTrace Information: 0 : 3572, 14, 2025/02/11, 18:22:34.564, 586627769770, vstest.console.dll, TestRunRequest:SendTestRunStatsChange: Completed.
TpTrace Verbose: 0 : 3572, 14, 2025/02/11, 18:22:34.564, 586627769913, vstest.console.dll, MulticastDelegateUtilities.SafeInvoke: LengthPrefixCommunicationChannel: MessageReceived: Invoking callback 1/1 for Microsoft.VisualStudio.TestPlatform.CommunicationUtilities.TestRequestSender+<>c__DisplayClass34_0., took 10 ms.
TpTrace Verbose: 0 : 3572, 14, 2025/02/11, 18:22:34.564, 586627770062, vstest.console.dll, TcpClientExtensions.MessageLoopAsync: Polling on remoteEndPoint: 127.0.0.1:57147 localEndPoint: 127.0.0.1:57146 after 449 ms
TpTrace Verbose: 0 : 3572, 4, 2025/02/11, 18:22:34.566, 586627785258, vstest.console.dll, MulticastDelegateUtilities.SafeInvoke: InternalTestLoggerEvents.SendTestResult: Invoking callback 1/1 for Microsoft.VisualStudio.TestPlatform.CommandLine.Internal.ConsoleLogger., took 1 ms.
TpTrace Verbose: 0 : 3572, 4, 2025/02/11, 18:22:34.566, 586627786861, vstest.console.dll, MulticastDelegateUtilities.SafeInvoke: InternalTestLoggerEvents.SendTestResult: Invoking callback 1/1 for Microsoft.VisualStudio.TestPlatform.CommandLine.Internal.ConsoleLogger., took 0 ms.
TpTrace Verbose: 0 : 3572, 4, 2025/02/11, 18:22:34.566, 586627787269, vstest.console.dll, MulticastDelegateUtilities.SafeInvoke: InternalTestLoggerEvents.SendTestResult: Invoking callback 1/1 for Microsoft.VisualStudio.TestPlatform.CommandLine.Internal.ConsoleLogger., took 0 ms.
TpTrace Verbose: 0 : 3572, 4, 2025/02/11, 18:22:34.566, 586627787549, vstest.console.dll, MulticastDelegateUtilities.SafeInvoke: InternalTestLoggerEvents.SendTestResult: Invoking callback 1/1 for Microsoft.VisualStudio.TestPlatform.CommandLine.Internal.ConsoleLogger., took 0 ms.
TpTrace Verbose: 0 : 3572, 4, 2025/02/11, 18:22:34.566, 586627787802, vstest.console.dll, MulticastDelegateUtilities.SafeInvoke: InternalTestLoggerEvents.SendTestResult: Invoking callback 1/1 for Microsoft.VisualStudio.TestPlatform.CommandLine.Internal.ConsoleLogger., took 0 ms.
TpTrace Verbose: 0 : 3572, 14, 2025/02/11, 18:22:34.567, 586627794880, vstest.console.dll, TcpClientExtensions.MessageLoopAsync: NotifyDataAvailable remoteEndPoint: 127.0.0.1:57147 localEndPoint: 127.0.0.1:57146
TpTrace Verbose: 0 : 3572, 14, 2025/02/11, 18:22:34.567, 586627795961, vstest.console.dll, TestRequestSender.OnExecutionMessageReceived: Received message: {"Version":7,"MessageType":"TestExecution.StatsChange","Payload":{"NewTestResults":[{"TestCase":{"Id":"fe699bcb-b680-ac45-a205-510faa472cd9","FullyQualifiedName":"MiniDZ1Tests.ThingTests.ToString_ReturnsCorrectString","DisplayName":"MiniDZ1Tests.ThingTests.ToString_ReturnsCorrectString(number: 2)","ExecutorUri":"executor://xunit/VsTestRunner2/netcoreapp","Source":"D:\\C# проекты\\KPO\\MiniDZ1Tests\\bin\\Debug\\net8.0\\fine-code-coverage\\build-output\\MiniDZ1Tests.dll","CodeFilePath":null,"LineNumber":0,"Properties":[]},"Attachments":[],"Outcome":1,"ErrorMessage":null,"ErrorStackTrace":null,"DisplayName":"MiniDZ1Tests.ThingTests.ToString_ReturnsCorrectString(number: 2)","Messages":[],"ComputerName":"WIN-NT059EK4SVE","Duration":"00:00:00.0000194","StartTime":"2025-02-11T15:22:34.5545103+00:00","EndTime":"2025-02-11T15:22:34.5545104+00:00","Properties":[]},{"TestCase":{"Id":"807ee87a-c298-d652-6de2-7e4a37f81da5","FullyQualifiedName":"MiniDZ1Tests.HerboTests.HerboConstructor_InvalidKindness_ThrowsArgumentException","DisplayName":"MiniDZ1Tests.HerboTests.HerboConstructor_InvalidKindness_ThrowsArgumentException(kindness: 100)","ExecutorUri":"executor://xunit/VsTestRunner2/netcoreapp","Source":"D:\\C# проекты\\KPO\\MiniDZ1Tests\\bin\\Debug\\net8.0\\fine-code-coverage\\build-output\\MiniDZ1Tests.dll","CodeFilePath":null,"LineNumber":0,"Properties":[]},"Attachments":[],"Outcome":1,"ErrorMessage":null,"ErrorStackTrace":null,"DisplayName":"MiniDZ1Tests.HerboTests.HerboConstructor_InvalidKindness_ThrowsArgumentException(kindness: 100)","Messages":[],"ComputerName":"WIN-NT059EK4SVE","Duration":"00:00:00.0000673","StartTime":"2025-02-11T15:22:34.5555258+00:00","EndTime":"2025-02-11T15:22:34.5555258+00:00","Properties":[]},{"TestCase":{"Id":"4322a96b-24cb-fd2c-5673-5d6215eb5117","FullyQualifiedName":"MiniDZ1Tests.VeterinaryClinicTests.IsHealthy_HealthGreaterThan5_ReturnsTrue","DisplayName":"MiniDZ1Tests.VeterinaryClinicTests.IsHealthy_HealthGreaterThan5_ReturnsTrue(health: 6)","ExecutorUri":"executor://xunit/VsTestRunner2/netcoreapp","Source":"D:\\C# проекты\\KPO\\MiniDZ1Tests\\bin\\Debug\\net8.0\\fine-code-coverage\\build-output\\MiniDZ1Tests.dll","CodeFilePath":null,"LineNumber":0,"Properties":[]},"Attachments":[],"Outcome":1,"ErrorMessage":null,"ErrorStackTrace":null,"DisplayName":"MiniDZ1Tests.VeterinaryClinicTests.IsHealthy_HealthGreaterThan5_ReturnsTrue(health: 6)","Messages":[],"ComputerName":"WIN-NT059EK4SVE","Duration":"00:00:00.0002621","StartTime":"2025-02-11T15:22:34.5570901+00:00","EndTime":"2025-02-11T15:22:34.5570901+00:00","Properties":[]},{"TestCase":{"Id":"0178616d-0daf-240d-ae69-66c7c6000e88","FullyQualifiedName":"MiniDZ1Tests.VeterinaryClinicTests.IsHealthy_HealthGreaterThan5_ReturnsTrue","DisplayName":"MiniDZ1Tests.VeterinaryClinicTests.IsHealthy_HealthGreaterThan5_ReturnsTrue(health: 100)","ExecutorUri":"executor://xunit/VsTestRunner2/netcoreapp","Source":"D:\\C# проекты\\KPO\\MiniDZ1Tests\\bin\\Debug\\net8.0\\fine-code-coverage\\build-output\\MiniDZ1Tests.dll","CodeFilePath":null,"LineNumber":0,"Properties":[]},"Attachments":[],"Outcome":1,"ErrorMessage":null,"ErrorStackTrace":null,"DisplayName":"MiniDZ1Tests.VeterinaryClinicTests.IsHealthy_HealthGreaterThan5_ReturnsTrue(health: 100)","Messages":[],"ComputerName":"WIN-NT059EK4SVE","Duration":"00:00:00.0000236","StartTime":"2025-02-11T15:22:34.5586597+00:00","EndTime":"2025-02-11T15:22:34.5586597+00:00","Properties":[]},{"TestCase":{"Id":"65bc2be5-c149-c621-fb5b-363895ff3b02","FullyQualifiedName":"MiniDZ1Tests.HerboTests.HerboConstructor_ValidKindness_CreatesInstance","DisplayName":"MiniDZ1Tests.HerboTests.HerboConstructor_ValidKindness_CreatesInstance(kindness: 10)","ExecutorUri":"executor://xunit/VsTestRunner2/netcoreapp","Source":"D:\\C# проекты\\KPO\\MiniDZ1Tests\\bin\\Debug\\net8.0\\fine-code-coverage\\build-output\\MiniDZ1Tests.dll","CodeFilePath":null,"LineNumber":0,"Properties":[]},"Attachments":[],"Outcome":1,"ErrorMessage":null,"ErrorStackTrace":null,"DisplayName":"MiniDZ1Tests.HerboTests.HerboConstructor_ValidKindness_CreatesInstance(kindness: 10)","Messages":[],"ComputerName":"WIN-NT059EK4SVE","Duration":"00:00:00.0003278","StartTime":"2025-02-11T15:22:34.5607288+00:00","EndTime":"2025-02-11T15:22:34.5607289+00:00","Properties":[]},{"TestCase":{"Id":"6410c6ad-459b-4c7d-1f20-c19e132703f8","FullyQualifiedName":"MiniDZ1Tests.VeterinaryClinicTests.IsHealthy_HealthLessOrEqualTo5_ReturnsFalse","DisplayName":"MiniDZ1Tests.VeterinaryClinicTests.IsHealthy_HealthLessOrEqualTo5_ReturnsFalse(health: 0)","ExecutorUri":"executor://xunit/VsTestRunner2/netcoreapp","Source":"D:\\C# проекты\\KPO\\MiniDZ1Tests\\bin\\Debug\\net8.0\\fine-code-coverage\\build-output\\MiniDZ1Tests.dll","CodeFilePath":null,"LineNumber":0,"Properties":[]},"Attachments":[],"Outcome":1,"ErrorMessage":null,"ErrorStackTrace":null,"DisplayName":"MiniDZ1Tests.VeterinaryClinicTests.IsHealthy_HealthLessOrEqualTo5_ReturnsFalse(health: 0)","Messages":[],"ComputerName":"WIN-NT059EK4SVE","Duration":"00:00:00.0001990","StartTime":"2025-02-11T15:22:34.5622239+00:00","EndTime":"2025-02-11T15:22:34.562224+00:00","Properties":[]},{"TestCase":{"Id":"c96d9356-a155-003f-a3b2-a8d7571aee89","FullyQualifiedName":"MiniDZ1Tests.VeterinaryClinicTests.IsHealthy_HealthLessOrEqualTo5_ReturnsFalse","DisplayName":"MiniDZ1Tests.VeterinaryClinicTests.IsHealthy_HealthLessOrEqualTo5_ReturnsFalse(health: -5)","ExecutorUri":"executor://xunit/VsTestRunner2/netcoreapp","Source":"D:\\C# проекты\\KPO\\MiniDZ1Tests\\bin\\Debug\\net8.0\\fine-code-coverage\\build-output\\MiniDZ1Tests.dll","CodeFilePath":null,"LineNumber":0,"Properties":[]},"Attachments":[],"Outcome":1,"ErrorMessage":null,"ErrorStackTrace":null,"DisplayName":"MiniDZ1Tests.VeterinaryClinicTests.IsHealthy_HealthLessOrEqualTo5_ReturnsFalse(health: -5)","Messages":[],"ComputerName":"WIN-NT059EK4SVE","Duration":"00:00:00.0001091","StartTime":"2025-02-11T15:22:34.5638005+00:00","EndTime":"2025-02-11T15:22:34.5638006+00:00","Properties":[]},{"TestCase":{"Id":"1a8db174-c36c-508c-1eb0-84c222c87437","FullyQualifiedName":"MiniDZ1Tests.HerboTests.HerboConstructor_ValidKindness_CreatesInstance","DisplayName":"MiniDZ1Tests.HerboTests.HerboConstructor_ValidKindness_CreatesInstance(kindness: 0)","ExecutorUri":"executor://xunit/VsTestRunner2/netcoreapp","Source":"D:\\C# проекты\\KPO\\MiniDZ1Tests\\bin\\Debug\\net8.0\\fine-code-coverage\\build-output\\MiniDZ1Tests.dll","CodeFilePath":null,"LineNumber":0,"Properties":[]},"Attachments":[],"Outcome":1,"ErrorMessage":null,"ErrorStackTrace":null,"DisplayName":"MiniDZ1Tests.HerboTests.HerboConstructor_ValidKindness_CreatesInstance(kindness: 0)","Messages":[],"ComputerName":"WIN-NT059EK4SVE","Duration":"00:00:00.0001409","StartTime":"2025-02-11T15:22:34.5646132+00:00","EndTime":"2025-02-11T15:22:34.5646132+00:00","Properties":[]}],"TestRunStatistics":{"ExecutedTests":13,"Stats":{"Passed":13}},"ActiveTests":[{"Id":"ffe9f344-dee9-aa9f-49e2-9cd2a0429aab","FullyQualifiedName":"MiniDZ1Tests.VeterinaryClinicTests.IsHealthy_HealthLessOrEqualTo5_ReturnsFalse","DisplayName":"MiniDZ1Tests.VeterinaryClinicTests.IsHealthy_HealthLessOrEqualTo5_ReturnsFalse(health: 5)","ExecutorUri":"executor://xunit/VsTestRunner2/netcoreapp","Source":"D:\\C# проекты\\KPO\\MiniDZ1Tests\\bin\\Debug\\net8.0\\fine-code-coverage\\build-output\\MiniDZ1Tests.dll","CodeFilePath":null,"LineNumber":0,"Properties":[]},{"Id":"8b7a0583-a34a-6425-50a1-3abe605d4742","FullyQualifiedName":"MiniDZ1Tests.HerboTests.HerboConstructor_ValidKindness_CreatesInstance","DisplayName":"MiniDZ1Tests.HerboTests.HerboConstructor_ValidKindness_CreatesInstance(kindness: 5)","ExecutorUri":"executor://xunit/VsTestRunner2/netcoreapp","Source":"D:\\C# проекты\\KPO\\MiniDZ1Tests\\bin\\Debug\\net8.0\\fine-code-coverage\\build-output\\MiniDZ1Tests.dll","CodeFilePath":null,"LineNumber":0,"Properties":[]}]}}
TpTrace Verbose: 0 : 3572, 14, 2025/02/11, 18:22:34.567, 586627801407, vstest.console.dll, TestRunRequest:SendTestRunStatsChange: Starting.
TpTrace Verbose: 0 : 3572, 14, 2025/02/11, 18:22:34.567, 586627801770, vstest.console.dll, InProgress is MiniDZ1Tests.VeterinaryClinicTests.IsHealthy_HealthLessOrEqualTo5_ReturnsFalse(health: 5)
TpTrace Verbose: 0 : 3572, 14, 2025/02/11, 18:22:34.567, 586627801939, vstest.console.dll, InProgress is MiniDZ1Tests.HerboTests.HerboConstructor_ValidKindness_CreatesInstance(kindness: 5)
TpTrace Verbose: 0 : 3572, 14, 2025/02/11, 18:22:34.567, 586627802247, vstest.console.dll, MulticastDelegateUtilities.SafeInvoke: TestRun.RunStatsChanged: Invoking callbacks was skipped because there are no subscribers.
TpTrace Information: 0 : 3572, 14, 2025/02/11, 18:22:34.568, 586627802405, vstest.console.dll, TestRunRequest:SendTestRunStatsChange: Completed.
TpTrace Verbose: 0 : 3572, 14, 2025/02/11, 18:22:34.568, 586627802539, vstest.console.dll, MulticastDelegateUtilities.SafeInvoke: LengthPrefixCommunicationChannel: MessageReceived: Invoking callback 1/1 for Microsoft.VisualStudio.TestPlatform.CommunicationUtilities.TestRequestSender+<>c__DisplayClass34_0., took 0 ms.
TpTrace Verbose: 0 : 3572, 14, 2025/02/11, 18:22:34.568, 586627802713, vstest.console.dll, TcpClientExtensions.MessageLoopAsync: Polling on remoteEndPoint: 127.0.0.1:57147 localEndPoint: 127.0.0.1:57146 after 3 ms
TpTrace Verbose: 0 : 3572, 4, 2025/02/11, 18:22:34.568, 586627803073, vstest.console.dll, MulticastDelegateUtilities.SafeInvoke: InternalTestLoggerEvents.SendTestResult: Invoking callback 1/1 for Microsoft.VisualStudio.TestPlatform.CommandLine.Internal.ConsoleLogger., took 0 ms.
TpTrace Verbose: 0 : 3572, 4, 2025/02/11, 18:22:34.568, 586627803471, vstest.console.dll, MulticastDelegateUtilities.SafeInvoke: InternalTestLoggerEvents.SendTestResult: Invoking callback 1/1 for Microsoft.VisualStudio.TestPlatform.CommandLine.Internal.ConsoleLogger., took 0 ms.
TpTrace Verbose: 0 : 3572, 4, 2025/02/11, 18:22:34.568, 586627803620, vstest.console.dll, MulticastDelegateUtilities.SafeInvoke: InternalTestLoggerEvents.SendTestResult: Invoking callback 1/1 for Microsoft.VisualStudio.TestPlatform.CommandLine.Internal.ConsoleLogger., took 0 ms.
TpTrace Verbose: 0 : 3572, 4, 2025/02/11, 18:22:34.568, 586627803788, vstest.console.dll, MulticastDelegateUtilities.SafeInvoke: InternalTestLoggerEvents.SendTestResult: Invoking callback 1/1 for Microsoft.VisualStudio.TestPlatform.CommandLine.Internal.ConsoleLogger., took 0 ms.
TpTrace Verbose: 0 : 3572, 4, 2025/02/11, 18:22:34.568, 586627809480, vstest.console.dll, MulticastDelegateUtilities.SafeInvoke: InternalTestLoggerEvents.SendTestResult: Invoking callback 1/1 for Microsoft.VisualStudio.TestPlatform.CommandLine.Internal.ConsoleLogger., took 0 ms.
TpTrace Verbose: 0 : 3572, 4, 2025/02/11, 18:22:34.568, 586627809983, vstest.console.dll, MulticastDelegateUtilities.SafeInvoke: InternalTestLoggerEvents.SendTestResult: Invoking callback 1/1 for Microsoft.VisualStudio.TestPlatform.CommandLine.Internal.ConsoleLogger., took 0 ms.
TpTrace Verbose: 0 : 3572, 4, 2025/02/11, 18:22:34.568, 586627810160, vstest.console.dll, MulticastDelegateUtilities.SafeInvoke: InternalTestLoggerEvents.SendTestResult: Invoking callback 1/1 for Microsoft.VisualStudio.TestPlatform.CommandLine.Internal.ConsoleLogger., took 0 ms.
TpTrace Verbose: 0 : 3572, 4, 2025/02/11, 18:22:34.568, 586627810301, vstest.console.dll, MulticastDelegateUtilities.SafeInvoke: InternalTestLoggerEvents.SendTestResult: Invoking callback 1/1 for Microsoft.VisualStudio.TestPlatform.CommandLine.Internal.ConsoleLogger., took 0 ms.
TpTrace Verbose: 0 : 3572, 14, 2025/02/11, 18:22:34.580, 586627926353, vstest.console.dll, TcpClientExtensions.MessageLoopAsync: NotifyDataAvailable remoteEndPoint: 127.0.0.1:57147 localEndPoint: 127.0.0.1:57146
TpTrace Verbose: 0 : 3572, 14, 2025/02/11, 18:22:34.580, 586627928241, vstest.console.dll, TestRequestSender.OnExecutionMessageReceived: Received message: {"Version":7,"MessageType":"TestExecution.StatsChange","Payload":{"NewTestResults":[{"TestCase":{"Id":"8b7a0583-a34a-6425-50a1-3abe605d4742","FullyQualifiedName":"MiniDZ1Tests.HerboTests.HerboConstructor_ValidKindness_CreatesInstance","DisplayName":"MiniDZ1Tests.HerboTests.HerboConstructor_ValidKindness_CreatesInstance(kindness: 5)","ExecutorUri":"executor://xunit/VsTestRunner2/netcoreapp","Source":"D:\\C# проекты\\KPO\\MiniDZ1Tests\\bin\\Debug\\net8.0\\fine-code-coverage\\build-output\\MiniDZ1Tests.dll","CodeFilePath":null,"LineNumber":0,"Properties":[]},"Attachments":[],"Outcome":1,"ErrorMessage":null,"ErrorStackTrace":null,"DisplayName":"MiniDZ1Tests.HerboTests.HerboConstructor_ValidKindness_CreatesInstance(kindness: 5)","Messages":[],"ComputerName":"WIN-NT059EK4SVE","Duration":"00:00:00.0000111","StartTime":"2025-02-11T15:22:34.5680489+00:00","EndTime":"2025-02-11T15:22:34.5680489+00:00","Properties":[]},{"TestCase":{"Id":"ffe9f344-dee9-aa9f-49e2-9cd2a0429aab","FullyQualifiedName":"MiniDZ1Tests.VeterinaryClinicTests.IsHealthy_HealthLessOrEqualTo5_ReturnsFalse","DisplayName":"MiniDZ1Tests.VeterinaryClinicTests.IsHealthy_HealthLessOrEqualTo5_ReturnsFalse(health: 5)","ExecutorUri":"executor://xunit/VsTestRunner2/netcoreapp","Source":"D:\\C# проекты\\KPO\\MiniDZ1Tests\\bin\\Debug\\net8.0\\fine-code-coverage\\build-output\\MiniDZ1Tests.dll","CodeFilePath":null,"LineNumber":0,"Properties":[]},"Attachments":[],"Outcome":1,"ErrorMessage":null,"ErrorStackTrace":null,"DisplayName":"MiniDZ1Tests.VeterinaryClinicTests.IsHealthy_HealthLessOrEqualTo5_ReturnsFalse(health: 5)","Messages":[],"ComputerName":"WIN-NT059EK4SVE","Duration":"00:00:00.0000187","StartTime":"2025-02-11T15:22:34.5688837+00:00","EndTime":"2025-02-11T15:22:34.5688837+00:00","Properties":[]},{"TestCase":{"Id":"d1d9f065-c4fa-63e4-b4e9-5f4bf5a1e0f3","FullyQualifiedName":"MiniDZ1Tests.PredatorTests.ToString_ReturnsCorrectString","DisplayName":"MiniDZ1Tests.PredatorTests.ToString_ReturnsCorrectString(nickname: \"Тигр\", food: 5, health: 4, aggressiveness: 6, number: 0)","ExecutorUri":"executor://xunit/VsTestRunner2/netcoreapp","Source":"D:\\C# проекты\\KPO\\MiniDZ1Tests\\bin\\Debug\\net8.0\\fine-code-coverage\\build-output\\MiniDZ1Tests.dll","CodeFilePath":null,"LineNumber":0,"Properties":[]},"Attachments":[],"Outcome":1,"ErrorMessage":null,"ErrorStackTrace":null,"DisplayName":"MiniDZ1Tests.PredatorTests.ToString_ReturnsCorrectString(nickname: \"Тигр\", food: 5, health: 4, aggressiveness: 6, number: 0)","Messages":[],"ComputerName":"WIN-NT059EK4SVE","Duration":"00:00:00.3812467","StartTime":"2025-02-11T15:22:34.5705693+00:00","EndTime":"2025-02-11T15:22:34.5705694+00:00","Properties":[]},{"TestCase":{"Id":"f9dcb4e1-2347-e76c-fc91-a88b17739880","FullyQualifiedName":"MiniDZ1Tests.HerboTests.ToString_ReturnsCorrectString","DisplayName":"MiniDZ1Tests.HerboTests.ToString_ReturnsCorrectString(nickname: \"Джейсон\", food: 3, health: 2, kindness: 1, number: 0)","ExecutorUri":"executor://xunit/VsTestRunner2/netcoreapp","Source":"D:\\C# проекты\\KPO\\MiniDZ1Tests\\bin\\Debug\\net8.0\\fine-code-coverage\\build-output\\MiniDZ1Tests.dll","CodeFilePath":null,"LineNumber":0,"Properties":[]},"Attachments":[],"Outcome":1,"ErrorMessage":null,"ErrorStackTrace":null,"DisplayName":"MiniDZ1Tests.HerboTests.ToString_ReturnsCorrectString(nickname: \"Джейсон\", food: 3, health: 2, kindness: 1, number: 0)","Messages":[],"ComputerName":"WIN-NT059EK4SVE","Duration":"00:00:00.0004031","StartTime":"2025-02-11T15:22:34.5723046+00:00","EndTime":"2025-02-11T15:22:34.5723046+00:00","Properties":[]},{"TestCase":{"Id":"84aea4a7-d614-bbd8-c32b-c608d9ed4445","FullyQualifiedName":"MiniDZ1Tests.HerboTests.ToString_ReturnsCorrectString","DisplayName":"MiniDZ1Tests.HerboTests.ToString_ReturnsCorrectString(nickname: \"Зайцович\", food: 5, health: 4, kindness: 6, number: 0)","ExecutorUri":"executor://xunit/VsTestRunner2/netcoreapp","Source":"D:\\C# проекты\\KPO\\MiniDZ1Tests\\bin\\Debug\\net8.0\\fine-code-coverage\\build-output\\MiniDZ1Tests.dll","CodeFilePath":null,"LineNumber":0,"Properties":[]},"Attachments":[],"Outcome":1,"ErrorMessage":null,"ErrorStackTrace":null,"DisplayName":"MiniDZ1Tests.HerboTests.ToString_ReturnsCorrectString(nickname: \"Зайцович\", food: 5, health: 4, kindness: 6, number: 0)","Messages":[],"ComputerName":"WIN-NT059EK4SVE","Duration":"00:00:00.0002317","StartTime":"2025-02-11T15:22:34.5737757+00:00","EndTime":"2025-02-11T15:22:34.5737757+00:00","Properties":[]},{"TestCase":{"Id":"af650c01-e05c-8c52-6b43-52b7c4163c89","FullyQualifiedName":"MiniDZ1Tests.HerboTests.ToString_ReturnsCorrectString","DisplayName":"MiniDZ1Tests.HerboTests.ToString_ReturnsCorrectString(nickname: \"Свен\", food: 7, health: 6, kindness: 10, number: 0)","ExecutorUri":"executor://xunit/VsTestRunner2/netcoreapp","Source":"D:\\C# проекты\\KPO\\MiniDZ1Tests\\bin\\Debug\\net8.0\\fine-code-coverage\\build-output\\MiniDZ1Tests.dll","CodeFilePath":null,"LineNumber":0,"Properties":[]},"Attachments":[],"Outcome":1,"ErrorMessage":null,"ErrorStackTrace":null,"DisplayName":"MiniDZ1Tests.HerboTests.ToString_ReturnsCorrectString(nickname: \"Свен\", food: 7, health: 6, kindness: 10, number: 0)","Messages":[],"ComputerName":"WIN-NT059EK4SVE","Duration":"00:00:00.0000138","StartTime":"2025-02-11T15:22:34.5756744+00:00","EndTime":"2025-02-11T15:22:34.5756745+00:00","Properties":[]},{"TestCase":{"Id":"5813a7e4-b6d4-997a-6fca-37025bf6ddcb","FullyQualifiedName":"MiniDZ1Tests.PredatorTests.ToString_ReturnsCorrectString","DisplayName":"MiniDZ1Tests.PredatorTests.ToString_ReturnsCorrectString(nickname: \"Лев\", food: 3, health: 2, aggressiveness: 1, number: 0)","ExecutorUri":"executor://xunit/VsTestRunner2/netcoreapp","Source":"D:\\C# проекты\\KPO\\MiniDZ1Tests\\bin\\Debug\\net8.0\\fine-code-coverage\\build-output\\MiniDZ1Tests.dll","CodeFilePath":null,"LineNumber":0,"Properties":[]},"Attachments":[],"Outcome":1,"ErrorMessage":null,"ErrorStackTrace":null,"DisplayName":"MiniDZ1Tests.PredatorTests.ToString_ReturnsCorrectString(nickname: \"Лев\", food: 3, health: 2, aggressiveness: 1, number: 0)","Messages":[],"ComputerName":"WIN-NT059EK4SVE","Duration":"00:00:00.0004246","StartTime":"2025-02-11T15:22:34.5764789+00:00","EndTime":"2025-02-11T15:22:34.5764789+00:00","Properties":[]},{"TestCase":{"Id":"f47a0925-be2f-3f9b-7986-6262edd41ed3","FullyQualifiedName":"MiniDZ1Tests.PredatorTests.ToString_ReturnsCorrectString","DisplayName":"MiniDZ1Tests.PredatorTests.ToString_ReturnsCorrectString(nickname: \"Волк\", food: 7, health: 6, aggressiveness: 10, number: 0)","ExecutorUri":"executor://xunit/VsTestRunner2/netcoreapp","Source":"D:\\C# проекты\\KPO\\MiniDZ1Tests\\bin\\Debug\\net8.0\\fine-code-coverage\\build-output\\MiniDZ1Tests.dll","CodeFilePath":null,"LineNumber":0,"Properties":[]},"Attachments":[],"Outcome":1,"ErrorMessage":null,"ErrorStackTrace":null,"DisplayName":"MiniDZ1Tests.PredatorTests.ToString_ReturnsCorrectString(nickname: \"Волк\", food: 7, health: 6, aggressiveness: 10, number: 0)","Messages":[],"ComputerName":"WIN-NT059EK4SVE","Duration":"00:00:00.0000263","StartTime":"2025-02-11T15:22:34.5779241+00:00","EndTime":"2025-02-11T15:22:34.5779241+00:00","Properties":[]},{"TestCase":{"Id":"3a528626-cbda-91bc-bfaf-c698c17c160f","FullyQualifiedName":"MiniDZ1Tests.PredatorTests.PredatorConstructor_ValidAggressiveness_CreatesInstance","DisplayName":"MiniDZ1Tests.PredatorTests.PredatorConstructor_ValidAggressiveness_CreatesInstance(aggressiveness: 10)","ExecutorUri":"executor://xunit/VsTestRunner2/netcoreapp","Source":"D:\\C# проекты\\KPO\\MiniDZ1Tests\\bin\\Debug\\net8.0\\fine-code-coverage\\build-output\\MiniDZ1Tests.dll","CodeFilePath":null,"LineNumber":0,"Properties":[]},"Attachments":[],"Outcome":1,"ErrorMessage":null,"ErrorStackTrace":null,"DisplayName":"MiniDZ1Tests.PredatorTests.PredatorConstructor_ValidAggressiveness_CreatesInstance(aggressiveness: 10)","Messages":[],"ComputerName":"WIN-NT059EK4SVE","Duration":"00:00:00.0001243","StartTime":"2025-02-11T15:22:34.579262+00:00","EndTime":"2025-02-11T15:22:34.5792621+00:00","Properties":[]}],"TestRunStatistics":{"ExecutedTests":22,"Stats":{"Passed":22}},"ActiveTests":[{"Id":"1f7d3530-5a58-d8fd-350e-da74e7d9cb8b","FullyQualifiedName":"MiniDZ1Tests.PredatorTests.PredatorConstructor_ValidAggressiveness_CreatesInstance","DisplayName":"MiniDZ1Tests.PredatorTests.PredatorConstructor_ValidAggressiveness_CreatesInstance(aggressiveness: 0)","ExecutorUri":"executor://xunit/VsTestRunner2/netcoreapp","Source":"D:\\C# проекты\\KPO\\MiniDZ1Tests\\bin\\Debug\\net8.0\\fine-code-coverage\\build-output\\MiniDZ1Tests.dll","CodeFilePath":null,"LineNumber":0,"Properties":[]}]}}
TpTrace Verbose: 0 : 3572, 14, 2025/02/11, 18:22:34.580, 586627932040, vstest.console.dll, TestRunRequest:SendTestRunStatsChange: Starting.
TpTrace Verbose: 0 : 3572, 14, 2025/02/11, 18:22:34.581, 586627932583, vstest.console.dll, InProgress is MiniDZ1Tests.PredatorTests.PredatorConstructor_ValidAggressiveness_CreatesInstance(aggressiveness: 0)
TpTrace Verbose: 0 : 3572, 14, 2025/02/11, 18:22:34.581, 586627933259, vstest.console.dll, MulticastDelegateUtilities.SafeInvoke: TestRun.RunStatsChanged: Invoking callbacks was skipped because there are no subscribers.
TpTrace Information: 0 : 3572, 14, 2025/02/11, 18:22:34.581, 586627933777, vstest.console.dll, TestRunRequest:SendTestRunStatsChange: Completed.
TpTrace Verbose: 0 : 3572, 14, 2025/02/11, 18:22:34.581, 586627933939, vstest.console.dll, MulticastDelegateUtilities.SafeInvoke: LengthPrefixCommunicationChannel: MessageReceived: Invoking callback 1/1 for Microsoft.VisualStudio.TestPlatform.CommunicationUtilities.TestRequestSender+<>c__DisplayClass34_0., took 0 ms.
TpTrace Verbose: 0 : 3572, 14, 2025/02/11, 18:22:34.581, 586627934077, vstest.console.dll, TcpClientExtensions.MessageLoopAsync: Polling on remoteEndPoint: 127.0.0.1:57147 localEndPoint: 127.0.0.1:57146 after 13 ms
TpTrace Verbose: 0 : 3572, 4, 2025/02/11, 18:22:34.581, 586627935100, vstest.console.dll, MulticastDelegateUtilities.SafeInvoke: InternalTestLoggerEvents.SendTestResult: Invoking callback 1/1 for Microsoft.VisualStudio.TestPlatform.CommandLine.Internal.ConsoleLogger., took 0 ms.
TpTrace Verbose: 0 : 3572, 4, 2025/02/11, 18:22:34.581, 586627935541, vstest.console.dll, MulticastDelegateUtilities.SafeInvoke: InternalTestLoggerEvents.SendTestResult: Invoking callback 1/1 for Microsoft.VisualStudio.TestPlatform.CommandLine.Internal.ConsoleLogger., took 0 ms.
TpTrace Verbose: 0 : 3572, 4, 2025/02/11, 18:22:34.581, 586627935719, vstest.console.dll, MulticastDelegateUtilities.SafeInvoke: InternalTestLoggerEvents.SendTestResult: Invoking callback 1/1 for Microsoft.VisualStudio.TestPlatform.CommandLine.Internal.ConsoleLogger., took 0 ms.
TpTrace Verbose: 0 : 3572, 4, 2025/02/11, 18:22:34.581, 586627935897, vstest.console.dll, MulticastDelegateUtilities.SafeInvoke: InternalTestLoggerEvents.SendTestResult: Invoking callback 1/1 for Microsoft.VisualStudio.TestPlatform.CommandLine.Internal.ConsoleLogger., took 0 ms.
TpTrace Verbose: 0 : 3572, 4, 2025/02/11, 18:22:34.581, 586627936028, vstest.console.dll, MulticastDelegateUtilities.SafeInvoke: InternalTestLoggerEvents.SendTestResult: Invoking callback 1/1 for Microsoft.VisualStudio.TestPlatform.CommandLine.Internal.ConsoleLogger., took 0 ms.
TpTrace Verbose: 0 : 3572, 4, 2025/02/11, 18:22:34.581, 586627936153, vstest.console.dll, MulticastDelegateUtilities.SafeInvoke: InternalTestLoggerEvents.SendTestResult: Invoking callback 1/1 for Microsoft.VisualStudio.TestPlatform.CommandLine.Internal.ConsoleLogger., took 0 ms.
TpTrace Verbose: 0 : 3572, 4, 2025/02/11, 18:22:34.581, 586627936310, vstest.console.dll, MulticastDelegateUtilities.SafeInvoke: InternalTestLoggerEvents.SendTestResult: Invoking callback 1/1 for Microsoft.VisualStudio.TestPlatform.CommandLine.Internal.ConsoleLogger., took 0 ms.
TpTrace Verbose: 0 : 3572, 4, 2025/02/11, 18:22:34.581, 586627936434, vstest.console.dll, MulticastDelegateUtilities.SafeInvoke: InternalTestLoggerEvents.SendTestResult: Invoking callback 1/1 for Microsoft.VisualStudio.TestPlatform.CommandLine.Internal.ConsoleLogger., took 0 ms.
TpTrace Verbose: 0 : 3572, 4, 2025/02/11, 18:22:34.581, 586627936559, vstest.console.dll, MulticastDelegateUtilities.SafeInvoke: InternalTestLoggerEvents.SendTestResult: Invoking callback 1/1 for Microsoft.VisualStudio.TestPlatform.CommandLine.Internal.ConsoleLogger., took 0 ms.
TpTrace Verbose: 0 : 3572, 14, 2025/02/11, 18:22:34.592, 586628051957, vstest.console.dll, TcpClientExtensions.MessageLoopAsync: NotifyDataAvailable remoteEndPoint: 127.0.0.1:57147 localEndPoint: 127.0.0.1:57146
TpTrace Verbose: 0 : 3572, 14, 2025/02/11, 18:22:34.593, 586628052973, vstest.console.dll, TestRequestSender.OnExecutionMessageReceived: Received message: {"Version":7,"MessageType":"TestExecution.StatsChange","Payload":{"NewTestResults":[{"TestCase":{"Id":"1f7d3530-5a58-d8fd-350e-da74e7d9cb8b","FullyQualifiedName":"MiniDZ1Tests.PredatorTests.PredatorConstructor_ValidAggressiveness_CreatesInstance","DisplayName":"MiniDZ1Tests.PredatorTests.PredatorConstructor_ValidAggressiveness_CreatesInstance(aggressiveness: 0)","ExecutorUri":"executor://xunit/VsTestRunner2/netcoreapp","Source":"D:\\C# проекты\\KPO\\MiniDZ1Tests\\bin\\Debug\\net8.0\\fine-code-coverage\\build-output\\MiniDZ1Tests.dll","CodeFilePath":null,"LineNumber":0,"Properties":[]},"Attachments":[],"Outcome":1,"ErrorMessage":null,"ErrorStackTrace":null,"DisplayName":"MiniDZ1Tests.PredatorTests.PredatorConstructor_ValidAggressiveness_CreatesInstance(aggressiveness: 0)","Messages":[],"ComputerName":"WIN-NT059EK4SVE","Duration":"00:00:00.0001006","StartTime":"2025-02-11T15:22:34.5813075+00:00","EndTime":"2025-02-11T15:22:34.5813076+00:00","Properties":[]},{"TestCase":{"Id":"6269f652-a71c-5049-577e-9783ccabe9c2","FullyQualifiedName":"MiniDZ1Tests.PredatorTests.PredatorConstructor_ValidAggressiveness_CreatesInstance","DisplayName":"MiniDZ1Tests.PredatorTests.PredatorConstructor_ValidAggressiveness_CreatesInstance(aggressiveness: 5)","ExecutorUri":"executor://xunit/VsTestRunner2/netcoreapp","Source":"D:\\C# проекты\\KPO\\MiniDZ1Tests\\bin\\Debug\\net8.0\\fine-code-coverage\\build-output\\MiniDZ1Tests.dll","CodeFilePath":null,"LineNumber":0,"Properties":[]},"Attachments":[],"Outcome":1,"ErrorMessage":null,"ErrorStackTrace":null,"DisplayName":"MiniDZ1Tests.PredatorTests.PredatorConstructor_ValidAggressiveness_CreatesInstance(aggressiveness: 5)","Messages":[],"ComputerName":"WIN-NT059EK4SVE","Duration":"00:00:00.0000083","StartTime":"2025-02-11T15:22:34.5828527+00:00","EndTime":"2025-02-11T15:22:34.5828527+00:00","Properties":[]},{"TestCase":{"Id":"1fcd92ac-cdc3-44d1-13e1-c5312d092aac","FullyQualifiedName":"MiniDZ1Tests.PredatorTests.PredatorConstructor_InvalidAggressiveness_ThrowsArgumentException","DisplayName":"MiniDZ1Tests.PredatorTests.PredatorConstructor_InvalidAggressiveness_ThrowsArgumentException(aggressiveness: 100)","ExecutorUri":"executor://xunit/VsTestRunner2/netcoreapp","Source":"D:\\C# проекты\\KPO\\MiniDZ1Tests\\bin\\Debug\\net8.0\\fine-code-coverage\\build-output\\MiniDZ1Tests.dll","CodeFilePath":null,"LineNumber":0,"Properties":[]},"Attachments":[],"Outcome":1,"ErrorMessage":null,"ErrorStackTrace":null,"DisplayName":"MiniDZ1Tests.PredatorTests.PredatorConstructor_InvalidAggressiveness_ThrowsArgumentException(aggressiveness: 100)","Messages":[],"ComputerName":"WIN-NT059EK4SVE","Duration":"00:00:00.0002496","StartTime":"2025-02-11T15:22:34.5842342+00:00","EndTime":"2025-02-11T15:22:34.5842343+00:00","Properties":[]},{"TestCase":{"Id":"b08090e2-49b1-3493-3506-a38763852629","FullyQualifiedName":"MiniDZ1Tests.PredatorTests.PredatorConstructor_InvalidAggressiveness_ThrowsArgumentException","DisplayName":"MiniDZ1Tests.PredatorTests.PredatorConstructor_InvalidAggressiveness_ThrowsArgumentException(aggressiveness: 11)","ExecutorUri":"executor://xunit/VsTestRunner2/netcoreapp","Source":"D:\\C# проекты\\KPO\\MiniDZ1Tests\\bin\\Debug\\net8.0\\fine-code-coverage\\build-output\\MiniDZ1Tests.dll","CodeFilePath":null,"LineNumber":0,"Properties":[]},"Attachments":[],"Outcome":1,"ErrorMessage":null,"ErrorStackTrace":null,"DisplayName":"MiniDZ1Tests.PredatorTests.PredatorConstructor_InvalidAggressiveness_ThrowsArgumentException(aggressiveness: 11)","Messages":[],"ComputerName":"WIN-NT059EK4SVE","Duration":"00:00:00.0001424","StartTime":"2025-02-11T15:22:34.585522+00:00","EndTime":"2025-02-11T15:22:34.585522+00:00","Properties":[]},{"TestCase":{"Id":"617d0c1f-765e-aeda-9337-d20c0e8144e7","FullyQualifiedName":"MiniDZ1Tests.PredatorTests.PredatorConstructor_InvalidAggressiveness_ThrowsArgumentException","DisplayName":"MiniDZ1Tests.PredatorTests.PredatorConstructor_InvalidAggressiveness_ThrowsArgumentException(aggressiveness: 100789)","ExecutorUri":"executor://xunit/VsTestRunner2/netcoreapp","Source":"D:\\C# проекты\\KPO\\MiniDZ1Tests\\bin\\Debug\\net8.0\\fine-code-coverage\\build-output\\MiniDZ1Tests.dll","CodeFilePath":null,"LineNumber":0,"Properties":[]},"Attachments":[],"Outcome":1,"ErrorMessage":null,"ErrorStackTrace":null,"DisplayName":"MiniDZ1Tests.PredatorTests.PredatorConstructor_InvalidAggressiveness_ThrowsArgumentException(aggressiveness: 100789)","Messages":[],"ComputerName":"WIN-NT059EK4SVE","Duration":"00:00:00.0000513","StartTime":"2025-02-11T15:22:34.5869521+00:00","EndTime":"2025-02-11T15:22:34.5869522+00:00","Properties":[]},{"TestCase":{"Id":"355f0bb0-5123-6c20-6a08-314adf21f460","FullyQualifiedName":"MiniDZ1Tests.ZooTests.GetHerbos_ReturnsHerbos","DisplayName":"MiniDZ1Tests.ZooTests.GetHerbos_ReturnsHerbos","ExecutorUri":"executor://xunit/VsTestRunner2/netcoreapp","Source":"D:\\C# проекты\\KPO\\MiniDZ1Tests\\bin\\Debug\\net8.0\\fine-code-coverage\\build-output\\MiniDZ1Tests.dll","CodeFilePath":null,"LineNumber":0,"Properties":[]},"Attachments":[],"Outcome":1,"ErrorMessage":null,"ErrorStackTrace":null,"DisplayName":"MiniDZ1Tests.ZooTests.GetHerbos_ReturnsHerbos","Messages":[],"ComputerName":"WIN-NT059EK4SVE","Duration":"00:00:00.3878311","StartTime":"2025-02-11T15:22:34.5877133+00:00","EndTime":"2025-02-11T15:22:34.5877134+00:00","Properties":[]},{"TestCase":{"Id":"0fb89277-ce18-daf2-3ba6-d806ff5442bf","FullyQualifiedName":"MiniDZ1Tests.ZooTests.AddThing_ThingAddedToInventory","DisplayName":"MiniDZ1Tests.ZooTests.AddThing_ThingAddedToInventory","ExecutorUri":"executor://xunit/VsTestRunner2/netcoreapp","Source":"D:\\C# проекты\\KPO\\MiniDZ1Tests\\bin\\Debug\\net8.0\\fine-code-coverage\\build-output\\MiniDZ1Tests.dll","CodeFilePath":null,"LineNumber":0,"Properties":[]},"Attachments":[],"Outcome":1,"ErrorMessage":null,"ErrorStackTrace":null,"DisplayName":"MiniDZ1Tests.ZooTests.AddThing_ThingAddedToInventory","Messages":[],"ComputerName":"WIN-NT059EK4SVE","Duration":"00:00:00.0008615","StartTime":"2025-02-11T15:22:34.5891629+00:00","EndTime":"2025-02-11T15:22:34.5891629+00:00","Properties":[]},{"TestCase":{"Id":"c8f52eca-f2dd-4f82-9b69-5d34f94ac531","FullyQualifiedName":"MiniDZ1Tests.ZooTests.AddAnimal_UnhealthyAnimal_NotAddedToZoo","DisplayName":"MiniDZ1Tests.ZooTests.AddAnimal_UnhealthyAnimal_NotAddedToZoo","ExecutorUri":"executor://xunit/VsTestRunner2/netcoreapp","Source":"D:\\C# проекты\\KPO\\MiniDZ1Tests\\bin\\Debug\\net8.0\\fine-code-coverage\\build-output\\MiniDZ1Tests.dll","CodeFilePath":null,"LineNumber":0,"Properties":[]},"Attachments":[],"Outcome":1,"ErrorMessage":null,"ErrorStackTrace":null,"DisplayName":"MiniDZ1Tests.ZooTests.AddAnimal_UnhealthyAnimal_NotAddedToZoo","Messages":[],"ComputerName":"WIN-NT059EK4SVE","Duration":"00:00:00.0010119","StartTime":"2025-02-11T15:22:34.5905144+00:00","EndTime":"2025-02-11T15:22:34.5905145+00:00","Properties":[]},{"TestCase":{"Id":"7e06a1d1-31e4-7f28-ab0a-017f4aeeb249","FullyQualifiedName":"MiniDZ1Tests.ZooTests.GetInteractiveAnimals_ReturnsInteractiveAnimals","DisplayName":"MiniDZ1Tests.ZooTests.GetInteractiveAnimals_ReturnsInteractiveAnimals","ExecutorUri":"executor://xunit/VsTestRunner2/netcoreapp","Source":"D:\\C# проекты\\KPO\\MiniDZ1Tests\\bin\\Debug\\net8.0\\fine-code-coverage\\build-output\\MiniDZ1Tests.dll","CodeFilePath":null,"LineNumber":0,"Properties":[]},"Attachments":[],"Outcome":1,"ErrorMessage":null,"ErrorStackTrace":null,"DisplayName":"MiniDZ1Tests.ZooTests.GetInteractiveAnimals_ReturnsInteractiveAnimals","Messages":[],"ComputerName":"WIN-NT059EK4SVE","Duration":"00:00:00.0010037","StartTime":"2025-02-11T15:22:34.5919157+00:00","EndTime":"2025-02-11T15:22:34.5919158+00:00","Properties":[]}],"TestRunStatistics":{"ExecutedTests":31,"Stats":{"Passed":31}},"ActiveTests":[{"Id":"4a420330-12c7-4df6-5f10-0ab8ce912a3a","FullyQualifiedName":"MiniDZ1Tests.ZooTests.GetTotalFoodConsumption_ReturnsSumOfFood","DisplayName":"MiniDZ1Tests.ZooTests.GetTotalFoodConsumption_ReturnsSumOfFood","ExecutorUri":"executor://xunit/VsTestRunner2/netcoreapp","Source":"D:\\C# проекты\\KPO\\MiniDZ1Tests\\bin\\Debug\\net8.0\\fine-code-coverage\\build-output\\MiniDZ1Tests.dll","CodeFilePath":null,"LineNumber":0,"Properties":[]}]}}
TpTrace Verbose: 0 : 3572, 14, 2025/02/11, 18:22:34.593, 586628056122, vstest.console.dll, TestRunRequest:SendTestRunStatsChange: Starting.
TpTrace Verbose: 0 : 3572, 14, 2025/02/11, 18:22:34.593, 586628056396, vstest.console.dll, InProgress is MiniDZ1Tests.ZooTests.GetTotalFoodConsumption_ReturnsSumOfFood
TpTrace Verbose: 0 : 3572, 14, 2025/02/11, 18:22:34.593, 586628056704, vstest.console.dll, MulticastDelegateUtilities.SafeInvoke: TestRun.RunStatsChanged: Invoking callbacks was skipped because there are no subscribers.
TpTrace Information: 0 : 3572, 14, 2025/02/11, 18:22:34.593, 586628056866, vstest.console.dll, TestRunRequest:SendTestRunStatsChange: Completed.
TpTrace Verbose: 0 : 3572, 14, 2025/02/11, 18:22:34.593, 586628056997, vstest.console.dll, MulticastDelegateUtilities.SafeInvoke: LengthPrefixCommunicationChannel: MessageReceived: Invoking callback 1/1 for Microsoft.VisualStudio.TestPlatform.CommunicationUtilities.TestRequestSender+<>c__DisplayClass34_0., took 0 ms.
TpTrace Verbose: 0 : 3572, 14, 2025/02/11, 18:22:34.593, 586628057124, vstest.console.dll, TcpClientExtensions.MessageLoopAsync: Polling on remoteEndPoint: 127.0.0.1:57147 localEndPoint: 127.0.0.1:57146 after 12 ms
TpTrace Verbose: 0 : 3572, 4, 2025/02/11, 18:22:34.593, 586628057308, vstest.console.dll, MulticastDelegateUtilities.SafeInvoke: InternalTestLoggerEvents.SendTestResult: Invoking callback 1/1 for Microsoft.VisualStudio.TestPlatform.CommandLine.Internal.ConsoleLogger., took 0 ms.
TpTrace Verbose: 0 : 3572, 4, 2025/02/11, 18:22:34.593, 586628057643, vstest.console.dll, MulticastDelegateUtilities.SafeInvoke: InternalTestLoggerEvents.SendTestResult: Invoking callback 1/1 for Microsoft.VisualStudio.TestPlatform.CommandLine.Internal.ConsoleLogger., took 0 ms.
TpTrace Verbose: 0 : 3572, 4, 2025/02/11, 18:22:34.593, 586628057823, vstest.console.dll, MulticastDelegateUtilities.SafeInvoke: InternalTestLoggerEvents.SendTestResult: Invoking callback 1/1 for Microsoft.VisualStudio.TestPlatform.CommandLine.Internal.ConsoleLogger., took 0 ms.
TpTrace Verbose: 0 : 3572, 4, 2025/02/11, 18:22:34.593, 586628057954, vstest.console.dll, MulticastDelegateUtilities.SafeInvoke: InternalTestLoggerEvents.SendTestResult: Invoking callback 1/1 for Microsoft.VisualStudio.TestPlatform.CommandLine.Internal.ConsoleLogger., took 0 ms.
TpTrace Verbose: 0 : 3572, 4, 2025/02/11, 18:22:34.593, 586628058082, vstest.console.dll, MulticastDelegateUtilities.SafeInvoke: InternalTestLoggerEvents.SendTestResult: Invoking callback 1/1 for Microsoft.VisualStudio.TestPlatform.CommandLine.Internal.ConsoleLogger., took 0 ms.
TpTrace Verbose: 0 : 3572, 4, 2025/02/11, 18:22:34.593, 586628058249, vstest.console.dll, MulticastDelegateUtilities.SafeInvoke: InternalTestLoggerEvents.SendTestResult: Invoking callback 1/1 for Microsoft.VisualStudio.TestPlatform.CommandLine.Internal.ConsoleLogger., took 0 ms.
TpTrace Verbose: 0 : 3572, 4, 2025/02/11, 18:22:34.593, 586628058383, vstest.console.dll, MulticastDelegateUtilities.SafeInvoke: InternalTestLoggerEvents.SendTestResult: Invoking callback 1/1 for Microsoft.VisualStudio.TestPlatform.CommandLine.Internal.ConsoleLogger., took 0 ms.
TpTrace Verbose: 0 : 3572, 4, 2025/02/11, 18:22:34.593, 586628058523, vstest.console.dll, MulticastDelegateUtilities.SafeInvoke: InternalTestLoggerEvents.SendTestResult: Invoking callback 1/1 for Microsoft.VisualStudio.TestPlatform.CommandLine.Internal.ConsoleLogger., took 0 ms.
TpTrace Verbose: 0 : 3572, 4, 2025/02/11, 18:22:34.593, 586628058682, vstest.console.dll, MulticastDelegateUtilities.SafeInvoke: InternalTestLoggerEvents.SendTestResult: Invoking callback 1/1 for Microsoft.VisualStudio.TestPlatform.CommandLine.Internal.ConsoleLogger., took 0 ms.
TpTrace Verbose: 0 : 3572, 14, 2025/02/11, 18:22:34.598, 586628104117, vstest.console.dll, TcpClientExtensions.MessageLoopAsync: NotifyDataAvailable remoteEndPoint: 127.0.0.1:57147 localEndPoint: 127.0.0.1:57146
TpTrace Verbose: 0 : 3572, 14, 2025/02/11, 18:22:34.598, 586628104828, vstest.console.dll, TestRequestSender.OnExecutionMessageReceived: Received message: {"Version":7,"MessageType":"TestSession.Message","Payload":{"MessageLevel":0,"Message":"[xUnit.net 00:00:00.56]   Finished:    MiniDZ1Tests"}}
TpTrace Verbose: 0 : 3572, 14, 2025/02/11, 18:22:34.598, 586628105358, vstest.console.dll, TestRunRequest:SendTestRunMessage: Starting.
TpTrace Verbose: 0 : 3572, 14, 2025/02/11, 18:22:34.598, 586628105595, vstest.console.dll, MulticastDelegateUtilities.SafeInvoke: TestRun.LogMessages: Invoking callback 1/1 for Microsoft.VisualStudio.TestPlatform.CommandLine.TestRunResultAggregator., took 0 ms.
TpTrace Information: 0 : 3572, 14, 2025/02/11, 18:22:34.598, 586628105718, vstest.console.dll, TestRunRequest:SendTestRunMessage: Completed.
TpTrace Verbose: 0 : 3572, 14, 2025/02/11, 18:22:34.598, 586628105836, vstest.console.dll, MulticastDelegateUtilities.SafeInvoke: LengthPrefixCommunicationChannel: MessageReceived: Invoking callback 1/1 for Microsoft.VisualStudio.TestPlatform.CommunicationUtilities.TestRequestSender+<>c__DisplayClass34_0., took 0 ms.
TpTrace Verbose: 0 : 3572, 14, 2025/02/11, 18:22:34.598, 586628106145, vstest.console.dll, TcpClientExtensions.MessageLoopAsync: Polling on remoteEndPoint: 127.0.0.1:57147 localEndPoint: 127.0.0.1:57146 after 4 ms
TpTrace Verbose: 0 : 3572, 4, 2025/02/11, 18:22:34.598, 586628105806, vstest.console.dll, MulticastDelegateUtilities.SafeInvoke: InternalTestLoggerEvents.SendTestRunMessage: Invoking callback 1/1 for Microsoft.VisualStudio.TestPlatform.CommandLine.Internal.ConsoleLogger., took 0 ms.
TpTrace Verbose: 0 : 3572, 14, 2025/02/11, 18:22:34.608, 586628206103, vstest.console.dll, TcpClientExtensions.MessageLoopAsync: NotifyDataAvailable remoteEndPoint: 127.0.0.1:57147 localEndPoint: 127.0.0.1:57146
TpTrace Verbose: 0 : 3572, 14, 2025/02/11, 18:22:34.608, 586628206899, vstest.console.dll, TestRequestSender.OnExecutionMessageReceived: Received message: {"Version":7,"MessageType":"TestExecution.Completed","Payload":{"TestRunCompleteArgs":{"TestRunStatistics":{"ExecutedTests":34,"Stats":{"Passed":34}},"IsCanceled":false,"IsAborted":false,"Error":null,"AttachmentSets":[],"InvokedDataCollectors":[],"ElapsedTimeInRunningTests":"00:00:00.5703253","Metrics":{},"DiscoveredExtensions":{"TestDiscoverers":["Xunit.Runner.VisualStudio.VsTestRunner, xunit.runner.visualstudio.dotnetcore.testadapter, Version=2.5.0.0, Culture=neutral, PublicKeyToken=null"],"TestExecutors":["executor://xunit/VsTestRunner2/netcoreapp"],"TestExecutors2":[],"TestSettingsProviders":[]}},"LastRunTests":{"NewTestResults":[{"TestCase":{"Id":"4a420330-12c7-4df6-5f10-0ab8ce912a3a","FullyQualifiedName":"MiniDZ1Tests.ZooTests.GetTotalFoodConsumption_ReturnsSumOfFood","DisplayName":"MiniDZ1Tests.ZooTests.GetTotalFoodConsumption_ReturnsSumOfFood","ExecutorUri":"executor://xunit/VsTestRunner2/netcoreapp","Source":"D:\\C# проекты\\KPO\\MiniDZ1Tests\\bin\\Debug\\net8.0\\fine-code-coverage\\build-output\\MiniDZ1Tests.dll","CodeFilePath":null,"LineNumber":0,"Properties":[]},"Attachments":[],"Outcome":1,"ErrorMessage":null,"ErrorStackTrace":null,"DisplayName":"MiniDZ1Tests.ZooTests.GetTotalFoodConsumption_ReturnsSumOfFood","Messages":[],"ComputerName":"WIN-NT059EK4SVE","Duration":"00:00:00.0010952","StartTime":"2025-02-11T15:22:34.593742+00:00","EndTime":"2025-02-11T15:22:34.593742+00:00","Properties":[]},{"TestCase":{"Id":"a51934ae-64c2-4e04-12f4-79357a3c6101","FullyQualifiedName":"MiniDZ1Tests.ZooTests.GetPredators_ReturnsPredators","DisplayName":"MiniDZ1Tests.ZooTests.GetPredators_ReturnsPredators","ExecutorUri":"executor://xunit/VsTestRunner2/netcoreapp","Source":"D:\\C# проекты\\KPO\\MiniDZ1Tests\\bin\\Debug\\net8.0\\fine-code-coverage\\build-output\\MiniDZ1Tests.dll","CodeFilePath":null,"LineNumber":0,"Properties":[]},"Attachments":[],"Outcome":1,"ErrorMessage":null,"ErrorStackTrace":null,"DisplayName":"MiniDZ1Tests.ZooTests.GetPredators_ReturnsPredators","Messages":[],"ComputerName":"WIN-NT059EK4SVE","Duration":"00:00:00.0008143","StartTime":"2025-02-11T15:22:34.595213+00:00","EndTime":"2025-02-11T15:22:34.5952131+00:00","Properties":[]},{"TestCase":{"Id":"370b160a-a114-0394-42bb-3f1a77e3082a","FullyQualifiedName":"MiniDZ1Tests.ZooTests.AddAnimal_HealthyAnimal_AddedToZoo","DisplayName":"MiniDZ1Tests.ZooTests.AddAnimal_HealthyAnimal_AddedToZoo","ExecutorUri":"executor://xunit/VsTestRunner2/netcoreapp","Source":"D:\\C# проекты\\KPO\\MiniDZ1Tests\\bin\\Debug\\net8.0\\fine-code-coverage\\build-output\\MiniDZ1Tests.dll","CodeFilePath":null,"LineNumber":0,"Properties":[]},"Attachments":[],"Outcome":1,"ErrorMessage":null,"ErrorStackTrace":null,"DisplayName":"MiniDZ1Tests.ZooTests.AddAnimal_HealthyAnimal_AddedToZoo","Messages":[],"ComputerName":"WIN-NT059EK4SVE","Duration":"00:00:00.0004266","StartTime":"2025-02-11T15:22:34.5966104+00:00","EndTime":"2025-02-11T15:22:34.5966105+00:00","Properties":[]}],"TestRunStatistics":{"ExecutedTests":34,"Stats":{"Passed":34}},"ActiveTests":[]},"RunAttachments":[],"ExecutorUris":["executor://xunit/VsTestRunner2/netcoreapp"]}}
TpTrace Verbose: 0 : 3572, 14, 2025/02/11, 18:22:34.608, 586628208799, vstest.console.dll, TestRequestSender.EndSession: Sending end session.
TpTrace Verbose: 0 : 3572, 14, 2025/02/11, 18:22:34.608, 586628209701, vstest.console.dll, ProxyOperationManager.Close: waiting for test host to exit for 100 ms
TpTrace Verbose: 0 : 3572, 12, 2025/02/11, 18:22:34.638, 586628510050, vstest.console.dll, TestHostManagerCallbacks.StandardOutputReceivedCallback Test host standard output line: 
TpTrace Warning: 0 : 3572, 10, 2025/02/11, 18:22:34.638, 586628510169, vstest.console.dll, TestHostManagerCallbacks.ErrorReceivedCallback Test host standard error line: 
TpTrace Verbose: 0 : 3572, 10, 2025/02/11, 18:22:34.646, 586628588629, vstest.console.dll, TestHostProvider.ExitCallBack: Host exited starting callback.
TpTrace Information: 0 : 3572, 10, 2025/02/11, 18:22:34.646, 586628589510, vstest.console.dll, TestHostManagerCallbacks.ExitCallBack: Testhost processId: 19160 exited with exitcode: 0 error: ''
TpTrace Verbose: 0 : 3572, 10, 2025/02/11, 18:22:34.646, 586628589720, vstest.console.dll, DotnetTestHostManager.OnHostExited: invoking OnHostExited callback
TpTrace Verbose: 0 : 3572, 10, 2025/02/11, 18:22:34.646, 586628590122, vstest.console.dll, CrossPlatEngine.TestHostManagerHostExited: calling on client process exit callback.
TpTrace Information: 0 : 3572, 10, 2025/02/11, 18:22:34.646, 586628590445, vstest.console.dll, TestRequestSender.OnClientProcessExit: Test host process exited. Standard error: 
TpTrace Information: 0 : 3572, 10, 2025/02/11, 18:22:34.646, 586628590714, vstest.console.dll, SocketServer.Stop: Stop server endPoint: 127.0.0.1:57146
TpTrace Information: 0 : 3572, 10, 2025/02/11, 18:22:34.646, 586628590822, vstest.console.dll, SocketServer.Stop: Cancellation requested. Stopping message loop.
TpTrace Information: 0 : 3572, 14, 2025/02/11, 18:22:34.646, 586628591179, vstest.console.dll, SocketServer.Stop: Stop server endPoint: 127.0.0.1:57146
TpTrace Information: 0 : 3572, 14, 2025/02/11, 18:22:34.646, 586628591769, vstest.console.dll, SocketServer.Stop: Cancellation requested. Stopping message loop.
TpTrace Information: 0 : 3572, 14, 2025/02/11, 18:22:34.646, 586628592033, vstest.console.dll, Closing the connection
TpTrace Verbose: 0 : 3572, 10, 2025/02/11, 18:22:34.646, 586628591340, vstest.console.dll, MulticastDelegateUtilities.SafeInvoke: HostProviderEvents.OnHostExited: Invoking callback 1/1 for Microsoft.VisualStudio.TestPlatform.CrossPlatEngine.Client.ProxyOperationManager., took 0 ms.
TpTrace Verbose: 0 : 3572, 14, 2025/02/11, 18:22:34.647, 586628594429, vstest.console.dll, ProxyDataCollectionManager.InvokeDataCollectionServiceAction: Starting.
TpTrace Information: 0 : 3572, 14, 2025/02/11, 18:22:34.647, 586628594831, vstest.console.dll, ProxyDataCollectionManager.AfterTestRunEnd: Get attachment set and invoked data collectors processId: 3856 port: 57143
TpTrace Verbose: 0 : 3572, 14, 2025/02/11, 18:22:34.647, 586628595098, vstest.console.dll, DataCollectionRequestSender.SendAfterTestRunStartAndGetResult: Send AfterTestRunEnd message with isCancelled: False
TpTrace Verbose: 0 : 3572, 14, 2025/02/11, 18:22:34.651, 586628632794, vstest.console.dll, DataCollectionRequestSender.SendAfterTestRunStartAndGetResult: Received message: (DataCollection.AfterTestRunEndResult) -> {"MessageType":"DataCollection.AfterTestRunEndResult","Payload":{"AttachmentSets":[],"InvokedDataCollectors":[{"Uri":"datacollector://Microsoft/TestPlatform/Extensions/Blame/v1","FriendlyName":"Blame","AssemblyQualifiedName":"Microsoft.TestPlatform.Extensions.BlameDataCollector.BlameCollector, Microsoft.TestPlatform.Extensions.BlameDataCollector, Version=15.0.0.0, Culture=neutral, PublicKeyToken=b03f5f7f11d50a3a","FilePath":"C:\\Program Files\\dotnet\\sdk\\9.0.102\\Extensions\\Microsoft.TestPlatform.Extensions.BlameDataCollector.dll","HasAttachmentProcessor":false}],"Metrics":{}}}
TpTrace Information: 0 : 3572, 14, 2025/02/11, 18:22:34.653, 586628662004, vstest.console.dll, ProxyDataCollectionManager.InvokeDataCollectionServiceAction: Completed.
TpTrace Warning: 0 : 3572, 11, 2025/02/11, 18:22:34.662, 586628747317, vstest.console.dll, DataCollectionLauncher.ErrorReceivedCallback datacollector standard error line: 
TpTrace Information: 0 : 3572, 11, 2025/02/11, 18:22:34.668, 586628804533, vstest.console.dll, DataCollectionLauncher.ExitCallBack: Data collector exited with exitcode: 0 error: ''
TpTrace Verbose: 0 : 3572, 14, 2025/02/11, 18:22:34.673, 586628855049, vstest.console.dll, TestRunRequest:SendTestRunStatsChange: Starting.
TpTrace Verbose: 0 : 3572, 14, 2025/02/11, 18:22:34.673, 586628855778, vstest.console.dll, MulticastDelegateUtilities.SafeInvoke: TestRun.RunStatsChanged: Invoking callbacks was skipped because there are no subscribers.
TpTrace Information: 0 : 3572, 14, 2025/02/11, 18:22:34.673, 586628856079, vstest.console.dll, TestRunRequest:SendTestRunStatsChange: Completed.
TpTrace Verbose: 0 : 3572, 4, 2025/02/11, 18:22:34.673, 586628856538, vstest.console.dll, MulticastDelegateUtilities.SafeInvoke: InternalTestLoggerEvents.SendTestResult: Invoking callback 1/1 for Microsoft.VisualStudio.TestPlatform.CommandLine.Internal.ConsoleLogger., took 0 ms.
TpTrace Verbose: 0 : 3572, 4, 2025/02/11, 18:22:34.673, 586628856997, vstest.console.dll, MulticastDelegateUtilities.SafeInvoke: InternalTestLoggerEvents.SendTestResult: Invoking callback 1/1 for Microsoft.VisualStudio.TestPlatform.CommandLine.Internal.ConsoleLogger., took 0 ms.
TpTrace Verbose: 0 : 3572, 4, 2025/02/11, 18:22:34.673, 586628857186, vstest.console.dll, MulticastDelegateUtilities.SafeInvoke: InternalTestLoggerEvents.SendTestResult: Invoking callback 1/1 for Microsoft.VisualStudio.TestPlatform.CommandLine.Internal.ConsoleLogger., took 0 ms.
TpTrace Verbose: 0 : 3572, 14, 2025/02/11, 18:22:34.673, 586628857763, vstest.console.dll, ParallelProxyExecutionManager: HandlePartialRunComplete: Total workloads = 1, Total started clients = 1 Total completed clients = 1, Run complete = True, Run canceled: False.
TpTrace Verbose: 0 : 3572, 14, 2025/02/11, 18:22:34.673, 586628857972, vstest.console.dll, ParallelProxyExecutionManager: HandlePartialRunComplete: All runs completed stopping all managers.
TpTrace Verbose: 0 : 3572, 14, 2025/02/11, 18:22:34.673, 586628858126, vstest.console.dll, ParallelOperationManager.StopAllManagers: Stopping all managers.
TpTrace Verbose: 0 : 3572, 14, 2025/02/11, 18:22:34.673, 586628858240, vstest.console.dll, ParallelOperationManager.ClearSlots: Clearing all slots. Slots should accept more work: False
TpTrace Verbose: 0 : 3572, 14, 2025/02/11, 18:22:34.673, 586628858449, vstest.console.dll, ParallelOperationManager.SetOccupiedSlotCount: Setting slot counts AvailableSlotCount = 1, OccupiedSlotCount = 0.
TpTrace Verbose: 0 : 3572, 14, 2025/02/11, 18:22:34.673, 586628858590, vstest.console.dll, Occupied slots:

TpTrace Verbose: 0 : 3572, 4, 2025/02/11, 18:22:34.677, 586628897657, vstest.console.dll, MulticastDelegateUtilities.SafeInvoke: InternalTestLoggerEvents.SendTestRunComplete: Invoking callback 1/2 for Microsoft.TestPlatform.Extensions.BlameDataCollector.BlameLogger., took 0 ms.
TpTrace Verbose: 0 : 3572, 4, 2025/02/11, 18:22:34.680, 586628924515, vstest.console.dll, MulticastDelegateUtilities.SafeInvoke: InternalTestLoggerEvents.SendTestRunComplete: Invoking callback 2/2 for Microsoft.VisualStudio.TestPlatform.CommandLine.Internal.ConsoleLogger., took 2 ms.
TpTrace Verbose: 0 : 3572, 14, 2025/02/11, 18:22:34.680, 586628926079, vstest.console.dll, TestRunRequest:TestRunComplete: Starting. IsAborted:False IsCanceled:False.
TpTrace Verbose: 0 : 3572, 14, 2025/02/11, 18:22:34.680, 586628926990, vstest.console.dll, ParallelOperationManager.DoActionOnAllManagers: Calling an action on all managers.
TpTrace Verbose: 0 : 3572, 14, 2025/02/11, 18:22:34.680, 586628931412, vstest.console.dll, TestLoggerManager.HandleTestRunComplete: Ignoring as the object is disposed.
TpTrace Verbose: 0 : 3572, 14, 2025/02/11, 18:22:34.681, 586628932505, vstest.console.dll, MulticastDelegateUtilities.SafeInvoke: TestRun.TestRunComplete: Invoking callback 1/2 for Microsoft.VisualStudio.TestPlatform.CommandLine.TestRunResultAggregator., took 0 ms.
TpTrace Verbose: 0 : 3572, 14, 2025/02/11, 18:22:34.681, 586628933102, vstest.console.dll, MulticastDelegateUtilities.SafeInvoke: TestRun.TestRunComplete: Invoking callback 2/2 for Microsoft.VisualStudio.TestPlatform.CommandLine.Processors.RunTestsArgumentExecutor+TestRunRequestEventsRegistrar., took 0 ms.
TpTrace Information: 0 : 3572, 14, 2025/02/11, 18:22:34.681, 586628933553, vstest.console.dll, TestRunRequest:TestRunComplete: Completed.
TpTrace Verbose: 0 : 3572, 14, 2025/02/11, 18:22:34.681, 586628933773, vstest.console.dll, TestRequestSender.SetOperationComplete: Setting operation complete.
TpTrace Information: 0 : 3572, 14, 2025/02/11, 18:22:34.681, 586628933949, vstest.console.dll, SocketServer.Stop: Stop server endPoint: 127.0.0.1:57146
TpTrace Information: 0 : 3572, 14, 2025/02/11, 18:22:34.681, 586628934049, vstest.console.dll, SocketServer.Stop: Cancellation requested. Stopping message loop.
TpTrace Verbose: 0 : 3572, 14, 2025/02/11, 18:22:34.681, 586628934170, vstest.console.dll, MulticastDelegateUtilities.SafeInvoke: LengthPrefixCommunicationChannel: MessageReceived: Invoking callback 1/1 for Microsoft.VisualStudio.TestPlatform.CommunicationUtilities.TestRequestSender+<>c__DisplayClass34_0., took 72 ms.
TpTrace Information: 0 : 3572, 14, 2025/02/11, 18:22:34.681, 586628934333, vstest.console.dll, SocketServer.PrivateStop: Stopping server endPoint: 127.0.0.1:57146 error: 
TpTrace Verbose: 0 : 3572, 1, 2025/02/11, 18:22:34.681, 586628934960, vstest.console.dll, TestRunRequest.Dispose: Starting.
TpTrace Information: 0 : 3572, 1, 2025/02/11, 18:22:34.681, 586628935466, vstest.console.dll, TestRunRequest.Dispose: Completed.
TpTrace Information: 0 : 3572, 1, 2025/02/11, 18:22:34.681, 586628935654, vstest.console.dll, TestRequestManager.RunTests: run tests completed.
TpTrace Information: 0 : 3572, 1, 2025/02/11, 18:22:34.681, 586628936058, vstest.console.dll, RunTestsArgumentProcessor:Execute: Test run is completed.
TpTrace Verbose: 0 : 3572, 14, 2025/02/11, 18:22:34.681, 586628937086, vstest.console.dll, LengthPrefixCommunicationChannel.Dispose: Dispose reader and writer.
TpTrace Verbose: 0 : 3572, 1, 2025/02/11, 18:22:34.681, 586628937156, vstest.console.dll, Executor.Execute: Exiting with exit code of 0
TpTrace Information: 0 : 3572, 14, 2025/02/11, 18:22:34.681, 586628937626, vstest.console.dll, SocketServer.Stop: Raise disconnected event endPoint: 127.0.0.1:57146 error: 
TpTrace Verbose: 0 : 3572, 14, 2025/02/11, 18:22:34.681, 586628938276, vstest.console.dll, TestRequestSender: OnTestRunAbort: Operation is already complete. Skip error message.
TpTrace Verbose: 0 : 3572, 14, 2025/02/11, 18:22:34.681, 586628938440, vstest.console.dll, MulticastDelegateUtilities.SafeInvoke: SocketServer: ClientDisconnected: Invoking callback 1/1 for Microsoft.VisualStudio.TestPlatform.CommunicationUtilities.TestRequestSender., took 0 ms.
TpTrace Verbose: 0 : 3572, 14, 2025/02/11, 18:22:34.681, 586628938563, vstest.console.dll, TcpClientExtensions.MessageLoopAsync: exiting MessageLoopAsync remoteEndPoint: 127.0.0.1:57147 localEndPoint: 127.0.0.1:57146
