TpTrace Verbose: 0 : 14712, 1, 2025/02/11, 23:03:40.666, 755288791604, vstest.console.dll, Version: 17.12.0-release-24508-01 Current process architecture: X64
TpTrace Verbose: 0 : 14712, 1, 2025/02/11, 23:03:40.668, 755288808930, vstest.console.dll, Runtime location: C:\Program Files\dotnet\shared\Microsoft.NETCore.App\9.0.1
TpTrace Verbose: 0 : 14712, 1, 2025/02/11, 23:03:40.670, 755288822946, vstest.console.dll, ArtifactProcessingPostProcessModeProcessorExecutor.Initialize: ArtifactProcessingMode.Collect
TpTrace Verbose: 0 : 14712, 1, 2025/02/11, 23:03:40.670, 755288823628, vstest.console.dll, TestSessionCorrelationIdProcessorModeProcessorExecutor.Initialize: TestSessionCorrelationId '6524_3ea31361-5cf9-49c2-a731-3541b4c318bc'
TpTrace Information: 0 : 14712, 1, 2025/02/11, 23:03:40.673, 755288860547, vstest.console.dll, FilePatternParser: The given file D:\C# проекты\KPO\FourthKPOProject\S4.HseCarShop.Tests\bin\Debug\net9.0\fine-code-coverage\build-output\S4.HseCarShop.Tests.dll is a full path.
TpTrace Verbose: 0 : 14712, 1, 2025/02/11, 23:03:40.676, 755288891064, vstest.console.dll, TestPluginCache.DiscoverTestExtensions: finding test extensions in assemblies ends with: RuntimeProvider.dll TPluginInfo: Microsoft.VisualStudio.TestPlatform.Common.ExtensionFramework.Utilities.TestRuntimePluginInformation TExtension: Microsoft.VisualStudio.TestPlatform.ObjectModel.Host.ITestRuntimeProvider
TpTrace Verbose: 0 : 14712, 1, 2025/02/11, 23:03:40.677, 755288892646, vstest.console.dll, TestPluginCache.GetExtensionPaths: Filtered extension paths: 
TpTrace Verbose: 0 : 14712, 1, 2025/02/11, 23:03:40.677, 755288893005, vstest.console.dll, TestPluginCache.GetExtensionPaths: Added default extension paths: C:\Program Files\dotnet\sdk\9.0.102\Extensions\Microsoft.Diagnostics.NETCore.Client.dll
C:\Program Files\dotnet\sdk\9.0.102\Extensions\Microsoft.TestPlatform.Extensions.BlameDataCollector.dll
C:\Program Files\dotnet\sdk\9.0.102\Extensions\Microsoft.TestPlatform.Extensions.EventLogCollector.dll
C:\Program Files\dotnet\sdk\9.0.102\Extensions\Microsoft.TestPlatform.TestHostRuntimeProvider.dll
C:\Program Files\dotnet\sdk\9.0.102\Extensions\Microsoft.VisualStudio.TestPlatform.Extensions.Html.TestLogger.dll
C:\Program Files\dotnet\sdk\9.0.102\Extensions\Microsoft.VisualStudio.TestPlatform.Extensions.Trx.TestLogger.dll
TpTrace Verbose: 0 : 14712, 1, 2025/02/11, 23:03:40.677, 755288893126, vstest.console.dll, TestPluginCache.GetExtensionPaths: Added unfilterableExtensionPaths: 
TpTrace Information: 0 : 14712, 1, 2025/02/11, 23:03:40.677, 755288895832, vstest.console.dll, AssemblyResolver.ctor: Creating AssemblyResolver with searchDirectories C:\Program Files\dotnet\sdk\9.0.102\Extensions,C:\Program Files\dotnet\sdk\9.0.102
TpTrace Verbose: 0 : 14712, 1, 2025/02/11, 23:03:40.678, 755288902643, vstest.console.dll, TestPluginCache.DiscoverTestExtensions: Discovering the extensions using extension path.
TpTrace Verbose: 0 : 14712, 1, 2025/02/11, 23:03:40.678, 755288903261, vstest.console.dll, TestPluginCache.GetExtensionPaths: Filtered extension paths: 
TpTrace Verbose: 0 : 14712, 1, 2025/02/11, 23:03:40.678, 755288903434, vstest.console.dll, TestPluginCache.GetExtensionPaths: Added default extension paths: C:\Program Files\dotnet\sdk\9.0.102\Extensions\Microsoft.Diagnostics.NETCore.Client.dll
C:\Program Files\dotnet\sdk\9.0.102\Extensions\Microsoft.TestPlatform.Extensions.BlameDataCollector.dll
C:\Program Files\dotnet\sdk\9.0.102\Extensions\Microsoft.TestPlatform.Extensions.EventLogCollector.dll
C:\Program Files\dotnet\sdk\9.0.102\Extensions\Microsoft.TestPlatform.TestHostRuntimeProvider.dll
C:\Program Files\dotnet\sdk\9.0.102\Extensions\Microsoft.VisualStudio.TestPlatform.Extensions.Html.TestLogger.dll
C:\Program Files\dotnet\sdk\9.0.102\Extensions\Microsoft.VisualStudio.TestPlatform.Extensions.Trx.TestLogger.dll
TpTrace Verbose: 0 : 14712, 1, 2025/02/11, 23:03:40.678, 755288903547, vstest.console.dll, TestPluginCache.GetExtensionPaths: Added unfilterableExtensionPaths: 
TpTrace Verbose: 0 : 14712, 1, 2025/02/11, 23:03:40.678, 755288903882, vstest.console.dll, TestPluginCache.DiscoverTestExtensions: Discovering the extensions using allExtensionPaths: C:\Program Files\dotnet\sdk\9.0.102\Extensions\Microsoft.Diagnostics.NETCore.Client.dll
C:\Program Files\dotnet\sdk\9.0.102\Extensions\Microsoft.TestPlatform.Extensions.BlameDataCollector.dll
C:\Program Files\dotnet\sdk\9.0.102\Extensions\Microsoft.TestPlatform.Extensions.EventLogCollector.dll
C:\Program Files\dotnet\sdk\9.0.102\Extensions\Microsoft.TestPlatform.TestHostRuntimeProvider.dll
C:\Program Files\dotnet\sdk\9.0.102\Extensions\Microsoft.VisualStudio.TestPlatform.Extensions.Html.TestLogger.dll
C:\Program Files\dotnet\sdk\9.0.102\Extensions\Microsoft.VisualStudio.TestPlatform.Extensions.Trx.TestLogger.dll
TpTrace Information: 0 : 14712, 1, 2025/02/11, 23:03:40.678, 755288904694, vstest.console.dll, AssemblyResolver.AddSearchDirectories: Adding more searchDirectories C:\Program Files\dotnet\sdk\9.0.102\Extensions,C:\Program Files\dotnet\sdk\9.0.102
TpTrace Information: 0 : 14712, 1, 2025/02/11, 23:03:40.678, 755288904911, vstest.console.dll, AssemblyResolver.AddSearchDirectories: Adding more searchDirectories C:\Program Files\dotnet\sdk\9.0.102\Extensions,C:\Program Files\dotnet\sdk\9.0.102
TpTrace Information: 0 : 14712, 1, 2025/02/11, 23:03:40.678, 755288905045, vstest.console.dll, AssemblyResolver.AddSearchDirectories: Adding more searchDirectories C:\Program Files\dotnet\sdk\9.0.102\Extensions,C:\Program Files\dotnet\sdk\9.0.102
TpTrace Information: 0 : 14712, 1, 2025/02/11, 23:03:40.678, 755288905147, vstest.console.dll, AssemblyResolver.AddSearchDirectories: Adding more searchDirectories C:\Program Files\dotnet\sdk\9.0.102\Extensions,C:\Program Files\dotnet\sdk\9.0.102
TpTrace Information: 0 : 14712, 1, 2025/02/11, 23:03:40.678, 755288905246, vstest.console.dll, AssemblyResolver.AddSearchDirectories: Adding more searchDirectories C:\Program Files\dotnet\sdk\9.0.102\Extensions,C:\Program Files\dotnet\sdk\9.0.102
TpTrace Information: 0 : 14712, 1, 2025/02/11, 23:03:40.678, 755288905345, vstest.console.dll, AssemblyResolver.AddSearchDirectories: Adding more searchDirectories C:\Program Files\dotnet\sdk\9.0.102\Extensions,C:\Program Files\dotnet\sdk\9.0.102
TpTrace Information: 0 : 14712, 1, 2025/02/11, 23:03:40.678, 755288907759, vstest.console.dll, AssemblyResolver.OnResolve: Microsoft.Diagnostics.NETCore.Client: Resolving assembly.
TpTrace Information: 0 : 14712, 1, 2025/02/11, 23:03:40.678, 755288908129, vstest.console.dll, AssemblyResolver.OnResolve: Microsoft.Diagnostics.NETCore.Client: Searching in: 'C:\Program Files\dotnet\sdk\9.0.102\Extensions'.
TpTrace Information: 0 : 14712, 1, 2025/02/11, 23:03:40.682, 755288949765, vstest.console.dll, AssemblyResolver.OnResolve: Microsoft.Diagnostics.NETCore.Client: Loading assembly 'C:\Program Files\dotnet\sdk\9.0.102\Extensions\Microsoft.Diagnostics.NETCore.Client.dll'.
TpTrace Information: 0 : 14712, 1, 2025/02/11, 23:03:40.683, 755288956314, vstest.console.dll, AssemblyResolver.OnResolve: Resolved assembly: Microsoft.Diagnostics.NETCore.Client, from path: C:\Program Files\dotnet\sdk\9.0.102\Extensions\Microsoft.Diagnostics.NETCore.Client.dll
TpTrace Verbose: 0 : 14712, 1, 2025/02/11, 23:03:40.683, 755288961727, vstest.console.dll, MetadataReaderExtensionsHelper: Discovering extensions inside assembly 'Microsoft.Diagnostics.NETCore.Client, Version=0.2.10.41601, Culture=neutral, PublicKeyToken=31bf3856ad364e35' file path 'C:\Program Files\dotnet\sdk\9.0.102\Extensions\Microsoft.Diagnostics.NETCore.Client.dll'
TpTrace Information: 0 : 14712, 1, 2025/02/11, 23:03:40.686, 755288984517, vstest.console.dll, AssemblyResolver.OnResolve: Microsoft.Bcl.AsyncInterfaces: Resolving assembly.
TpTrace Information: 0 : 14712, 1, 2025/02/11, 23:03:40.686, 755288984934, vstest.console.dll, AssemblyResolver.OnResolve: Microsoft.Bcl.AsyncInterfaces: Searching in: 'C:\Program Files\dotnet\sdk\9.0.102\Extensions'.
TpTrace Information: 0 : 14712, 1, 2025/02/11, 23:03:40.686, 755288985256, vstest.console.dll, AssemblyResolver.OnResolve: Microsoft.Bcl.AsyncInterfaces: Assembly path does not exist: 'C:\Program Files\dotnet\sdk\9.0.102\Extensions\Microsoft.Bcl.AsyncInterfaces.dll', returning.
TpTrace Information: 0 : 14712, 1, 2025/02/11, 23:03:40.686, 755288985647, vstest.console.dll, AssemblyResolver.OnResolve: Microsoft.Bcl.AsyncInterfaces: Assembly path does not exist: 'C:\Program Files\dotnet\sdk\9.0.102\Extensions\Microsoft.Bcl.AsyncInterfaces.exe', returning.
TpTrace Information: 0 : 14712, 1, 2025/02/11, 23:03:40.686, 755288985786, vstest.console.dll, AssemblyResolver.OnResolve: Microsoft.Bcl.AsyncInterfaces: Searching in: 'C:\Program Files\dotnet\sdk\9.0.102'.
TpTrace Information: 0 : 14712, 1, 2025/02/11, 23:03:40.686, 755288985998, vstest.console.dll, AssemblyResolver.OnResolve: Microsoft.Bcl.AsyncInterfaces: Assembly path does not exist: 'C:\Program Files\dotnet\sdk\9.0.102\Microsoft.Bcl.AsyncInterfaces.dll', returning.
TpTrace Information: 0 : 14712, 1, 2025/02/11, 23:03:40.686, 755288986183, vstest.console.dll, AssemblyResolver.OnResolve: Microsoft.Bcl.AsyncInterfaces: Assembly path does not exist: 'C:\Program Files\dotnet\sdk\9.0.102\Microsoft.Bcl.AsyncInterfaces.exe', returning.
TpTrace Information: 0 : 14712, 1, 2025/02/11, 23:03:40.686, 755288986413, vstest.console.dll, AssemblyResolver.OnResolve: Microsoft.Bcl.AsyncInterfaces: Failed to load assembly.
TpTrace Verbose: 0 : 14712, 1, 2025/02/11, 23:03:40.686, 755288986594, vstest.console.dll, CurrentDomainAssemblyResolve: Resolving assembly 'Microsoft.Bcl.AsyncInterfaces'.
TpTrace Information: 0 : 14712, 1, 2025/02/11, 23:03:40.686, 755288986825, vstest.console.dll, AssemblyResolver.OnResolve: Microsoft.Bcl.AsyncInterfaces: Resolving assembly.
TpTrace Information: 0 : 14712, 1, 2025/02/11, 23:03:40.686, 755288986950, vstest.console.dll, AssemblyResolver.OnResolve: Microsoft.Bcl.AsyncInterfaces: Resolved from cache.
TpTrace Verbose: 0 : 14712, 1, 2025/02/11, 23:03:40.686, 755288987047, vstest.console.dll, CurrentDomainAssemblyResolve: Resolving assembly 'Microsoft.Bcl.AsyncInterfaces'.
TpTrace Verbose: 0 : 14712, 1, 2025/02/11, 23:03:40.686, 755288987214, vstest.console.dll, CurrentDomainAssemblyResolve: Failed to resolve assembly 'Microsoft.Bcl.AsyncInterfaces'.
TpTrace Verbose: 0 : 14712, 1, 2025/02/11, 23:03:40.687, 755288992572, vstest.console.dll, CurrentDomainAssemblyResolve: Failed to resolve assembly 'Microsoft.Bcl.AsyncInterfaces'.
TpTrace Warning: 0 : 14712, 1, 2025/02/11, 23:03:40.692, 755289046983, vstest.console.dll, TestPluginDiscoverer: Failed to get types from assembly 'Microsoft.Diagnostics.NETCore.Client, Version=0.2.10.41601, Culture=neutral, PublicKeyToken=31bf3856ad364e35'. Error: System.Reflection.ReflectionTypeLoadException: Unable to load one or more of the requested types.
Could not load file or assembly 'Microsoft.Bcl.AsyncInterfaces, Version=6.0.0.0, Culture=neutral, PublicKeyToken=cc7b13ffcd2ddd51'. Не удается найти указанный файл.
   at System.Reflection.RuntimeModule.GetDefinedTypes()
   at System.Reflection.RuntimeModule.GetTypes()
   at Microsoft.VisualStudio.TestPlatform.Common.ExtensionFramework.TestPluginDiscoverer.GetTestExtensionsFromAssembly[TPluginInfo,TExtension](Assembly assembly, Dictionary`2 pluginInfos, String filePath) in /_/src/Microsoft.TestPlatform.Common/ExtensionFramework/TestPluginDiscoverer.cs:line 159
System.IO.FileNotFoundException: Could not load file or assembly 'Microsoft.Bcl.AsyncInterfaces, Version=6.0.0.0, Culture=neutral, PublicKeyToken=cc7b13ffcd2ddd51'. Не удается найти указанный файл.
File name: 'Microsoft.Bcl.AsyncInterfaces, Version=6.0.0.0, Culture=neutral, PublicKeyToken=cc7b13ffcd2ddd51'
 ---> System.IO.FileNotFoundException: Could not load file or assembly 'Microsoft.Bcl.AsyncInterfaces, Culture=neutral, PublicKeyToken=null'. Не удается найти указанный файл.
File name: 'Microsoft.Bcl.AsyncInterfaces, Culture=neutral, PublicKeyToken=null'
   at System.Reflection.RuntimeAssembly.InternalLoad(AssemblyName assemblyName, StackCrawlMark& stackMark, AssemblyLoadContext assemblyLoadContext, RuntimeAssembly requestingAssembly, Boolean throwOnFileNotFound)
   at System.Reflection.Assembly.Load(AssemblyName assemblyRef)
   at Microsoft.VisualStudio.TestPlatform.Common.ExtensionFramework.TestPluginCache.CurrentDomainAssemblyResolve(Object sender, AssemblyResolveEventArgs args) in /_/src/Microsoft.TestPlatform.Common/ExtensionFramework/TestPluginCache.cs:line 514
   at System.Runtime.Loader.AssemblyLoadContext.GetFirstResolvedAssemblyFromResolvingEvent(AssemblyName assemblyName)
   at System.Runtime.Loader.AssemblyLoadContext.ResolveUsingEvent(AssemblyName assemblyName)
   at System.Runtime.Loader.AssemblyLoadContext.ResolveUsingResolvingEvent(IntPtr gchManagedAssemblyLoadContext, AssemblyName assemblyName)
TpTrace Warning: 0 : 14712, 1, 2025/02/11, 23:03:40.692, 755289048521, vstest.console.dll, LoaderExceptions: System.IO.FileNotFoundException: Could not load file or assembly 'Microsoft.Bcl.AsyncInterfaces, Version=6.0.0.0, Culture=neutral, PublicKeyToken=cc7b13ffcd2ddd51'. Не удается найти указанный файл.
File name: 'Microsoft.Bcl.AsyncInterfaces, Version=6.0.0.0, Culture=neutral, PublicKeyToken=cc7b13ffcd2ddd51'
 ---> System.IO.FileNotFoundException: Could not load file or assembly 'Microsoft.Bcl.AsyncInterfaces, Culture=neutral, PublicKeyToken=null'. Не удается найти указанный файл.
File name: 'Microsoft.Bcl.AsyncInterfaces, Culture=neutral, PublicKeyToken=null'
   at System.Reflection.RuntimeAssembly.InternalLoad(AssemblyName assemblyName, StackCrawlMark& stackMark, AssemblyLoadContext assemblyLoadContext, RuntimeAssembly requestingAssembly, Boolean throwOnFileNotFound)
   at System.Reflection.Assembly.Load(AssemblyName assemblyRef)
   at Microsoft.VisualStudio.TestPlatform.Common.ExtensionFramework.TestPluginCache.CurrentDomainAssemblyResolve(Object sender, AssemblyResolveEventArgs args) in /_/src/Microsoft.TestPlatform.Common/ExtensionFramework/TestPluginCache.cs:line 514
   at System.Runtime.Loader.AssemblyLoadContext.GetFirstResolvedAssemblyFromResolvingEvent(AssemblyName assemblyName)
   at System.Runtime.Loader.AssemblyLoadContext.ResolveUsingEvent(AssemblyName assemblyName)
   at System.Runtime.Loader.AssemblyLoadContext.ResolveUsingResolvingEvent(IntPtr gchManagedAssemblyLoadContext, AssemblyName assemblyName)
TpTrace Information: 0 : 14712, 1, 2025/02/11, 23:03:40.692, 755289049125, vstest.console.dll, AssemblyResolver.OnResolve: Microsoft.TestPlatform.Extensions.BlameDataCollector: Resolving assembly.
TpTrace Information: 0 : 14712, 1, 2025/02/11, 23:03:40.692, 755289049336, vstest.console.dll, AssemblyResolver.OnResolve: Microsoft.TestPlatform.Extensions.BlameDataCollector: Searching in: 'C:\Program Files\dotnet\sdk\9.0.102\Extensions'.
TpTrace Information: 0 : 14712, 1, 2025/02/11, 23:03:40.693, 755289053151, vstest.console.dll, AssemblyResolver.OnResolve: Microsoft.TestPlatform.Extensions.BlameDataCollector: Loading assembly 'C:\Program Files\dotnet\sdk\9.0.102\Extensions\Microsoft.TestPlatform.Extensions.BlameDataCollector.dll'.
TpTrace Information: 0 : 14712, 1, 2025/02/11, 23:03:40.693, 755289057254, vstest.console.dll, AssemblyResolver.OnResolve: Resolved assembly: Microsoft.TestPlatform.Extensions.BlameDataCollector, from path: C:\Program Files\dotnet\sdk\9.0.102\Extensions\Microsoft.TestPlatform.Extensions.BlameDataCollector.dll
TpTrace Verbose: 0 : 14712, 1, 2025/02/11, 23:03:40.693, 755289057759, vstest.console.dll, MetadataReaderExtensionsHelper: Discovering extensions inside assembly 'Microsoft.TestPlatform.Extensions.BlameDataCollector, Version=15.0.0.0, Culture=neutral, PublicKeyToken=b03f5f7f11d50a3a' file path 'C:\Program Files\dotnet\sdk\9.0.102\Extensions\Microsoft.TestPlatform.Extensions.BlameDataCollector.dll'
TpTrace Information: 0 : 14712, 1, 2025/02/11, 23:03:40.694, 755289065512, vstest.console.dll, AssemblyResolver.OnResolve: Microsoft.TestPlatform.Extensions.EventLogCollector: Resolving assembly.
TpTrace Information: 0 : 14712, 1, 2025/02/11, 23:03:40.694, 755289065876, vstest.console.dll, AssemblyResolver.OnResolve: Microsoft.TestPlatform.Extensions.EventLogCollector: Searching in: 'C:\Program Files\dotnet\sdk\9.0.102\Extensions'.
TpTrace Information: 0 : 14712, 1, 2025/02/11, 23:03:40.694, 755289069446, vstest.console.dll, AssemblyResolver.OnResolve: Microsoft.TestPlatform.Extensions.EventLogCollector: Loading assembly 'C:\Program Files\dotnet\sdk\9.0.102\Extensions\Microsoft.TestPlatform.Extensions.EventLogCollector.dll'.
TpTrace Information: 0 : 14712, 1, 2025/02/11, 23:03:40.695, 755289072569, vstest.console.dll, AssemblyResolver.OnResolve: Resolved assembly: Microsoft.TestPlatform.Extensions.EventLogCollector, from path: C:\Program Files\dotnet\sdk\9.0.102\Extensions\Microsoft.TestPlatform.Extensions.EventLogCollector.dll
TpTrace Verbose: 0 : 14712, 1, 2025/02/11, 23:03:40.695, 755289072928, vstest.console.dll, MetadataReaderExtensionsHelper: Discovering extensions inside assembly 'Microsoft.TestPlatform.Extensions.EventLogCollector, Version=15.0.0.0, Culture=neutral, PublicKeyToken=b03f5f7f11d50a3a' file path 'C:\Program Files\dotnet\sdk\9.0.102\Extensions\Microsoft.TestPlatform.Extensions.EventLogCollector.dll'
TpTrace Information: 0 : 14712, 1, 2025/02/11, 23:03:40.696, 755289089033, vstest.console.dll, AssemblyResolver.OnResolve: Microsoft.TestPlatform.TestHostRuntimeProvider: Resolving assembly.
TpTrace Information: 0 : 14712, 1, 2025/02/11, 23:03:40.696, 755289089432, vstest.console.dll, AssemblyResolver.OnResolve: Microsoft.TestPlatform.TestHostRuntimeProvider: Searching in: 'C:\Program Files\dotnet\sdk\9.0.102\Extensions'.
TpTrace Information: 0 : 14712, 1, 2025/02/11, 23:03:40.697, 755289092723, vstest.console.dll, AssemblyResolver.OnResolve: Microsoft.TestPlatform.TestHostRuntimeProvider: Loading assembly 'C:\Program Files\dotnet\sdk\9.0.102\Extensions\Microsoft.TestPlatform.TestHostRuntimeProvider.dll'.
TpTrace Information: 0 : 14712, 1, 2025/02/11, 23:03:40.697, 755289096239, vstest.console.dll, AssemblyResolver.OnResolve: Resolved assembly: Microsoft.TestPlatform.TestHostRuntimeProvider, from path: C:\Program Files\dotnet\sdk\9.0.102\Extensions\Microsoft.TestPlatform.TestHostRuntimeProvider.dll
TpTrace Verbose: 0 : 14712, 1, 2025/02/11, 23:03:40.697, 755289096560, vstest.console.dll, MetadataReaderExtensionsHelper: Discovering extensions inside assembly 'Microsoft.TestPlatform.TestHostRuntimeProvider, Version=15.0.0.0, Culture=neutral, PublicKeyToken=b03f5f7f11d50a3a' file path 'C:\Program Files\dotnet\sdk\9.0.102\Extensions\Microsoft.TestPlatform.TestHostRuntimeProvider.dll'
TpTrace Information: 0 : 14712, 1, 2025/02/11, 23:03:40.698, 755289105146, vstest.console.dll, GetTestExtensionFromType: Register extension with identifier data 'HostProvider://DefaultTestHost' and type 'Microsoft.VisualStudio.TestPlatform.CrossPlatEngine.Hosting.DefaultTestHostManager, Microsoft.TestPlatform.TestHostRuntimeProvider, Version=15.0.0.0, Culture=neutral, PublicKeyToken=b03f5f7f11d50a3a' inside file 'C:\Program Files\dotnet\sdk\9.0.102\Extensions\Microsoft.TestPlatform.TestHostRuntimeProvider.dll'
TpTrace Information: 0 : 14712, 1, 2025/02/11, 23:03:40.698, 755289106588, vstest.console.dll, GetTestExtensionFromType: Register extension with identifier data 'HostProvider://DotnetTestHost' and type 'Microsoft.VisualStudio.TestPlatform.CrossPlatEngine.Hosting.DotnetTestHostManager, Microsoft.TestPlatform.TestHostRuntimeProvider, Version=15.0.0.0, Culture=neutral, PublicKeyToken=b03f5f7f11d50a3a' inside file 'C:\Program Files\dotnet\sdk\9.0.102\Extensions\Microsoft.TestPlatform.TestHostRuntimeProvider.dll'
TpTrace Information: 0 : 14712, 1, 2025/02/11, 23:03:40.698, 755289106956, vstest.console.dll, AssemblyResolver.OnResolve: Microsoft.VisualStudio.TestPlatform.Extensions.Html.TestLogger: Resolving assembly.
TpTrace Information: 0 : 14712, 1, 2025/02/11, 23:03:40.698, 755289107168, vstest.console.dll, AssemblyResolver.OnResolve: Microsoft.VisualStudio.TestPlatform.Extensions.Html.TestLogger: Searching in: 'C:\Program Files\dotnet\sdk\9.0.102\Extensions'.
TpTrace Information: 0 : 14712, 1, 2025/02/11, 23:03:40.698, 755289110503, vstest.console.dll, AssemblyResolver.OnResolve: Microsoft.VisualStudio.TestPlatform.Extensions.Html.TestLogger: Loading assembly 'C:\Program Files\dotnet\sdk\9.0.102\Extensions\Microsoft.VisualStudio.TestPlatform.Extensions.Html.TestLogger.dll'.
TpTrace Information: 0 : 14712, 1, 2025/02/11, 23:03:40.699, 755289114214, vstest.console.dll, AssemblyResolver.OnResolve: Resolved assembly: Microsoft.VisualStudio.TestPlatform.Extensions.Html.TestLogger, from path: C:\Program Files\dotnet\sdk\9.0.102\Extensions\Microsoft.VisualStudio.TestPlatform.Extensions.Html.TestLogger.dll
TpTrace Verbose: 0 : 14712, 1, 2025/02/11, 23:03:40.699, 755289114597, vstest.console.dll, MetadataReaderExtensionsHelper: Discovering extensions inside assembly 'Microsoft.VisualStudio.TestPlatform.Extensions.Html.TestLogger, Version=15.0.0.0, Culture=neutral, PublicKeyToken=b03f5f7f11d50a3a' file path 'C:\Program Files\dotnet\sdk\9.0.102\Extensions\Microsoft.VisualStudio.TestPlatform.Extensions.Html.TestLogger.dll'
TpTrace Information: 0 : 14712, 1, 2025/02/11, 23:03:40.699, 755289119647, vstest.console.dll, AssemblyResolver.OnResolve: Microsoft.VisualStudio.TestPlatform.Extensions.Trx.TestLogger: Resolving assembly.
TpTrace Information: 0 : 14712, 1, 2025/02/11, 23:03:40.699, 755289119993, vstest.console.dll, AssemblyResolver.OnResolve: Microsoft.VisualStudio.TestPlatform.Extensions.Trx.TestLogger: Searching in: 'C:\Program Files\dotnet\sdk\9.0.102\Extensions'.
TpTrace Information: 0 : 14712, 1, 2025/02/11, 23:03:40.700, 755289122658, vstest.console.dll, AssemblyResolver.OnResolve: Microsoft.VisualStudio.TestPlatform.Extensions.Trx.TestLogger: Loading assembly 'C:\Program Files\dotnet\sdk\9.0.102\Extensions\Microsoft.VisualStudio.TestPlatform.Extensions.Trx.TestLogger.dll'.
TpTrace Information: 0 : 14712, 1, 2025/02/11, 23:03:40.700, 755289126000, vstest.console.dll, AssemblyResolver.OnResolve: Resolved assembly: Microsoft.VisualStudio.TestPlatform.Extensions.Trx.TestLogger, from path: C:\Program Files\dotnet\sdk\9.0.102\Extensions\Microsoft.VisualStudio.TestPlatform.Extensions.Trx.TestLogger.dll
TpTrace Verbose: 0 : 14712, 1, 2025/02/11, 23:03:40.700, 755289126348, vstest.console.dll, MetadataReaderExtensionsHelper: Discovering extensions inside assembly 'Microsoft.VisualStudio.TestPlatform.Extensions.Trx.TestLogger, Version=15.0.0.0, Culture=neutral, PublicKeyToken=b03f5f7f11d50a3a' file path 'C:\Program Files\dotnet\sdk\9.0.102\Extensions\Microsoft.VisualStudio.TestPlatform.Extensions.Trx.TestLogger.dll'
TpTrace Verbose: 0 : 14712, 1, 2025/02/11, 23:03:40.701, 755289132310, vstest.console.dll, TestPluginCache: Discovered the extensions using extension path ''.
TpTrace Verbose: 0 : 14712, 1, 2025/02/11, 23:03:40.701, 755289132638, vstest.console.dll, TestPluginCache: Discoverers are ''.
TpTrace Verbose: 0 : 14712, 1, 2025/02/11, 23:03:40.701, 755289132747, vstest.console.dll, TestPluginCache: Executors are ''.
TpTrace Verbose: 0 : 14712, 1, 2025/02/11, 23:03:40.701, 755289132869, vstest.console.dll, TestPluginCache: Executors2 are ''.
TpTrace Verbose: 0 : 14712, 1, 2025/02/11, 23:03:40.701, 755289132960, vstest.console.dll, TestPluginCache: Setting providers are ''.
TpTrace Verbose: 0 : 14712, 1, 2025/02/11, 23:03:40.701, 755289133053, vstest.console.dll, TestPluginCache: Loggers are ''.
TpTrace Verbose: 0 : 14712, 1, 2025/02/11, 23:03:40.701, 755289133400, vstest.console.dll, TestPluginCache: TestHosts are 'HostProvider://DefaultTestHost,HostProvider://DotnetTestHost'.
TpTrace Verbose: 0 : 14712, 1, 2025/02/11, 23:03:40.701, 755289133504, vstest.console.dll, TestPluginCache: DataCollectors are ''.
TpTrace Information: 0 : 14712, 1, 2025/02/11, 23:03:40.707, 755289201374, vstest.console.dll, RunTestsArgumentProcessor:Execute: Test run is starting.
TpTrace Verbose: 0 : 14712, 1, 2025/02/11, 23:03:40.707, 755289201816, vstest.console.dll, RunTestsArgumentProcessor:Execute: Queuing Test run.
TpTrace Information: 0 : 14712, 1, 2025/02/11, 23:03:40.708, 755289202934, vstest.console.dll, TestRequestManager.RunTests: run tests started.
TpTrace Information: 0 : 14712, 1, 2025/02/11, 23:03:40.728, 755289407194, vstest.console.dll, AssemblyMetadataProvider.GetFrameworkName: Determined framework:'.NETCoreApp,Version=v9.0' for source: 'D:\C# проекты\KPO\FourthKPOProject\S4.HseCarShop.Tests\bin\Debug\net9.0\fine-code-coverage\build-output\S4.HseCarShop.Tests.dll'
TpTrace Information: 0 : 14712, 1, 2025/02/11, 23:03:40.728, 755289409054, vstest.console.dll, Determined framework for all sources: .NETCoreApp,Version=v9.0
TpTrace Verbose: 0 : 14712, 1, 2025/02/11, 23:03:40.728, 755289411367, vstest.console.dll, TestRequestManager.UpdateRunSettingsIfRequired: Default architecture: X64 IsDefaultTargetArchitecture: True, Current process architecture: X64 OperatingSystem: Windows.
TpTrace Information: 0 : 14712, 1, 2025/02/11, 23:03:40.730, 755289423181, vstest.console.dll, AssemblyMetadataProvider.GetArchitecture: Determined architecture:AnyCPU info for assembly: D:\C# проекты\KPO\FourthKPOProject\S4.HseCarShop.Tests\bin\Debug\net9.0\fine-code-coverage\build-output\S4.HseCarShop.Tests.dll
TpTrace Information: 0 : 14712, 1, 2025/02/11, 23:03:40.730, 755289423552, vstest.console.dll, Determined platform for source 'D:\C# проекты\KPO\FourthKPOProject\S4.HseCarShop.Tests\bin\Debug\net9.0\fine-code-coverage\build-output\S4.HseCarShop.Tests.dll' was AnyCPU and it will use the default plaform X64.
TpTrace Information: 0 : 14712, 1, 2025/02/11, 23:03:40.730, 755289423672, vstest.console.dll, None of the sources provided any runnable platform, using the default platform: X64
TpTrace Information: 0 : 14712, 1, 2025/02/11, 23:03:40.730, 755289424122, vstest.console.dll, Platform was updated to 'X64'.
TpTrace Information: 0 : 14712, 1, 2025/02/11, 23:03:40.731, 755289440878, vstest.console.dll, InferRunSettingsHelper.IsTestSettingsEnabled: Unable to navigate to RunSettings/MSTest. Current node: RunSettings
TpTrace Information: 0 : 14712, 1, 2025/02/11, 23:03:40.732, 755289444250, vstest.console.dll, AssemblyResolver.OnResolve: Microsoft.VisualStudio.TestPlatform.Fakes: Resolving assembly.
TpTrace Information: 0 : 14712, 1, 2025/02/11, 23:03:40.732, 755289444708, vstest.console.dll, AssemblyResolver.OnResolve: Microsoft.VisualStudio.TestPlatform.Fakes: Searching in: 'C:\Program Files\dotnet\sdk\9.0.102\Extensions'.
TpTrace Information: 0 : 14712, 1, 2025/02/11, 23:03:40.732, 755289445114, vstest.console.dll, AssemblyResolver.OnResolve: Microsoft.VisualStudio.TestPlatform.Fakes: Assembly path does not exist: 'C:\Program Files\dotnet\sdk\9.0.102\Extensions\Microsoft.VisualStudio.TestPlatform.Fakes.dll', returning.
TpTrace Information: 0 : 14712, 1, 2025/02/11, 23:03:40.732, 755289446955, vstest.console.dll, AssemblyResolver.OnResolve: Microsoft.VisualStudio.TestPlatform.Fakes: Assembly path does not exist: 'C:\Program Files\dotnet\sdk\9.0.102\Extensions\Microsoft.VisualStudio.TestPlatform.Fakes.exe', returning.
TpTrace Information: 0 : 14712, 1, 2025/02/11, 23:03:40.732, 755289447095, vstest.console.dll, AssemblyResolver.OnResolve: Microsoft.VisualStudio.TestPlatform.Fakes: Searching in: 'C:\Program Files\dotnet\sdk\9.0.102'.
TpTrace Information: 0 : 14712, 1, 2025/02/11, 23:03:40.732, 755289447362, vstest.console.dll, AssemblyResolver.OnResolve: Microsoft.VisualStudio.TestPlatform.Fakes: Assembly path does not exist: 'C:\Program Files\dotnet\sdk\9.0.102\Microsoft.VisualStudio.TestPlatform.Fakes.dll', returning.
TpTrace Information: 0 : 14712, 1, 2025/02/11, 23:03:40.732, 755289447542, vstest.console.dll, AssemblyResolver.OnResolve: Microsoft.VisualStudio.TestPlatform.Fakes: Assembly path does not exist: 'C:\Program Files\dotnet\sdk\9.0.102\Microsoft.VisualStudio.TestPlatform.Fakes.exe', returning.
TpTrace Information: 0 : 14712, 1, 2025/02/11, 23:03:40.732, 755289447645, vstest.console.dll, AssemblyResolver.OnResolve: Microsoft.VisualStudio.TestPlatform.Fakes: Failed to load assembly.
TpTrace Information: 0 : 14712, 1, 2025/02/11, 23:03:40.732, 755289449076, vstest.console.dll, Failed to load assembly Microsoft.VisualStudio.TestPlatform.Fakes, Version=17.0.0.0, Culture=neutral. Reason:System.IO.FileNotFoundException: Could not load file or assembly 'Microsoft.VisualStudio.TestPlatform.Fakes, Version=17.0.0.0, Culture=neutral, PublicKeyToken=null'. Не удается найти указанный файл.
File name: 'Microsoft.VisualStudio.TestPlatform.Fakes, Version=17.0.0.0, Culture=neutral, PublicKeyToken=null'
   at System.Reflection.RuntimeAssembly.InternalLoad(AssemblyName assemblyName, StackCrawlMark& stackMark, AssemblyLoadContext assemblyLoadContext, RuntimeAssembly requestingAssembly, Boolean throwOnFileNotFound)
   at System.Reflection.Assembly.Load(AssemblyName assemblyRef)
   at Microsoft.VisualStudio.TestPlatform.Common.Utilities.FakesUtilities.LoadTestPlatformAssembly() in /_/src/Microsoft.TestPlatform.Common/Utilities/FakesUtilities.cs:line 273
TpTrace Verbose: 0 : 14712, 1, 2025/02/11, 23:03:40.734, 755289467700, vstest.console.dll, TestPluginCache.DiscoverTestExtensions: finding test extensions in assemblies ends with: TestLogger.dll TPluginInfo: Microsoft.VisualStudio.TestPlatform.Common.ExtensionFramework.Utilities.TestLoggerPluginInformation TExtension: Microsoft.VisualStudio.TestPlatform.ObjectModel.Client.ITestLogger
TpTrace Verbose: 0 : 14712, 1, 2025/02/11, 23:03:40.734, 755289468167, vstest.console.dll, TestPluginCache.GetExtensionPaths: Filtered extension paths: 
TpTrace Verbose: 0 : 14712, 1, 2025/02/11, 23:03:40.734, 755289468298, vstest.console.dll, TestPluginCache.GetExtensionPaths: Added default extension paths: C:\Program Files\dotnet\sdk\9.0.102\Extensions\Microsoft.Diagnostics.NETCore.Client.dll
C:\Program Files\dotnet\sdk\9.0.102\Extensions\Microsoft.TestPlatform.Extensions.BlameDataCollector.dll
C:\Program Files\dotnet\sdk\9.0.102\Extensions\Microsoft.TestPlatform.Extensions.EventLogCollector.dll
C:\Program Files\dotnet\sdk\9.0.102\Extensions\Microsoft.TestPlatform.TestHostRuntimeProvider.dll
C:\Program Files\dotnet\sdk\9.0.102\Extensions\Microsoft.VisualStudio.TestPlatform.Extensions.Html.TestLogger.dll
C:\Program Files\dotnet\sdk\9.0.102\Extensions\Microsoft.VisualStudio.TestPlatform.Extensions.Trx.TestLogger.dll
TpTrace Verbose: 0 : 14712, 1, 2025/02/11, 23:03:40.734, 755289468407, vstest.console.dll, TestPluginCache.GetExtensionPaths: Added unfilterableExtensionPaths: 
TpTrace Information: 0 : 14712, 1, 2025/02/11, 23:03:40.734, 755289468964, vstest.console.dll, AssemblyResolver.AddSearchDirectories: Adding more searchDirectories C:\Program Files\dotnet\sdk\9.0.102\Extensions,C:\Program Files\dotnet\sdk\9.0.102
TpTrace Verbose: 0 : 14712, 1, 2025/02/11, 23:03:40.734, 755289469123, vstest.console.dll, TestPluginCache.DiscoverTestExtensions: Discovering the extensions using extension path.
TpTrace Verbose: 0 : 14712, 1, 2025/02/11, 23:03:40.734, 755289469255, vstest.console.dll, TestPluginCache.GetExtensionPaths: Filtered extension paths: 
TpTrace Verbose: 0 : 14712, 1, 2025/02/11, 23:03:40.734, 755289469377, vstest.console.dll, TestPluginCache.GetExtensionPaths: Added default extension paths: C:\Program Files\dotnet\sdk\9.0.102\Extensions\Microsoft.Diagnostics.NETCore.Client.dll
C:\Program Files\dotnet\sdk\9.0.102\Extensions\Microsoft.TestPlatform.Extensions.BlameDataCollector.dll
C:\Program Files\dotnet\sdk\9.0.102\Extensions\Microsoft.TestPlatform.Extensions.EventLogCollector.dll
C:\Program Files\dotnet\sdk\9.0.102\Extensions\Microsoft.TestPlatform.TestHostRuntimeProvider.dll
C:\Program Files\dotnet\sdk\9.0.102\Extensions\Microsoft.VisualStudio.TestPlatform.Extensions.Html.TestLogger.dll
C:\Program Files\dotnet\sdk\9.0.102\Extensions\Microsoft.VisualStudio.TestPlatform.Extensions.Trx.TestLogger.dll
TpTrace Verbose: 0 : 14712, 1, 2025/02/11, 23:03:40.734, 755289469479, vstest.console.dll, TestPluginCache.GetExtensionPaths: Added unfilterableExtensionPaths: 
TpTrace Verbose: 0 : 14712, 1, 2025/02/11, 23:03:40.734, 755289469601, vstest.console.dll, TestPluginCache.DiscoverTestExtensions: Discovering the extensions using allExtensionPaths: C:\Program Files\dotnet\sdk\9.0.102\Extensions\Microsoft.Diagnostics.NETCore.Client.dll
C:\Program Files\dotnet\sdk\9.0.102\Extensions\Microsoft.TestPlatform.Extensions.BlameDataCollector.dll
C:\Program Files\dotnet\sdk\9.0.102\Extensions\Microsoft.TestPlatform.Extensions.EventLogCollector.dll
C:\Program Files\dotnet\sdk\9.0.102\Extensions\Microsoft.TestPlatform.TestHostRuntimeProvider.dll
C:\Program Files\dotnet\sdk\9.0.102\Extensions\Microsoft.VisualStudio.TestPlatform.Extensions.Html.TestLogger.dll
C:\Program Files\dotnet\sdk\9.0.102\Extensions\Microsoft.VisualStudio.TestPlatform.Extensions.Trx.TestLogger.dll
TpTrace Information: 0 : 14712, 1, 2025/02/11, 23:03:40.734, 755289469765, vstest.console.dll, AssemblyResolver.AddSearchDirectories: Adding more searchDirectories C:\Program Files\dotnet\sdk\9.0.102\Extensions,C:\Program Files\dotnet\sdk\9.0.102
TpTrace Information: 0 : 14712, 1, 2025/02/11, 23:03:40.734, 755289469916, vstest.console.dll, AssemblyResolver.AddSearchDirectories: Adding more searchDirectories C:\Program Files\dotnet\sdk\9.0.102\Extensions,C:\Program Files\dotnet\sdk\9.0.102
TpTrace Information: 0 : 14712, 1, 2025/02/11, 23:03:40.734, 755289470017, vstest.console.dll, AssemblyResolver.AddSearchDirectories: Adding more searchDirectories C:\Program Files\dotnet\sdk\9.0.102\Extensions,C:\Program Files\dotnet\sdk\9.0.102
TpTrace Information: 0 : 14712, 1, 2025/02/11, 23:03:40.734, 755289470117, vstest.console.dll, AssemblyResolver.AddSearchDirectories: Adding more searchDirectories C:\Program Files\dotnet\sdk\9.0.102\Extensions,C:\Program Files\dotnet\sdk\9.0.102
TpTrace Information: 0 : 14712, 1, 2025/02/11, 23:03:40.734, 755289470249, vstest.console.dll, AssemblyResolver.AddSearchDirectories: Adding more searchDirectories C:\Program Files\dotnet\sdk\9.0.102\Extensions,C:\Program Files\dotnet\sdk\9.0.102
TpTrace Information: 0 : 14712, 1, 2025/02/11, 23:03:40.734, 755289470354, vstest.console.dll, AssemblyResolver.AddSearchDirectories: Adding more searchDirectories C:\Program Files\dotnet\sdk\9.0.102\Extensions,C:\Program Files\dotnet\sdk\9.0.102
TpTrace Verbose: 0 : 14712, 1, 2025/02/11, 23:03:40.734, 755289471894, vstest.console.dll, MetadataReaderExtensionsHelper: Discovering extensions inside assembly 'Microsoft.Diagnostics.NETCore.Client, Version=0.2.10.41601, Culture=neutral, PublicKeyToken=31bf3856ad364e35' file path 'C:\Program Files\dotnet\sdk\9.0.102\Extensions\Microsoft.Diagnostics.NETCore.Client.dll'
TpTrace Information: 0 : 14712, 1, 2025/02/11, 23:03:40.735, 755289478648, vstest.console.dll, AssemblyResolver.OnResolve: Microsoft.Bcl.AsyncInterfaces: Resolving assembly.
TpTrace Information: 0 : 14712, 1, 2025/02/11, 23:03:40.735, 755289478989, vstest.console.dll, AssemblyResolver.OnResolve: Microsoft.Bcl.AsyncInterfaces: Resolved from cache.
TpTrace Verbose: 0 : 14712, 1, 2025/02/11, 23:03:40.735, 755289479115, vstest.console.dll, CurrentDomainAssemblyResolve: Resolving assembly 'Microsoft.Bcl.AsyncInterfaces'.
TpTrace Information: 0 : 14712, 1, 2025/02/11, 23:03:40.735, 755289479310, vstest.console.dll, AssemblyResolver.OnResolve: Microsoft.Bcl.AsyncInterfaces: Resolving assembly.
TpTrace Information: 0 : 14712, 1, 2025/02/11, 23:03:40.735, 755289479434, vstest.console.dll, AssemblyResolver.OnResolve: Microsoft.Bcl.AsyncInterfaces: Resolved from cache.
TpTrace Verbose: 0 : 14712, 1, 2025/02/11, 23:03:40.735, 755289479556, vstest.console.dll, CurrentDomainAssemblyResolve: Resolving assembly 'Microsoft.Bcl.AsyncInterfaces'.
TpTrace Verbose: 0 : 14712, 1, 2025/02/11, 23:03:40.735, 755289479653, vstest.console.dll, CurrentDomainAssemblyResolve: Failed to resolve assembly 'Microsoft.Bcl.AsyncInterfaces'.
TpTrace Verbose: 0 : 14712, 1, 2025/02/11, 23:03:40.735, 755289480297, vstest.console.dll, CurrentDomainAssemblyResolve: Failed to resolve assembly 'Microsoft.Bcl.AsyncInterfaces'.
TpTrace Warning: 0 : 14712, 1, 2025/02/11, 23:03:40.735, 755289481954, vstest.console.dll, TestPluginDiscoverer: Failed to get types from assembly 'Microsoft.Diagnostics.NETCore.Client, Version=0.2.10.41601, Culture=neutral, PublicKeyToken=31bf3856ad364e35'. Error: System.Reflection.ReflectionTypeLoadException: Unable to load one or more of the requested types.
Could not load file or assembly 'Microsoft.Bcl.AsyncInterfaces, Version=6.0.0.0, Culture=neutral, PublicKeyToken=cc7b13ffcd2ddd51'. Не удается найти указанный файл.
   at System.Reflection.RuntimeModule.GetDefinedTypes()
   at System.Reflection.RuntimeModule.GetTypes()
   at Microsoft.VisualStudio.TestPlatform.Common.ExtensionFramework.TestPluginDiscoverer.GetTestExtensionsFromAssembly[TPluginInfo,TExtension](Assembly assembly, Dictionary`2 pluginInfos, String filePath) in /_/src/Microsoft.TestPlatform.Common/ExtensionFramework/TestPluginDiscoverer.cs:line 159
System.IO.FileNotFoundException: Could not load file or assembly 'Microsoft.Bcl.AsyncInterfaces, Version=6.0.0.0, Culture=neutral, PublicKeyToken=cc7b13ffcd2ddd51'. Не удается найти указанный файл.
File name: 'Microsoft.Bcl.AsyncInterfaces, Version=6.0.0.0, Culture=neutral, PublicKeyToken=cc7b13ffcd2ddd51'
 ---> System.IO.FileNotFoundException: Could not load file or assembly 'Microsoft.Bcl.AsyncInterfaces, Culture=neutral, PublicKeyToken=null'. Не удается найти указанный файл.
File name: 'Microsoft.Bcl.AsyncInterfaces, Culture=neutral, PublicKeyToken=null'
   at System.Reflection.RuntimeAssembly.InternalLoad(AssemblyName assemblyName, StackCrawlMark& stackMark, AssemblyLoadContext assemblyLoadContext, RuntimeAssembly requestingAssembly, Boolean throwOnFileNotFound)
   at System.Reflection.Assembly.Load(AssemblyName assemblyRef)
   at Microsoft.VisualStudio.TestPlatform.Common.ExtensionFramework.TestPluginCache.CurrentDomainAssemblyResolve(Object sender, AssemblyResolveEventArgs args) in /_/src/Microsoft.TestPlatform.Common/ExtensionFramework/TestPluginCache.cs:line 514
   at System.Runtime.Loader.AssemblyLoadContext.GetFirstResolvedAssemblyFromResolvingEvent(AssemblyName assemblyName)
   at System.Runtime.Loader.AssemblyLoadContext.ResolveUsingEvent(AssemblyName assemblyName)
   at System.Runtime.Loader.AssemblyLoadContext.ResolveUsingResolvingEvent(IntPtr gchManagedAssemblyLoadContext, AssemblyName assemblyName)
TpTrace Warning: 0 : 14712, 1, 2025/02/11, 23:03:40.736, 755289482802, vstest.console.dll, LoaderExceptions: System.IO.FileNotFoundException: Could not load file or assembly 'Microsoft.Bcl.AsyncInterfaces, Version=6.0.0.0, Culture=neutral, PublicKeyToken=cc7b13ffcd2ddd51'. Не удается найти указанный файл.
File name: 'Microsoft.Bcl.AsyncInterfaces, Version=6.0.0.0, Culture=neutral, PublicKeyToken=cc7b13ffcd2ddd51'
 ---> System.IO.FileNotFoundException: Could not load file or assembly 'Microsoft.Bcl.AsyncInterfaces, Culture=neutral, PublicKeyToken=null'. Не удается найти указанный файл.
File name: 'Microsoft.Bcl.AsyncInterfaces, Culture=neutral, PublicKeyToken=null'
   at System.Reflection.RuntimeAssembly.InternalLoad(AssemblyName assemblyName, StackCrawlMark& stackMark, AssemblyLoadContext assemblyLoadContext, RuntimeAssembly requestingAssembly, Boolean throwOnFileNotFound)
   at System.Reflection.Assembly.Load(AssemblyName assemblyRef)
   at Microsoft.VisualStudio.TestPlatform.Common.ExtensionFramework.TestPluginCache.CurrentDomainAssemblyResolve(Object sender, AssemblyResolveEventArgs args) in /_/src/Microsoft.TestPlatform.Common/ExtensionFramework/TestPluginCache.cs:line 514
   at System.Runtime.Loader.AssemblyLoadContext.GetFirstResolvedAssemblyFromResolvingEvent(AssemblyName assemblyName)
   at System.Runtime.Loader.AssemblyLoadContext.ResolveUsingEvent(AssemblyName assemblyName)
   at System.Runtime.Loader.AssemblyLoadContext.ResolveUsingResolvingEvent(IntPtr gchManagedAssemblyLoadContext, AssemblyName assemblyName)
TpTrace Verbose: 0 : 14712, 1, 2025/02/11, 23:03:40.736, 755289483174, vstest.console.dll, MetadataReaderExtensionsHelper: Discovering extensions inside assembly 'Microsoft.TestPlatform.Extensions.BlameDataCollector, Version=15.0.0.0, Culture=neutral, PublicKeyToken=b03f5f7f11d50a3a' file path 'C:\Program Files\dotnet\sdk\9.0.102\Extensions\Microsoft.TestPlatform.Extensions.BlameDataCollector.dll'
TpTrace Information: 0 : 14712, 1, 2025/02/11, 23:03:40.736, 755289488825, vstest.console.dll, GetTestExtensionFromType: Register extension with identifier data 'logger://Microsoft/TestPlatform/Extensions/Blame/v1' and type 'Microsoft.TestPlatform.Extensions.BlameDataCollector.BlameLogger, Microsoft.TestPlatform.Extensions.BlameDataCollector, Version=15.0.0.0, Culture=neutral, PublicKeyToken=b03f5f7f11d50a3a' inside file 'C:\Program Files\dotnet\sdk\9.0.102\Extensions\Microsoft.TestPlatform.Extensions.BlameDataCollector.dll'
TpTrace Verbose: 0 : 14712, 1, 2025/02/11, 23:03:40.736, 755289489210, vstest.console.dll, MetadataReaderExtensionsHelper: Discovering extensions inside assembly 'Microsoft.TestPlatform.Extensions.EventLogCollector, Version=15.0.0.0, Culture=neutral, PublicKeyToken=b03f5f7f11d50a3a' file path 'C:\Program Files\dotnet\sdk\9.0.102\Extensions\Microsoft.TestPlatform.Extensions.EventLogCollector.dll'
TpTrace Verbose: 0 : 14712, 1, 2025/02/11, 23:03:40.737, 755289493228, vstest.console.dll, MetadataReaderExtensionsHelper: Discovering extensions inside assembly 'Microsoft.TestPlatform.TestHostRuntimeProvider, Version=15.0.0.0, Culture=neutral, PublicKeyToken=b03f5f7f11d50a3a' file path 'C:\Program Files\dotnet\sdk\9.0.102\Extensions\Microsoft.TestPlatform.TestHostRuntimeProvider.dll'
TpTrace Verbose: 0 : 14712, 1, 2025/02/11, 23:03:40.737, 755289496814, vstest.console.dll, MetadataReaderExtensionsHelper: Discovering extensions inside assembly 'Microsoft.VisualStudio.TestPlatform.Extensions.Html.TestLogger, Version=15.0.0.0, Culture=neutral, PublicKeyToken=b03f5f7f11d50a3a' file path 'C:\Program Files\dotnet\sdk\9.0.102\Extensions\Microsoft.VisualStudio.TestPlatform.Extensions.Html.TestLogger.dll'
TpTrace Information: 0 : 14712, 1, 2025/02/11, 23:03:40.737, 755289501116, vstest.console.dll, GetTestExtensionFromType: Register extension with identifier data 'logger://Microsoft/TestPlatform/HtmlLogger/v1' and type 'Microsoft.VisualStudio.TestPlatform.Extensions.HtmlLogger.HtmlLogger, Microsoft.VisualStudio.TestPlatform.Extensions.Html.TestLogger, Version=15.0.0.0, Culture=neutral, PublicKeyToken=b03f5f7f11d50a3a' inside file 'C:\Program Files\dotnet\sdk\9.0.102\Extensions\Microsoft.VisualStudio.TestPlatform.Extensions.Html.TestLogger.dll'
TpTrace Verbose: 0 : 14712, 1, 2025/02/11, 23:03:40.737, 755289501512, vstest.console.dll, MetadataReaderExtensionsHelper: Discovering extensions inside assembly 'Microsoft.VisualStudio.TestPlatform.Extensions.Trx.TestLogger, Version=15.0.0.0, Culture=neutral, PublicKeyToken=b03f5f7f11d50a3a' file path 'C:\Program Files\dotnet\sdk\9.0.102\Extensions\Microsoft.VisualStudio.TestPlatform.Extensions.Trx.TestLogger.dll'
TpTrace Information: 0 : 14712, 1, 2025/02/11, 23:03:40.738, 755289505818, vstest.console.dll, GetTestExtensionFromType: Register extension with identifier data 'logger://Microsoft/TestPlatform/TrxLogger/v1' and type 'Microsoft.VisualStudio.TestPlatform.Extensions.TrxLogger.TrxLogger, Microsoft.VisualStudio.TestPlatform.Extensions.Trx.TestLogger, Version=15.0.0.0, Culture=neutral, PublicKeyToken=b03f5f7f11d50a3a' inside file 'C:\Program Files\dotnet\sdk\9.0.102\Extensions\Microsoft.VisualStudio.TestPlatform.Extensions.Trx.TestLogger.dll'
TpTrace Verbose: 0 : 14712, 1, 2025/02/11, 23:03:40.738, 755289506236, vstest.console.dll, TestPluginCache: Discovered the extensions using extension path ''.
TpTrace Verbose: 0 : 14712, 1, 2025/02/11, 23:03:40.738, 755289506387, vstest.console.dll, TestPluginCache: Discoverers are ''.
TpTrace Verbose: 0 : 14712, 1, 2025/02/11, 23:03:40.738, 755289506485, vstest.console.dll, TestPluginCache: Executors are ''.
TpTrace Verbose: 0 : 14712, 1, 2025/02/11, 23:03:40.738, 755289506574, vstest.console.dll, TestPluginCache: Executors2 are ''.
TpTrace Verbose: 0 : 14712, 1, 2025/02/11, 23:03:40.738, 755289506664, vstest.console.dll, TestPluginCache: Setting providers are ''.
TpTrace Verbose: 0 : 14712, 1, 2025/02/11, 23:03:40.738, 755289506957, vstest.console.dll, TestPluginCache: Loggers are 'logger://Microsoft/TestPlatform/Extensions/Blame/v1,logger://Microsoft/TestPlatform/HtmlLogger/v1,logger://Microsoft/TestPlatform/TrxLogger/v1'.
TpTrace Verbose: 0 : 14712, 1, 2025/02/11, 23:03:40.738, 755289507106, vstest.console.dll, TestPluginCache: TestHosts are 'HostProvider://DefaultTestHost,HostProvider://DotnetTestHost'.
TpTrace Verbose: 0 : 14712, 1, 2025/02/11, 23:03:40.738, 755289507225, vstest.console.dll, TestPluginCache: DataCollectors are ''.
TpTrace Information: 0 : 14712, 1, 2025/02/11, 23:03:40.738, 755289511362, vstest.console.dll, TestPluginManager.CreateTestExtension: Attempting to load test extension: Microsoft.TestPlatform.Extensions.BlameDataCollector.BlameLogger
TpTrace Verbose: 0 : 14712, 1, 2025/02/11, 23:03:40.743, 755289556349, vstest.console.dll, TestEngine: Initializing Parallel Execution as MaxCpuCount is set to: 1
TpTrace Information: 0 : 14712, 1, 2025/02/11, 23:03:40.744, 755289563382, vstest.console.dll, TestPluginManager.CreateTestExtension: Attempting to load test extension: Microsoft.VisualStudio.TestPlatform.CrossPlatEngine.Hosting.DefaultTestHostManager
TpTrace Information: 0 : 14712, 1, 2025/02/11, 23:03:40.744, 755289571185, vstest.console.dll, TestPluginManager.CreateTestExtension: Attempting to load test extension: Microsoft.VisualStudio.TestPlatform.CrossPlatEngine.Hosting.DotnetTestHostManager
TpTrace Verbose: 0 : 14712, 1, 2025/02/11, 23:03:40.744, 755289572237, vstest.console.dll, TestHostManagerCallbacks.ctor: Forwarding output is enabled.
TpTrace Information: 0 : 14712, 1, 2025/02/11, 23:03:40.745, 755289574596, vstest.console.dll, InferRunSettingsHelper.IsTestSettingsEnabled: Unable to navigate to RunSettings/MSTest. Current node: RunSettings
TpTrace Verbose: 0 : 14712, 1, 2025/02/11, 23:03:40.745, 755289577779, vstest.console.dll, ParallelOperationManager.ClearSlots: Clearing all slots. Slots should accept more work: True
TpTrace Verbose: 0 : 14712, 1, 2025/02/11, 23:03:40.745, 755289580619, vstest.console.dll, ParallelOperationManager.SetOccupiedSlotCount: Setting slot counts AvailableSlotCount = 1, OccupiedSlotCount = 0.
TpTrace Verbose: 0 : 14712, 1, 2025/02/11, 23:03:40.746, 755289582582, vstest.console.dll, Occupied slots:

TpTrace Verbose: 0 : 14712, 1, 2025/02/11, 23:03:40.747, 755289600205, vstest.console.dll, TestEngine.GetExecutionManager: Chosen execution manager 'Microsoft.VisualStudio.TestPlatform.CrossPlatEngine.Client.Parallel.ParallelProxyExecutionManager, Microsoft.TestPlatform.CrossPlatEngine, Version=15.0.0.0, Culture=neutral, PublicKeyToken=b03f5f7f11d50a3a' ParallelLevel '1'.
TpTrace Verbose: 0 : 14712, 1, 2025/02/11, 23:03:40.747, 755289601038, vstest.console.dll, TestPlatform.GetSkipDefaultAdapters: Not skipping default adapters SkipDefaultAdapters was false.
TpTrace Verbose: 0 : 14712, 1, 2025/02/11, 23:03:40.747, 755289601437, vstest.console.dll, TestRunRequest.ExecuteAsync: Creating test run request.
TpTrace Verbose: 0 : 14712, 1, 2025/02/11, 23:03:40.748, 755289602550, vstest.console.dll, TestRunRequest.ExecuteAsync: Starting.
TpTrace Information: 0 : 14712, 1, 2025/02/11, 23:03:40.748, 755289608210, vstest.console.dll, TestRunRequest.ExecuteAsync: Starting run with settings:TestRunCriteria:
   KeepAlive=False,FrequencyOfRunStatsChangeEvent=10,RunStatsChangeEventTimeout=00:00:01.5000000,TestCaseFilter=,TestExecutorLauncher=
   Settingsxml=<RunSettings>
  <RunConfiguration>
    <ResultsDirectory>D:\C# проекты\KPO\FourthKPOProject\S4.HseCarShop.Tests\bin\Debug\net9.0\fine-code-coverage\coverage-tool-output</ResultsDirectory>
    <TargetPlatform>X64</TargetPlatform>
    <TargetFrameworkVersion>.NETCoreApp,Version=v9.0</TargetFrameworkVersion>
    <DesignMode>False</DesignMode>
    <CollectSourceInformation>False</CollectSourceInformation>
  </RunConfiguration>
  <LoggerRunSettings>
    <Loggers>
      <Logger friendlyName="blame" enabled="True" />
      <Logger friendlyName="Console" uri="logger://microsoft/TestPlatform/ConsoleLogger/v1" assemblyQualifiedName="Microsoft.VisualStudio.TestPlatform.CommandLine.Internal.ConsoleLogger, vstest.console, Version=15.0.0.0, Culture=neutral, PublicKeyToken=b03f5f7f11d50a3a" codeBase="C:\Program Files\dotnet\sdk\9.0.102\vstest.console.dll" enabled="True" />
    </Loggers>
  </LoggerRunSettings>
  <DataCollectionRunSettings>
    <DataCollectors>
      <DataCollector friendlyName="blame" enabled="True">
        <Configuration>
          <ResultsDirectory>D:\C# проекты\KPO\FourthKPOProject\S4.HseCarShop.Tests\bin\Debug\net9.0\fine-code-coverage\coverage-tool-output</ResultsDirectory>
        </Configuration>
      </DataCollector>
    </DataCollectors>
  </DataCollectionRunSettings>
</RunSettings>

TpTrace Verbose: 0 : 14712, 1, 2025/02/11, 23:03:40.748, 755289608551, vstest.console.dll, TestRunRequest.ExecuteAsync: Wait for the first run request is over.
TpTrace Verbose: 0 : 14712, 1, 2025/02/11, 23:03:40.748, 755289609952, vstest.console.dll, MulticastDelegateUtilities.SafeInvoke: TestRun.TestRunStart: Invoking callbacks was skipped because there are no subscribers.
TpTrace Verbose: 0 : 14712, 4, 2025/02/11, 23:03:40.748, 755289611395, vstest.console.dll, MulticastDelegateUtilities.SafeInvoke: InternalTestLoggerEvents.SendTestRunStart: Invoking callback 1/1 for Microsoft.VisualStudio.TestPlatform.CommandLine.Internal.ConsoleLogger., took 0 ms.
TpTrace Verbose: 0 : 14712, 1, 2025/02/11, 23:03:40.749, 755289617974, vstest.console.dll, ParallelProxyExecutionManager: Start execution. Total sources: 1
TpTrace Verbose: 0 : 14712, 1, 2025/02/11, 23:03:40.749, 755289619614, vstest.console.dll, ParallelOperationManager.StartWork: Starting adding 1 workloads.
TpTrace Verbose: 0 : 14712, 1, 2025/02/11, 23:03:40.749, 755289619888, vstest.console.dll, ParallelOperationManager.ClearSlots: Clearing all slots. Slots should accept more work: True
TpTrace Verbose: 0 : 14712, 1, 2025/02/11, 23:03:40.749, 755289620256, vstest.console.dll, ParallelOperationManager.SetOccupiedSlotCount: Setting slot counts AvailableSlotCount = 1, OccupiedSlotCount = 0.
TpTrace Verbose: 0 : 14712, 1, 2025/02/11, 23:03:40.749, 755289620433, vstest.console.dll, Occupied slots:

TpTrace Verbose: 0 : 14712, 1, 2025/02/11, 23:03:40.750, 755289627083, vstest.console.dll, TestHostManagerCallbacks.ctor: Forwarding output is enabled.
TpTrace Verbose: 0 : 14712, 1, 2025/02/11, 23:03:40.750, 755289628256, vstest.console.dll, TestRequestSender is acting as server.
TpTrace Verbose: 0 : 14712, 1, 2025/02/11, 23:03:40.751, 755289633651, vstest.console.dll, ParallelOperationManager.RunWorkInParallel: Adding 1 workload to slot, remaining workloads 0.
TpTrace Verbose: 0 : 14712, 1, 2025/02/11, 23:03:40.751, 755289633974, vstest.console.dll, ParallelOperationManager.SetOccupiedSlotCount: Setting slot counts AvailableSlotCount = 0, OccupiedSlotCount = 1.
TpTrace Verbose: 0 : 14712, 1, 2025/02/11, 23:03:40.751, 755289634430, vstest.console.dll, Occupied slots:
0: D:\C# проекты\KPO\FourthKPOProject\S4.HseCarShop.Tests\bin\Debug\net9.0\fine-code-coverage\build-output\S4.HseCarShop.Tests.dll
TpTrace Verbose: 0 : 14712, 1, 2025/02/11, 23:03:40.751, 755289640875, vstest.console.dll, ParallelOperationManager.RunWorkInParallel: Started host in slot number 0 for work (source): D:\C# проекты\KPO\FourthKPOProject\S4.HseCarShop.Tests\bin\Debug\net9.0\fine-code-coverage\build-output\S4.HseCarShop.Tests.dll.
TpTrace Verbose: 0 : 14712, 5, 2025/02/11, 23:03:40.752, 755289647497, vstest.console.dll, ParallelProxyExecutionManager.StartTestRunOnConcurrentManager: Initializing uninitialized client. Started clients: 0
TpTrace Verbose: 0 : 14712, 5, 2025/02/11, 23:03:40.752, 755289648213, vstest.console.dll, DataCollectionRequestSender.InitializeCommunication : Initialize communication. 
TpTrace Verbose: 0 : 14712, 1, 2025/02/11, 23:03:40.752, 755289649164, vstest.console.dll, ParallelOperationManager.RunWorkInParallel: We started 1 work items, which is the max parallel level. Won't start more work.
TpTrace Verbose: 0 : 14712, 1, 2025/02/11, 23:03:40.752, 755289649489, vstest.console.dll, ParallelOperationManager.RunWorkInParallel: We started 1 work items in here, returning True.
TpTrace Information: 0 : 14712, 1, 2025/02/11, 23:03:40.752, 755289649740, vstest.console.dll, TestRunRequest.ExecuteAsync: Started.
TpTrace Verbose: 0 : 14712, 1, 2025/02/11, 23:03:40.753, 755289652503, vstest.console.dll, TestRunRequest.WaitForCompletion: Waiting with timeout -1.
TpTrace Information: 0 : 14712, 5, 2025/02/11, 23:03:40.757, 755289698019, vstest.console.dll, Listening on Endpoint : 127.0.0.1:52499
TpTrace Verbose: 0 : 14712, 5, 2025/02/11, 23:03:40.761, 755289737026, vstest.console.dll, DotnetDataCollectionLauncher: Adding  --runtimeconfig "C:\Program Files\dotnet\sdk\9.0.102\datacollector.runtimeconfig.json" in args
TpTrace Verbose: 0 : 14712, 5, 2025/02/11, 23:03:40.761, 755289737490, vstest.console.dll, DotnetDataCollectionLauncher: Adding  --depsfile "C:\Program Files\dotnet\sdk\9.0.102\datacollector.deps.json" in args
TpTrace Verbose: 0 : 14712, 5, 2025/02/11, 23:03:40.761, 755289738200, vstest.console.dll, DotnetDataCollectionLauncher: Full path of dotnet.exe is C:\Program Files\dotnet\dotnet.exe
TpTrace Information: 0 : 14712, 5, 2025/02/11, 23:03:40.771, 755289835110, vstest.console.dll, ProxyDataCollectionManager.Initialize: Launched datacollector processId: 17824 port: 52499
TpTrace Information: 0 : 14712, 5, 2025/02/11, 23:03:40.771, 755289835875, vstest.console.dll, ProxyDataCollectionManager.Initialize: waiting for connection with timeout: 90 seconds
TpTrace Verbose: 0 : 14712, 5, 2025/02/11, 23:03:40.771, 755289836090, vstest.console.dll, DataCollectionRequestSender.WaitForRequestHandlerConnection : Waiting for connection with timeout: 90000
TpTrace Verbose: 0 : 14712, 5, 2025/02/11, 23:03:40.875, 755290876303, vstest.console.dll, SocketCommunicationManager.WaitForClientConnection took: 103 ms, with 90000 ms timeout, and finished with True.
TpTrace Verbose: 0 : 14712, 5, 2025/02/11, 23:03:40.875, 755290877068, vstest.console.dll, ProxyDataCollectionManager.InvokeDataCollectionServiceAction: Starting.
TpTrace Information: 0 : 14712, 5, 2025/02/11, 23:03:40.875, 755290877362, vstest.console.dll, ProxyDataCollectionManager.BeforeTestRunStart: Get environment variable and port for datacollector processId: 17824 port: 52499
TpTrace Verbose: 0 : 14712, 5, 2025/02/11, 23:03:40.875, 755290877883, vstest.console.dll, DataCollectionRequestSender.SendBeforeTestRunStartAndGetResult: Send BeforeTestRunStart message with settingsXml <RunSettings><RunConfiguration><ResultsDirectory>D:\C# проекты\KPO\FourthKPOProject\S4.HseCarShop.Tests\bin\Debug\net9.0\fine-code-coverage\coverage-tool-output</ResultsDirectory><TargetPlatform>X64</TargetPlatform><TargetFrameworkVersion>.NETCoreApp,Version=v9.0</TargetFrameworkVersion><DesignMode>False</DesignMode><CollectSourceInformation>False</CollectSourceInformation><TestAdaptersPaths>C:\Program Files\dotnet\sdk\9.0.102\Extensions</TestAdaptersPaths></RunConfiguration><LoggerRunSettings><Loggers><Logger friendlyName="blame" enabled="True" /><Logger friendlyName="Console" uri="logger://microsoft/TestPlatform/ConsoleLogger/v1" assemblyQualifiedName="Microsoft.VisualStudio.TestPlatform.CommandLine.Internal.ConsoleLogger, vstest.console, Version=15.0.0.0, Culture=neutral, PublicKeyToken=b03f5f7f11d50a3a" codeBase="C:\Program Files\dotnet\sdk\9.0.102\vstest.console.dll" enabled="True" /></Loggers></LoggerRunSettings><DataCollectionRunSettings><DataCollectors><DataCollector friendlyName="blame" enabled="True"><Configuration><ResultsDirectory>D:\C# проекты\KPO\FourthKPOProject\S4.HseCarShop.Tests\bin\Debug\net9.0\fine-code-coverage\coverage-tool-output</ResultsDirectory></Configuration></DataCollector></DataCollectors></DataCollectionRunSettings></RunSettings> and sources System.Collections.Generic.List`1[System.String]: 
TpTrace Information: 0 : 14712, 10, 2025/02/11, 23:03:40.875, 755290875604, vstest.console.dll, Using the buffer size of 16384 bytes
TpTrace Information: 0 : 14712, 10, 2025/02/11, 23:03:40.875, 755290879625, vstest.console.dll, Accepted Client request and set the flag
TpTrace Verbose: 0 : 14712, 5, 2025/02/11, 23:03:40.902, 755291151478, vstest.console.dll, DataCollectionRequestSender.SendBeforeTestRunStartAndGetResult: Received message: (DataCollection.SendMessage) -> {"MessageType":"DataCollection.SendMessage","Payload":{"FriendlyName":null,"Uri":null,"TestCaseId":"00000000-0000-0000-0000-000000000000","Message":"Logging DataCollector Diagnostics in file: D:\\C# проекты\\KPO\\FourthKPOProject\\S4.HseCarShop.Tests\\bin\\Debug\\net9.0\\fine-code-coverage\\coverage-tool-output\\diagnostics.datacollector.25-02-11_23-03-40_76138_5.log","Level":0}}
TpTrace Verbose: 0 : 14712, 5, 2025/02/11, 23:03:40.949, 755291617931, vstest.console.dll, DataCollectionRequestSender.SendBeforeTestRunStartAndGetResult: Received message: (DataCollection.BeforeTestRunStartResult) -> {"MessageType":"DataCollection.BeforeTestRunStartResult","Payload":{"EnvironmentVariables":{},"DataCollectionEventsPort":52501}}
TpTrace Information: 0 : 14712, 5, 2025/02/11, 23:03:40.952, 755291644983, vstest.console.dll, ProxyDataCollectionManager.BeforeTestRunStart: SendBeforeTestRunStartAndGetResult successful, env variable from datacollector:   and testhost port: 52501
TpTrace Information: 0 : 14712, 5, 2025/02/11, 23:03:40.952, 755291645505, vstest.console.dll, ProxyDataCollectionManager.InvokeDataCollectionServiceAction: Completed.
TpTrace Verbose: 0 : 14712, 5, 2025/02/11, 23:03:40.952, 755291645722, vstest.console.dll, ParallelProxyExecutionManager.StartTestRunOnConcurrentManager: Initializing test run. Started clients: 0
TpTrace Verbose: 0 : 14712, 5, 2025/02/11, 23:03:40.952, 755291646347, vstest.console.dll, ProxyExecutionManager: Test host is always Lazy initialize.
TpTrace Verbose: 0 : 14712, 5, 2025/02/11, 23:03:40.952, 755291647901, vstest.console.dll, TestRequestSender.InitializeCommunication: initialize communication. 
TpTrace Information: 0 : 14712, 5, 2025/02/11, 23:03:40.952, 755291650973, vstest.console.dll, SocketServer.Start: Listening on endpoint : 127.0.0.1:52502
TpTrace Verbose: 0 : 14712, 5, 2025/02/11, 23:03:40.953, 755291655170, vstest.console.dll, DotnetTestHostmanager.GetTestHostProcessStartInfo: Platform environment 'X64' target architecture 'X64' framework '.NETCoreApp,Version=v9.0' OS 'Windows'
TpTrace Verbose: 0 : 14712, 5, 2025/02/11, 23:03:40.953, 755291655949, vstest.console.dll, DotnetTestHostmanager: Adding  --runtimeconfig "D:\C# проекты\KPO\FourthKPOProject\S4.HseCarShop.Tests\bin\Debug\net9.0\fine-code-coverage\build-output\S4.HseCarShop.Tests.runtimeconfig.json" in args
TpTrace Verbose: 0 : 14712, 5, 2025/02/11, 23:03:40.953, 755291656140, vstest.console.dll, DotnetTestHostmanager: Adding  --depsfile "D:\C# проекты\KPO\FourthKPOProject\S4.HseCarShop.Tests\bin\Debug\net9.0\fine-code-coverage\build-output\S4.HseCarShop.Tests.deps.json" in args
TpTrace Verbose: 0 : 14712, 5, 2025/02/11, 23:03:40.953, 755291657076, vstest.console.dll, DotnetTestHostmanager.IsWinOnArm: Current PROCESSOR_ARCHITECTURE from environment variable 'AMD64'
TpTrace Verbose: 0 : 14712, 5, 2025/02/11, 23:03:40.953, 755291657325, vstest.console.dll, DotnetTestHostmanager.IsWinOnArm: Is Windows on ARM 'False'
TpTrace Verbose: 0 : 14712, 5, 2025/02/11, 23:03:40.953, 755291657518, vstest.console.dll, DotnetTestHostManager: testhost.exe found at path: D:\C# проекты\KPO\FourthKPOProject\S4.HseCarShop.Tests\bin\Debug\net9.0\fine-code-coverage\build-output\testhost.exe
TpTrace Verbose: 0 : 14712, 5, 2025/02/11, 23:03:40.953, 755291657670, vstest.console.dll, DotnetTestHostmanager: Full path of host exe is D:\C# проекты\KPO\FourthKPOProject\S4.HseCarShop.Tests\bin\Debug\net9.0\fine-code-coverage\build-output\testhost.exe
TpTrace Verbose: 0 : 14712, 5, 2025/02/11, 23:03:40.953, 755291658368, vstest.console.dll, DotnetTestHostmanager.LaunchTestHostAsync: Found 'VSTEST_WINAPPHOST_DOTNET_ROOT' in env variables, value 'C:\Program Files\dotnet', forwarding to 'DOTNET_ROOT'
TpTrace Verbose: 0 : 14712, 5, 2025/02/11, 23:03:40.953, 755291659113, vstest.console.dll, DotnetTestHostManager: Starting process 'D:\C# проекты\KPO\FourthKPOProject\S4.HseCarShop.Tests\bin\Debug\net9.0\fine-code-coverage\build-output\testhost.exe' with command line ' --runtimeconfig "D:\C# проекты\KPO\FourthKPOProject\S4.HseCarShop.Tests\bin\Debug\net9.0\fine-code-coverage\build-output\S4.HseCarShop.Tests.runtimeconfig.json" --depsfile "D:\C# проекты\KPO\FourthKPOProject\S4.HseCarShop.Tests\bin\Debug\net9.0\fine-code-coverage\build-output\S4.HseCarShop.Tests.deps.json" --port 52502 --endpoint 127.0.0.1:052502 --role client --parentprocessid 14712 --diag "D:\C# проекты\KPO\FourthKPOProject\S4.HseCarShop.Tests\bin\Debug\net9.0\fine-code-coverage\coverage-tool-output\diagnostics.host.25-02-11_23-03-40_95309_5.log" --tracelevel 4 --datacollectionport 52501 --telemetryoptedin false'
TpTrace Verbose: 0 : 14712, 5, 2025/02/11, 23:03:40.966, 755291785505, vstest.console.dll, MulticastDelegateUtilities.SafeInvoke: HostProviderEvents.OnHostLaunched: Invoking callback 1/2 for Microsoft.VisualStudio.TestPlatform.CrossPlatEngine.Client.ProxyExecutionManagerWithDataCollection., took 0 ms.
TpTrace Verbose: 0 : 14712, 5, 2025/02/11, 23:03:40.966, 755291787243, vstest.console.dll, Test Runtime launched
TpTrace Verbose: 0 : 14712, 5, 2025/02/11, 23:03:40.966, 755291787571, vstest.console.dll, MulticastDelegateUtilities.SafeInvoke: HostProviderEvents.OnHostLaunched: Invoking callback 2/2 for Microsoft.VisualStudio.TestPlatform.CrossPlatEngine.Client.ProxyOperationManager., took 0 ms.
TpTrace Verbose: 0 : 14712, 5, 2025/02/11, 23:03:40.966, 755291788167, vstest.console.dll, TestRequestSender.WaitForRequestHandlerConnection: waiting for connection with timeout: 90000.
TpTrace Verbose: 0 : 14712, 13, 2025/02/11, 23:03:41.080, 755292923310, vstest.console.dll, MulticastDelegateUtilities.SafeInvoke: SocketServer: ClientConnected: Invoking callback 1/1 for Microsoft.VisualStudio.TestPlatform.CommunicationUtilities.TestRequestSender., took 0 ms.
TpTrace Verbose: 0 : 14712, 5, 2025/02/11, 23:03:41.080, 755292923764, vstest.console.dll, TestRequestSender.WaitForRequestHandlerConnection: waiting took 113 ms, with timeout 90000 ms, and result 0, which is success.
TpTrace Verbose: 0 : 14712, 13, 2025/02/11, 23:03:41.080, 755292923910, vstest.console.dll, SocketServer.OnClientConnected: Client connected for endPoint: 127.0.0.1:52502, starting MessageLoopAsync:
TpTrace Verbose: 0 : 14712, 13, 2025/02/11, 23:03:41.080, 755292926903, vstest.console.dll, TcpClientExtensions.MessageLoopAsync: Polling on remoteEndPoint: 127.0.0.1:52503 localEndPoint: 127.0.0.1:52502 after 0 ms
TpTrace Verbose: 0 : 14712, 5, 2025/02/11, 23:03:41.080, 755292929042, vstest.console.dll, TestRequestSender.CheckVersionWithTestHost: Sending check version message: {"MessageType":"ProtocolVersion","Payload":7}
TpTrace Verbose: 0 : 14712, 13, 2025/02/11, 23:03:41.142, 755293545763, vstest.console.dll, TcpClientExtensions.MessageLoopAsync: NotifyDataAvailable remoteEndPoint: 127.0.0.1:52503 localEndPoint: 127.0.0.1:52502
TpTrace Verbose: 0 : 14712, 13, 2025/02/11, 23:03:41.142, 755293547342, vstest.console.dll, TestRequestSender.CheckVersionWithTestHost: onMessageReceived received message: (ProtocolVersion) -> {"MessageType":"ProtocolVersion","Payload":7}
TpTrace Verbose: 0 : 14712, 13, 2025/02/11, 23:03:41.142, 755293550842, vstest.console.dll, MulticastDelegateUtilities.SafeInvoke: LengthPrefixCommunicationChannel: MessageReceived: Invoking callback 1/1 for Microsoft.VisualStudio.TestPlatform.CommunicationUtilities.TestRequestSender+<>c__DisplayClass29_0., took 0 ms.
TpTrace Verbose: 0 : 14712, 13, 2025/02/11, 23:03:41.142, 755293551360, vstest.console.dll, TcpClientExtensions.MessageLoopAsync: Polling on remoteEndPoint: 127.0.0.1:52503 localEndPoint: 127.0.0.1:52502 after 62 ms
TpTrace Verbose: 0 : 14712, 5, 2025/02/11, 23:03:41.143, 755293552661, vstest.console.dll, TestPluginCache.GetExtensionPaths: Filtered extension paths: 
TpTrace Verbose: 0 : 14712, 5, 2025/02/11, 23:03:41.143, 755293553406, vstest.console.dll, TestPluginCache.GetExtensionPaths: Added default extension paths: C:\Program Files\dotnet\sdk\9.0.102\Extensions\Microsoft.Diagnostics.NETCore.Client.dll
C:\Program Files\dotnet\sdk\9.0.102\Extensions\Microsoft.TestPlatform.Extensions.BlameDataCollector.dll
C:\Program Files\dotnet\sdk\9.0.102\Extensions\Microsoft.TestPlatform.Extensions.EventLogCollector.dll
C:\Program Files\dotnet\sdk\9.0.102\Extensions\Microsoft.TestPlatform.TestHostRuntimeProvider.dll
C:\Program Files\dotnet\sdk\9.0.102\Extensions\Microsoft.VisualStudio.TestPlatform.Extensions.Html.TestLogger.dll
C:\Program Files\dotnet\sdk\9.0.102\Extensions\Microsoft.VisualStudio.TestPlatform.Extensions.Trx.TestLogger.dll
TpTrace Verbose: 0 : 14712, 5, 2025/02/11, 23:03:41.143, 755293553610, vstest.console.dll, TestPluginCache.GetExtensionPaths: Added unfilterableExtensionPaths: 
TpTrace Verbose: 0 : 14712, 5, 2025/02/11, 23:03:41.144, 755293566270, vstest.console.dll, TestRequestSender.InitializeExecution: Sending initialize execution with message: {"Version":7,"MessageType":"TestExecution.Initialize","Payload":["D:\\C# проекты\\KPO\\FourthKPOProject\\S4.HseCarShop.Tests\\bin\\Debug\\net9.0\\fine-code-coverage\\build-output\\xunit.runner.visualstudio.testadapter.dll"]}
TpTrace Verbose: 0 : 14712, 5, 2025/02/11, 23:03:41.144, 755293567212, vstest.console.dll, ParallelProxyExecutionManager.StartTestRunOnConcurrentManager: Execution starting. Started clients: 1
TpTrace Verbose: 0 : 14712, 5, 2025/02/11, 23:03:41.144, 755293568625, vstest.console.dll, TestRunRequest:SendTestRunMessage: Starting.
TpTrace Verbose: 0 : 14712, 5, 2025/02/11, 23:03:41.144, 755293569468, vstest.console.dll, MulticastDelegateUtilities.SafeInvoke: TestRun.LogMessages: Invoking callback 1/1 for Microsoft.VisualStudio.TestPlatform.CommandLine.TestRunResultAggregator., took 0 ms.
TpTrace Information: 0 : 14712, 5, 2025/02/11, 23:03:41.144, 755293569680, vstest.console.dll, TestRunRequest:SendTestRunMessage: Completed.
TpTrace Warning: 0 : 14712, 5, 2025/02/11, 23:03:41.144, 755293571645, vstest.console.dll, InferRunSettingsHelper.MakeRunsettingsCompatible: Removing the following settings: TargetPlatform from RunSettings file. To use those settings please move to latest version of Microsoft.NET.Test.Sdk
TpTrace Verbose: 0 : 14712, 4, 2025/02/11, 23:03:41.144, 755293571710, vstest.console.dll, MulticastDelegateUtilities.SafeInvoke: InternalTestLoggerEvents.SendTestRunMessage: Invoking callback 1/1 for Microsoft.VisualStudio.TestPlatform.CommandLine.Internal.ConsoleLogger., took 0 ms.
TpTrace Verbose: 0 : 14712, 13, 2025/02/11, 23:03:41.145, 755293574506, vstest.console.dll, TcpClientExtensions.MessageLoopAsync: NotifyDataAvailable remoteEndPoint: 127.0.0.1:52503 localEndPoint: 127.0.0.1:52502
TpTrace Verbose: 0 : 14712, 13, 2025/02/11, 23:03:41.145, 755293576567, vstest.console.dll, TestRequestSender.OnExecutionMessageReceived: Received message: {"Version":7,"MessageType":"TestSession.Message","Payload":{"MessageLevel":0,"Message":"Logging TestHost Diagnostics in file: D:\\C# проекты\\KPO\\FourthKPOProject\\S4.HseCarShop.Tests\\bin\\Debug\\net9.0\\fine-code-coverage\\coverage-tool-output\\diagnostics.host.25-02-11_23-03-40_95309_5.log"}}
TpTrace Verbose: 0 : 14712, 13, 2025/02/11, 23:03:41.146, 755293589804, vstest.console.dll, TestRunRequest:SendTestRunMessage: Starting.
TpTrace Verbose: 0 : 14712, 13, 2025/02/11, 23:03:41.146, 755293590471, vstest.console.dll, MulticastDelegateUtilities.SafeInvoke: TestRun.LogMessages: Invoking callback 1/1 for Microsoft.VisualStudio.TestPlatform.CommandLine.TestRunResultAggregator., took 0 ms.
TpTrace Information: 0 : 14712, 13, 2025/02/11, 23:03:41.146, 755293590667, vstest.console.dll, TestRunRequest:SendTestRunMessage: Completed.
TpTrace Verbose: 0 : 14712, 13, 2025/02/11, 23:03:41.146, 755293590834, vstest.console.dll, MulticastDelegateUtilities.SafeInvoke: LengthPrefixCommunicationChannel: MessageReceived: Invoking callback 1/1 for Microsoft.VisualStudio.TestPlatform.CommunicationUtilities.TestRequestSender+<>c__DisplayClass34_0., took 1 ms.
TpTrace Verbose: 0 : 14712, 13, 2025/02/11, 23:03:41.146, 755293591222, vstest.console.dll, TcpClientExtensions.MessageLoopAsync: Polling on remoteEndPoint: 127.0.0.1:52503 localEndPoint: 127.0.0.1:52502 after 3 ms
TpTrace Verbose: 0 : 14712, 4, 2025/02/11, 23:03:41.146, 755293591828, vstest.console.dll, MulticastDelegateUtilities.SafeInvoke: InternalTestLoggerEvents.SendTestRunMessage: Invoking callback 1/1 for Microsoft.VisualStudio.TestPlatform.CommandLine.Internal.ConsoleLogger., took 0 ms.
TpTrace Verbose: 0 : 14712, 5, 2025/02/11, 23:03:41.148, 755293605829, vstest.console.dll, TestRequestSender.StartTestRun: Sending test run with message: {"Version":7,"MessageType":"TestExecution.StartWithSources","Payload":{"AdapterSourceMap":{"_none_":["D:\\C# проекты\\KPO\\FourthKPOProject\\S4.HseCarShop.Tests\\bin\\Debug\\net9.0\\fine-code-coverage\\build-output\\S4.HseCarShop.Tests.dll"]},"RunSettings":"<RunSettings>\r\n  <RunConfiguration>\r\n    <ResultsDirectory>D:\\C# проекты\\KPO\\FourthKPOProject\\S4.HseCarShop.Tests\\bin\\Debug\\net9.0\\fine-code-coverage\\coverage-tool-output</ResultsDirectory>\r\n    <TargetFrameworkVersion>.NETCoreApp,Version=v9.0</TargetFrameworkVersion>\r\n    <DesignMode>False</DesignMode>\r\n    <CollectSourceInformation>False</CollectSourceInformation>\r\n  </RunConfiguration>\r\n  <LoggerRunSettings>\r\n    <Loggers>\r\n      <Logger friendlyName=\"blame\" enabled=\"True\" />\r\n      <Logger friendlyName=\"Console\" uri=\"logger://microsoft/TestPlatform/ConsoleLogger/v1\" assemblyQualifiedName=\"Microsoft.VisualStudio.TestPlatform.CommandLine.Internal.ConsoleLogger, vstest.console, Version=15.0.0.0, Culture=neutral, PublicKeyToken=b03f5f7f11d50a3a\" codeBase=\"C:\\Program Files\\dotnet\\sdk\\9.0.102\\vstest.console.dll\" enabled=\"True\" />\r\n    </Loggers>\r\n  </LoggerRunSettings>\r\n  <DataCollectionRunSettings>\r\n    <DataCollectors>\r\n      <DataCollector friendlyName=\"blame\" enabled=\"True\">\r\n        <Configuration>\r\n          <ResultsDirectory>D:\\C# проекты\\KPO\\FourthKPOProject\\S4.HseCarShop.Tests\\bin\\Debug\\net9.0\\fine-code-coverage\\coverage-tool-output</ResultsDirectory>\r\n        </Configuration>\r\n      </DataCollector>\r\n    </DataCollectors>\r\n  </DataCollectionRunSettings>\r\n</RunSettings>","TestExecutionContext":{"FrequencyOfRunStatsChangeEvent":10,"RunStatsChangeEventTimeout":"00:00:01.5000000","InIsolation":false,"KeepAlive":false,"AreTestCaseLevelEventsRequired":false,"IsDebug":false,"TestCaseFilter":null,"FilterOptions":null},"Package":null}}
TpTrace Verbose: 0 : 14712, 5, 2025/02/11, 23:03:41.148, 755293606728, vstest.console.dll, ParallelProxyExecutionManager.StartTestRunOnConcurrentManager: Execution started. Started clients: 1
TpTrace Verbose: 0 : 14712, 13, 2025/02/11, 23:03:41.244, 755294566112, vstest.console.dll, TcpClientExtensions.MessageLoopAsync: NotifyDataAvailable remoteEndPoint: 127.0.0.1:52503 localEndPoint: 127.0.0.1:52502
TpTrace Verbose: 0 : 14712, 13, 2025/02/11, 23:03:41.244, 755294567202, vstest.console.dll, TestRequestSender.OnExecutionMessageReceived: Received message: {"Version":7,"MessageType":"TestSession.Message","Payload":{"MessageLevel":0,"Message":"[xUnit.net 00:00:00.00] xUnit.net VSTest Adapter v3.0.1+f8675c32e5 (64-bit .NET 9.0.1)"}}
TpTrace Verbose: 0 : 14712, 13, 2025/02/11, 23:03:41.244, 755294568207, vstest.console.dll, TestRunRequest:SendTestRunMessage: Starting.
TpTrace Verbose: 0 : 14712, 13, 2025/02/11, 23:03:41.244, 755294568562, vstest.console.dll, MulticastDelegateUtilities.SafeInvoke: TestRun.LogMessages: Invoking callback 1/1 for Microsoft.VisualStudio.TestPlatform.CommandLine.TestRunResultAggregator., took 0 ms.
TpTrace Information: 0 : 14712, 13, 2025/02/11, 23:03:41.244, 755294568721, vstest.console.dll, TestRunRequest:SendTestRunMessage: Completed.
TpTrace Verbose: 0 : 14712, 13, 2025/02/11, 23:03:41.244, 755294568841, vstest.console.dll, MulticastDelegateUtilities.SafeInvoke: LengthPrefixCommunicationChannel: MessageReceived: Invoking callback 1/1 for Microsoft.VisualStudio.TestPlatform.CommunicationUtilities.TestRequestSender+<>c__DisplayClass34_0., took 0 ms.
TpTrace Verbose: 0 : 14712, 13, 2025/02/11, 23:03:41.244, 755294569464, vstest.console.dll, TcpClientExtensions.MessageLoopAsync: Polling on remoteEndPoint: 127.0.0.1:52503 localEndPoint: 127.0.0.1:52502 after 97 ms
TpTrace Verbose: 0 : 14712, 4, 2025/02/11, 23:03:41.244, 755294568796, vstest.console.dll, MulticastDelegateUtilities.SafeInvoke: InternalTestLoggerEvents.SendTestRunMessage: Invoking callback 1/1 for Microsoft.VisualStudio.TestPlatform.CommandLine.Internal.ConsoleLogger., took 0 ms.
TpTrace Verbose: 0 : 14712, 13, 2025/02/11, 23:03:41.413, 755296259030, vstest.console.dll, TcpClientExtensions.MessageLoopAsync: NotifyDataAvailable remoteEndPoint: 127.0.0.1:52503 localEndPoint: 127.0.0.1:52502
TpTrace Verbose: 0 : 14712, 13, 2025/02/11, 23:03:41.413, 755296260625, vstest.console.dll, TestRequestSender.OnExecutionMessageReceived: Received message: {"Version":7,"MessageType":"TestSession.Message","Payload":{"MessageLevel":0,"Message":"[xUnit.net 00:00:00.17]   Discovering: S4.HseCarShop.Tests"}}
TpTrace Verbose: 0 : 14712, 13, 2025/02/11, 23:03:41.413, 755296261605, vstest.console.dll, TestRunRequest:SendTestRunMessage: Starting.
TpTrace Verbose: 0 : 14712, 13, 2025/02/11, 23:03:41.413, 755296262116, vstest.console.dll, MulticastDelegateUtilities.SafeInvoke: TestRun.LogMessages: Invoking callback 1/1 for Microsoft.VisualStudio.TestPlatform.CommandLine.TestRunResultAggregator., took 0 ms.
TpTrace Information: 0 : 14712, 13, 2025/02/11, 23:03:41.414, 755296262366, vstest.console.dll, TestRunRequest:SendTestRunMessage: Completed.
TpTrace Verbose: 0 : 14712, 13, 2025/02/11, 23:03:41.414, 755296262756, vstest.console.dll, MulticastDelegateUtilities.SafeInvoke: LengthPrefixCommunicationChannel: MessageReceived: Invoking callback 1/1 for Microsoft.VisualStudio.TestPlatform.CommunicationUtilities.TestRequestSender+<>c__DisplayClass34_0., took 0 ms.
TpTrace Verbose: 0 : 14712, 13, 2025/02/11, 23:03:41.414, 755296263089, vstest.console.dll, TcpClientExtensions.MessageLoopAsync: Polling on remoteEndPoint: 127.0.0.1:52503 localEndPoint: 127.0.0.1:52502 after 169 ms
TpTrace Verbose: 0 : 14712, 4, 2025/02/11, 23:03:41.414, 755296262352, vstest.console.dll, MulticastDelegateUtilities.SafeInvoke: InternalTestLoggerEvents.SendTestRunMessage: Invoking callback 1/1 for Microsoft.VisualStudio.TestPlatform.CommandLine.Internal.ConsoleLogger., took 0 ms.
TpTrace Verbose: 0 : 14712, 13, 2025/02/11, 23:03:41.452, 755296646234, vstest.console.dll, TcpClientExtensions.MessageLoopAsync: NotifyDataAvailable remoteEndPoint: 127.0.0.1:52503 localEndPoint: 127.0.0.1:52502
TpTrace Verbose: 0 : 14712, 13, 2025/02/11, 23:03:41.452, 755296647837, vstest.console.dll, TestRequestSender.OnExecutionMessageReceived: Received message: {"Version":7,"MessageType":"TestSession.Message","Payload":{"MessageLevel":0,"Message":"[xUnit.net 00:00:00.21]   Discovered:  S4.HseCarShop.Tests"}}
TpTrace Verbose: 0 : 14712, 13, 2025/02/11, 23:03:41.452, 755296648665, vstest.console.dll, TestRunRequest:SendTestRunMessage: Starting.
TpTrace Verbose: 0 : 14712, 13, 2025/02/11, 23:03:41.452, 755296649001, vstest.console.dll, MulticastDelegateUtilities.SafeInvoke: TestRun.LogMessages: Invoking callback 1/1 for Microsoft.VisualStudio.TestPlatform.CommandLine.TestRunResultAggregator., took 0 ms.
TpTrace Information: 0 : 14712, 13, 2025/02/11, 23:03:41.452, 755296649208, vstest.console.dll, TestRunRequest:SendTestRunMessage: Completed.
TpTrace Verbose: 0 : 14712, 13, 2025/02/11, 23:03:41.452, 755296649372, vstest.console.dll, MulticastDelegateUtilities.SafeInvoke: LengthPrefixCommunicationChannel: MessageReceived: Invoking callback 1/1 for Microsoft.VisualStudio.TestPlatform.CommunicationUtilities.TestRequestSender+<>c__DisplayClass34_0., took 0 ms.
TpTrace Verbose: 0 : 14712, 4, 2025/02/11, 23:03:41.452, 755296649306, vstest.console.dll, MulticastDelegateUtilities.SafeInvoke: InternalTestLoggerEvents.SendTestRunMessage: Invoking callback 1/1 for Microsoft.VisualStudio.TestPlatform.CommandLine.Internal.ConsoleLogger., took 0 ms.
TpTrace Verbose: 0 : 14712, 13, 2025/02/11, 23:03:41.452, 755296649582, vstest.console.dll, TcpClientExtensions.MessageLoopAsync: Polling on remoteEndPoint: 127.0.0.1:52503 localEndPoint: 127.0.0.1:52502 after 38 ms
TpTrace Verbose: 0 : 14712, 13, 2025/02/11, 23:03:41.470, 755296822731, vstest.console.dll, TcpClientExtensions.MessageLoopAsync: NotifyDataAvailable remoteEndPoint: 127.0.0.1:52503 localEndPoint: 127.0.0.1:52502
TpTrace Verbose: 0 : 14712, 13, 2025/02/11, 23:03:41.470, 755296824062, vstest.console.dll, TestRequestSender.OnExecutionMessageReceived: Received message: {"Version":7,"MessageType":"TestSession.Message","Payload":{"MessageLevel":0,"Message":"[xUnit.net 00:00:00.22]   Starting:    S4.HseCarShop.Tests"}}
TpTrace Verbose: 0 : 14712, 13, 2025/02/11, 23:03:41.470, 755296825123, vstest.console.dll, TestRunRequest:SendTestRunMessage: Starting.
TpTrace Verbose: 0 : 14712, 13, 2025/02/11, 23:03:41.470, 755296825507, vstest.console.dll, MulticastDelegateUtilities.SafeInvoke: TestRun.LogMessages: Invoking callback 1/1 for Microsoft.VisualStudio.TestPlatform.CommandLine.TestRunResultAggregator., took 0 ms.
TpTrace Information: 0 : 14712, 13, 2025/02/11, 23:03:41.470, 755296825747, vstest.console.dll, TestRunRequest:SendTestRunMessage: Completed.
TpTrace Verbose: 0 : 14712, 13, 2025/02/11, 23:03:41.470, 755296825995, vstest.console.dll, MulticastDelegateUtilities.SafeInvoke: LengthPrefixCommunicationChannel: MessageReceived: Invoking callback 1/1 for Microsoft.VisualStudio.TestPlatform.CommunicationUtilities.TestRequestSender+<>c__DisplayClass34_0., took 0 ms.
TpTrace Verbose: 0 : 14712, 4, 2025/02/11, 23:03:41.470, 755296825905, vstest.console.dll, MulticastDelegateUtilities.SafeInvoke: InternalTestLoggerEvents.SendTestRunMessage: Invoking callback 1/1 for Microsoft.VisualStudio.TestPlatform.CommandLine.Internal.ConsoleLogger., took 0 ms.
TpTrace Verbose: 0 : 14712, 13, 2025/02/11, 23:03:41.470, 755296826229, vstest.console.dll, TcpClientExtensions.MessageLoopAsync: Polling on remoteEndPoint: 127.0.0.1:52503 localEndPoint: 127.0.0.1:52502 after 17 ms
TpTrace Verbose: 0 : 14712, 13, 2025/02/11, 23:03:41.629, 755298417235, vstest.console.dll, TcpClientExtensions.MessageLoopAsync: NotifyDataAvailable remoteEndPoint: 127.0.0.1:52503 localEndPoint: 127.0.0.1:52502
TpTrace Verbose: 0 : 14712, 13, 2025/02/11, 23:03:41.629, 755298420091, vstest.console.dll, TestRequestSender.OnExecutionMessageReceived: Received message: {"Version":7,"MessageType":"TestExecution.StatsChange","Payload":{"NewTestResults":[{"TestCase":{"Id":"8728c7fd-a422-963a-7f64-9758d70eb37c","FullyQualifiedName":"S4.HseCarShop.Tests.CarStorageTests.GetCar_HaveCarsInStorage_ReturnsSuitableCar","DisplayName":"S4.HseCarShop.Tests.CarStorageTests.GetCar_HaveCarsInStorage_ReturnsSuitableCar","ExecutorUri":"executor://xunit/VsTestRunner3/netcore/","Source":"D:\\C# проекты\\KPO\\FourthKPOProject\\S4.HseCarShop.Tests\\bin\\Debug\\net9.0\\fine-code-coverage\\build-output\\S4.HseCarShop.Tests.dll","CodeFilePath":null,"LineNumber":0,"Properties":[{"Key":{"Id":"TestCase.ManagedType","Label":"ManagedType","Category":"","Description":"","Attributes":1,"ValueType":"System.String"},"Value":"S4.HseCarShop.Tests.CarStorageTests"},{"Key":{"Id":"XunitTestCaseUniqueID","Label":"xUnit.net Test Case Unique ID","Category":"","Description":"","Attributes":0,"ValueType":"System.String"},"Value":"070ad78676ab67b04cb51e5bda17528b23798acc"},{"Key":{"Id":"TestObject.Traits","Label":"Traits","Category":"","Description":"","Attributes":5,"ValueType":"System.Collections.Generic.KeyValuePair`2[[System.String],[System.String]][]"},"Value":[{"Key":"TestCategory","Value":"CarStorage"}]},{"Key":{"Id":"XunitTestCaseExplicit","Label":"xUnit.net Test Case Explicit Flag","Category":"","Description":"","Attributes":0,"ValueType":"System.Boolean"},"Value":false},{"Key":{"Id":"TestCase.ManagedMethod","Label":"ManagedMethod","Category":"","Description":"","Attributes":1,"ValueType":"System.String"},"Value":"GetCar_HaveCarsInStorage_ReturnsSuitableCar"}]},"Attachments":[],"Outcome":1,"ErrorMessage":null,"ErrorStackTrace":null,"DisplayName":"S4.HseCarShop.Tests.CarStorageTests.GetCar_HaveCarsInStorage_ReturnsSuitableCar","Messages":[],"ComputerName":"WIN-NT059EK4SVE","Duration":"00:00:00.0359817","StartTime":"2025-02-11T20:03:41.5305528+00:00","EndTime":"2025-02-11T20:03:41.532121+00:00","Properties":[]},{"TestCase":{"Id":"e988d9e0-4ba3-42ba-a7f3-e4d764aa29e4","FullyQualifiedName":"S4.HseCarShop.Tests.CarStorageTests.GetCar_EmptyStorage_ReturnsNull","DisplayName":"S4.HseCarShop.Tests.CarStorageTests.GetCar_EmptyStorage_ReturnsNull(engineType: Hand)","ExecutorUri":"executor://xunit/VsTestRunner3/netcore/","Source":"D:\\C# проекты\\KPO\\FourthKPOProject\\S4.HseCarShop.Tests\\bin\\Debug\\net9.0\\fine-code-coverage\\build-output\\S4.HseCarShop.Tests.dll","CodeFilePath":null,"LineNumber":0,"Properties":[{"Key":{"Id":"TestCase.ManagedType","Label":"ManagedType","Category":"","Description":"","Attributes":1,"ValueType":"System.String"},"Value":"S4.HseCarShop.Tests.CarStorageTests"},{"Key":{"Id":"XunitTestCaseUniqueID","Label":"xUnit.net Test Case Unique ID","Category":"","Description":"","Attributes":0,"ValueType":"System.String"},"Value":"a6c79edef60e5f39502c452c5b469482182a5398"},{"Key":{"Id":"TestObject.Traits","Label":"Traits","Category":"","Description":"","Attributes":5,"ValueType":"System.Collections.Generic.KeyValuePair`2[[System.String],[System.String]][]"},"Value":[{"Key":"TestCategory","Value":"CarStorage"}]},{"Key":{"Id":"XunitTestCaseExplicit","Label":"xUnit.net Test Case Explicit Flag","Category":"","Description":"","Attributes":0,"ValueType":"System.Boolean"},"Value":false},{"Key":{"Id":"TestCase.ManagedMethod","Label":"ManagedMethod","Category":"","Description":"","Attributes":1,"ValueType":"System.String"},"Value":"GetCar_EmptyStorage_ReturnsNull"}]},"Attachments":[],"Outcome":1,"ErrorMessage":null,"ErrorStackTrace":null,"DisplayName":"S4.HseCarShop.Tests.CarStorageTests.GetCar_EmptyStorage_ReturnsNull(engineType: Hand)","Messages":[],"ComputerName":"WIN-NT059EK4SVE","Duration":"00:00:00.0018061","StartTime":"2025-02-11T20:03:41.5453091+00:00","EndTime":"2025-02-11T20:03:41.5453672+00:00","Properties":[]},{"TestCase":{"Id":"c6d23f1f-5684-6da0-5081-177490b673fc","FullyQualifiedName":"S4.HseCarShop.Tests.CarStorageTests.GetCar_EmptyStorage_ReturnsNull","DisplayName":"S4.HseCarShop.Tests.CarStorageTests.GetCar_EmptyStorage_ReturnsNull(engineType: Pedal)","ExecutorUri":"executor://xunit/VsTestRunner3/netcore/","Source":"D:\\C# проекты\\KPO\\FourthKPOProject\\S4.HseCarShop.Tests\\bin\\Debug\\net9.0\\fine-code-coverage\\build-output\\S4.HseCarShop.Tests.dll","CodeFilePath":null,"LineNumber":0,"Properties":[{"Key":{"Id":"TestCase.ManagedType","Label":"ManagedType","Category":"","Description":"","Attributes":1,"ValueType":"System.String"},"Value":"S4.HseCarShop.Tests.CarStorageTests"},{"Key":{"Id":"XunitTestCaseUniqueID","Label":"xUnit.net Test Case Unique ID","Category":"","Description":"","Attributes":0,"ValueType":"System.String"},"Value":"bdf7cff4e766e0f69a37623eb62d78bc20babdb3"},{"Key":{"Id":"TestObject.Traits","Label":"Traits","Category":"","Description":"","Attributes":5,"ValueType":"System.Collections.Generic.KeyValuePair`2[[System.String],[System.String]][]"},"Value":[{"Key":"TestCategory","Value":"CarStorage"}]},{"Key":{"Id":"XunitTestCaseExplicit","Label":"xUnit.net Test Case Explicit Flag","Category":"","Description":"","Attributes":0,"ValueType":"System.Boolean"},"Value":false},{"Key":{"Id":"TestCase.ManagedMethod","Label":"ManagedMethod","Category":"","Description":"","Attributes":1,"ValueType":"System.String"},"Value":"GetCar_EmptyStorage_ReturnsNull"}]},"Attachments":[],"Outcome":1,"ErrorMessage":null,"ErrorStackTrace":null,"DisplayName":"S4.HseCarShop.Tests.CarStorageTests.GetCar_EmptyStorage_ReturnsNull(engineType: Pedal)","Messages":[],"ComputerName":"WIN-NT059EK4SVE","Duration":"00:00:00.0012840","StartTime":"2025-02-11T20:03:41.547907+00:00","EndTime":"2025-02-11T20:03:41.5479448+00:00","Properties":[]},{"TestCase":{"Id":"7ff17a8e-316a-b68f-b153-967128d8ae1d","FullyQualifiedName":"S4.HseCarShop.Tests.CarStorageTests.GetCar_EmptyStorage_ReturnsNull","DisplayName":"S4.HseCarShop.Tests.CarStorageTests.GetCar_EmptyStorage_ReturnsNull(engineType: 42)","ExecutorUri":"executor://xunit/VsTestRunner3/netcore/","Source":"D:\\C# проекты\\KPO\\FourthKPOProject\\S4.HseCarShop.Tests\\bin\\Debug\\net9.0\\fine-code-coverage\\build-output\\S4.HseCarShop.Tests.dll","CodeFilePath":null,"LineNumber":0,"Properties":[{"Key":{"Id":"TestCase.ManagedType","Label":"ManagedType","Category":"","Description":"","Attributes":1,"ValueType":"System.String"},"Value":"S4.HseCarShop.Tests.CarStorageTests"},{"Key":{"Id":"XunitTestCaseUniqueID","Label":"xUnit.net Test Case Unique ID","Category":"","Description":"","Attributes":0,"ValueType":"System.String"},"Value":"d1760fca1dcdac83d7622b15791ec06d9167a9a7"},{"Key":{"Id":"TestObject.Traits","Label":"Traits","Category":"","Description":"","Attributes":5,"ValueType":"System.Collections.Generic.KeyValuePair`2[[System.String],[System.String]][]"},"Value":[{"Key":"TestCategory","Value":"CarStorage"}]},{"Key":{"Id":"XunitTestCaseExplicit","Label":"xUnit.net Test Case Explicit Flag","Category":"","Description":"","Attributes":0,"ValueType":"System.Boolean"},"Value":false},{"Key":{"Id":"TestCase.ManagedMethod","Label":"ManagedMethod","Category":"","Description":"","Attributes":1,"ValueType":"System.String"},"Value":"GetCar_EmptyStorage_ReturnsNull"}]},"Attachments":[],"Outcome":1,"ErrorMessage":null,"ErrorStackTrace":null,"DisplayName":"S4.HseCarShop.Tests.CarStorageTests.GetCar_EmptyStorage_ReturnsNull(engineType: 42)","Messages":[],"ComputerName":"WIN-NT059EK4SVE","Duration":"00:00:00.0010479","StartTime":"2025-02-11T20:03:41.5509614+00:00","EndTime":"2025-02-11T20:03:41.5509992+00:00","Properties":[]},{"TestCase":{"Id":"0355bc85-a2f4-7646-c3ef-c716fe55a666","FullyQualifiedName":"S4.HseCarShop.Tests.CarShopServiceTests.SellCars_CustomerAlreadyHasCar_SkipCustomer","DisplayName":"S4.HseCarShop.Tests.CarShopServiceTests.SellCars_CustomerAlreadyHasCar_SkipCustomer","ExecutorUri":"executor://xunit/VsTestRunner3/netcore/","Source":"D:\\C# проекты\\KPO\\FourthKPOProject\\S4.HseCarShop.Tests\\bin\\Debug\\net9.0\\fine-code-coverage\\build-output\\S4.HseCarShop.Tests.dll","CodeFilePath":null,"LineNumber":0,"Properties":[{"Key":{"Id":"TestCase.ManagedType","Label":"ManagedType","Category":"","Description":"","Attributes":1,"ValueType":"System.String"},"Value":"S4.HseCarShop.Tests.CarShopServiceTests"},{"Key":{"Id":"XunitTestCaseUniqueID","Label":"xUnit.net Test Case Unique ID","Category":"","Description":"","Attributes":0,"ValueType":"System.String"},"Value":"26f40e6cbf5b72851a796ee9428c7134c9a1e5c3"},{"Key":{"Id":"XunitTestCaseExplicit","Label":"xUnit.net Test Case Explicit Flag","Category":"","Description":"","Attributes":0,"ValueType":"System.Boolean"},"Value":false},{"Key":{"Id":"TestCase.ManagedMethod","Label":"ManagedMethod","Category":"","Description":"","Attributes":1,"ValueType":"System.String"},"Value":"SellCars_CustomerAlreadyHasCar_SkipCustomer"}]},"Attachments":[],"Outcome":1,"ErrorMessage":null,"ErrorStackTrace":null,"DisplayName":"S4.HseCarShop.Tests.CarShopServiceTests.SellCars_CustomerAlreadyHasCar_SkipCustomer","Messages":[],"ComputerName":"WIN-NT059EK4SVE","Duration":"00:00:00.0704716","StartTime":"2025-02-11T20:03:41.531516+00:00","EndTime":"2025-02-11T20:03:41.5597681+00:00","Properties":[]},{"TestCase":{"Id":"7e4117dc-6999-455a-8714-af71ef4feb97","FullyQualifiedName":"S4.HseCarShop.Tests.CarShopServiceTests.SellCars_BorderlineStrengthValues_AssignCorrectly","DisplayName":"S4.HseCarShop.Tests.CarShopServiceTests.SellCars_BorderlineStrengthValues_AssignCorrectly","ExecutorUri":"executor://xunit/VsTestRunner3/netcore/","Source":"D:\\C# проекты\\KPO\\FourthKPOProject\\S4.HseCarShop.Tests\\bin\\Debug\\net9.0\\fine-code-coverage\\build-output\\S4.HseCarShop.Tests.dll","CodeFilePath":null,"LineNumber":0,"Properties":[{"Key":{"Id":"TestCase.ManagedType","Label":"ManagedType","Category":"","Description":"","Attributes":1,"ValueType":"System.String"},"Value":"S4.HseCarShop.Tests.CarShopServiceTests"},{"Key":{"Id":"XunitTestCaseUniqueID","Label":"xUnit.net Test Case Unique ID","Category":"","Description":"","Attributes":0,"ValueType":"System.String"},"Value":"29bddd1b4c19305c62a8ecd9dba24099deadbcec"},{"Key":{"Id":"XunitTestCaseExplicit","Label":"xUnit.net Test Case Explicit Flag","Category":"","Description":"","Attributes":0,"ValueType":"System.Boolean"},"Value":false},{"Key":{"Id":"TestCase.ManagedMethod","Label":"ManagedMethod","Category":"","Description":"","Attributes":1,"ValueType":"System.String"},"Value":"SellCars_BorderlineStrengthValues_AssignCorrectly"}]},"Attachments":[],"Outcome":1,"ErrorMessage":null,"ErrorStackTrace":null,"DisplayName":"S4.HseCarShop.Tests.CarShopServiceTests.SellCars_BorderlineStrengthValues_AssignCorrectly(legStrength: 5, handStrength: 5, carStorageMock: Name8d4b94b4-947d-4f05-8b67-ccc67f191044, customerStorageMock: Name1a1fe34a-b2b3-447f-a878-3c4b2bc89949)","Messages":[],"ComputerName":"WIN-NT059EK4SVE","Duration":"00:00:00.0135603","StartTime":"2025-02-11T20:03:41.5778196+00:00","EndTime":"2025-02-11T20:03:41.5914334+00:00","Properties":[]},{"TestCase":{"Id":"7e4117dc-6999-455a-8714-af71ef4feb97","FullyQualifiedName":"S4.HseCarShop.Tests.CarShopServiceTests.SellCars_BorderlineStrengthValues_AssignCorrectly","DisplayName":"S4.HseCarShop.Tests.CarShopServiceTests.SellCars_BorderlineStrengthValues_AssignCorrectly","ExecutorUri":"executor://xunit/VsTestRunner3/netcore/","Source":"D:\\C# проекты\\KPO\\FourthKPOProject\\S4.HseCarShop.Tests\\bin\\Debug\\net9.0\\fine-code-coverage\\build-output\\S4.HseCarShop.Tests.dll","CodeFilePath":null,"LineNumber":0,"Properties":[{"Key":{"Id":"TestCase.ManagedType","Label":"ManagedType","Category":"","Description":"","Attributes":1,"ValueType":"System.String"},"Value":"S4.HseCarShop.Tests.CarShopServiceTests"},{"Key":{"Id":"XunitTestCaseUniqueID","Label":"xUnit.net Test Case Unique ID","Category":"","Description":"","Attributes":0,"ValueType":"System.String"},"Value":"29bddd1b4c19305c62a8ecd9dba24099deadbcec"},{"Key":{"Id":"XunitTestCaseExplicit","Label":"xUnit.net Test Case Explicit Flag","Category":"","Description":"","Attributes":0,"ValueType":"System.Boolean"},"Value":false},{"Key":{"Id":"TestCase.ManagedMethod","Label":"ManagedMethod","Category":"","Description":"","Attributes":1,"ValueType":"System.String"},"Value":"SellCars_BorderlineStrengthValues_AssignCorrectly"}]},"Attachments":[],"Outcome":1,"ErrorMessage":null,"ErrorStackTrace":null,"DisplayName":"S4.HseCarShop.Tests.CarShopServiceTests.SellCars_BorderlineStrengthValues_AssignCorrectly(legStrength: 0, handStrength: 5, carStorageMock: Mock<ICarProvider:3>, customerStorageMock: Mock<ICustomerStorage:3>)","Messages":[],"ComputerName":"WIN-NT059EK4SVE","Duration":"00:00:00.0038513","StartTime":"2025-02-11T20:03:41.5933218+00:00","EndTime":"2025-02-11T20:03:41.5953144+00:00","Properties":[]},{"TestCase":{"Id":"7e4117dc-6999-455a-8714-af71ef4feb97","FullyQualifiedName":"S4.HseCarShop.Tests.CarShopServiceTests.SellCars_BorderlineStrengthValues_AssignCorrectly","DisplayName":"S4.HseCarShop.Tests.CarShopServiceTests.SellCars_BorderlineStrengthValues_AssignCorrectly","ExecutorUri":"executor://xunit/VsTestRunner3/netcore/","Source":"D:\\C# проекты\\KPO\\FourthKPOProject\\S4.HseCarShop.Tests\\bin\\Debug\\net9.0\\fine-code-coverage\\build-output\\S4.HseCarShop.Tests.dll","CodeFilePath":null,"LineNumber":0,"Properties":[{"Key":{"Id":"TestCase.ManagedType","Label":"ManagedType","Category":"","Description":"","Attributes":1,"ValueType":"System.String"},"Value":"S4.HseCarShop.Tests.CarShopServiceTests"},{"Key":{"Id":"XunitTestCaseUniqueID","Label":"xUnit.net Test Case Unique ID","Category":"","Description":"","Attributes":0,"ValueType":"System.String"},"Value":"29bddd1b4c19305c62a8ecd9dba24099deadbcec"},{"Key":{"Id":"XunitTestCaseExplicit","Label":"xUnit.net Test Case Explicit Flag","Category":"","Description":"","Attributes":0,"ValueType":"System.Boolean"},"Value":false},{"Key":{"Id":"TestCase.ManagedMethod","Label":"ManagedMethod","Category":"","Description":"","Attributes":1,"ValueType":"System.String"},"Value":"SellCars_BorderlineStrengthValues_AssignCorrectly"}]},"Attachments":[],"Outcome":1,"ErrorMessage":null,"ErrorStackTrace":null,"DisplayName":"S4.HseCarShop.Tests.CarShopServiceTests.SellCars_BorderlineStrengthValues_AssignCorrectly(legStrength: 5, handStrength: 0, carStorageMock: Mock<ICarProvider:4>, customerStorageMock: Mock<ICustomerStorage:4>)","Messages":[],"ComputerName":"WIN-NT059EK4SVE","Duration":"00:00:00.0085705","StartTime":"2025-02-11T20:03:41.5956133+00:00","EndTime":"2025-02-11T20:03:41.6039708+00:00","Properties":[]},{"TestCase":{"Id":"d687b6c9-6403-1e20-cdc2-bf4f73236997","FullyQualifiedName":"S4.HseCarShop.Tests.CarShopServiceTests.SellCars_MultipleSuitableCustomers_ProcessAll","DisplayName":"S4.HseCarShop.Tests.CarShopServiceTests.SellCars_MultipleSuitableCustomers_ProcessAll","ExecutorUri":"executor://xunit/VsTestRunner3/netcore/","Source":"D:\\C# проекты\\KPO\\FourthKPOProject\\S4.HseCarShop.Tests\\bin\\Debug\\net9.0\\fine-code-coverage\\build-output\\S4.HseCarShop.Tests.dll","CodeFilePath":null,"LineNumber":0,"Properties":[{"Key":{"Id":"TestCase.ManagedType","Label":"ManagedType","Category":"","Description":"","Attributes":1,"ValueType":"System.String"},"Value":"S4.HseCarShop.Tests.CarShopServiceTests"},{"Key":{"Id":"XunitTestCaseUniqueID","Label":"xUnit.net Test Case Unique ID","Category":"","Description":"","Attributes":0,"ValueType":"System.String"},"Value":"2ee431eee5033dd7c2560017c7b5e1ff9fbb01a8"},{"Key":{"Id":"XunitTestCaseExplicit","Label":"xUnit.net Test Case Explicit Flag","Category":"","Description":"","Attributes":0,"ValueType":"System.Boolean"},"Value":false},{"Key":{"Id":"TestCase.ManagedMethod","Label":"ManagedMethod","Category":"","Description":"","Attributes":1,"ValueType":"System.String"},"Value":"SellCars_MultipleSuitableCustomers_ProcessAll"}]},"Attachments":[],"Outcome":1,"ErrorMessage":null,"ErrorStackTrace":null,"DisplayName":"S4.HseCarShop.Tests.CarShopServiceTests.SellCars_MultipleSuitableCustomers_ProcessAll(customer1: Имя: Stuart Schroeder, Сила рук: 6, Сила ног: 0, Автомобиль: Нет, customer2: Имя: Consuelo Walter, Сила рук: 0, Сила ног: 6, Автомобиль: Нет, customer3: Имя: Oda Parker, Сила рук: 1, Сила ног: 1, Автомобиль: Нет, carStorageMock: Mock<ICarProvider:8>, customerStorageMock: Mock<ICustomerStorage:8>)","Messages":[],"ComputerName":"WIN-NT059EK4SVE","Duration":"00:00:00.0039797","StartTime":"2025-02-11T20:03:41.6095434+00:00","EndTime":"2025-02-11T20:03:41.6135736+00:00","Properties":[]}],"TestRunStatistics":{"ExecutedTests":9,"Stats":{"Passed":9}},"ActiveTests":[{"Id":"af04a5a2-6987-b8c6-e055-cd8a1f84476f","FullyQualifiedName":"S4.HseCarShop.Tests.CarShopServiceTests.SellCars_HasSuitableCar_AssignCar","DisplayName":"S4.HseCarShop.Tests.CarShopServiceTests.SellCars_HasSuitableCar_AssignCar","ExecutorUri":"executor://xunit/VsTestRunner3/netcore/","Source":"D:\\C# проекты\\KPO\\FourthKPOProject\\S4.HseCarShop.Tests\\bin\\Debug\\net9.0\\fine-code-coverage\\build-output\\S4.HseCarShop.Tests.dll","CodeFilePath":null,"LineNumber":0,"Properties":[{"Key":{"Id":"TestCase.ManagedType","Label":"ManagedType","Category":"","Description":"","Attributes":1,"ValueType":"System.String"},"Value":"S4.HseCarShop.Tests.CarShopServiceTests"},{"Key":{"Id":"XunitTestCaseUniqueID","Label":"xUnit.net Test Case Unique ID","Category":"","Description":"","Attributes":0,"ValueType":"System.String"},"Value":"90fcdca3a30587a552de732e98af017f3dab5a97"},{"Key":{"Id":"XunitTestCaseExplicit","Label":"xUnit.net Test Case Explicit Flag","Category":"","Description":"","Attributes":0,"ValueType":"System.Boolean"},"Value":false},{"Key":{"Id":"TestCase.ManagedMethod","Label":"ManagedMethod","Category":"","Description":"","Attributes":1,"ValueType":"System.String"},"Value":"SellCars_HasSuitableCar_AssignCar"}]}]}}
TpTrace Verbose: 0 : 14712, 13, 2025/02/11, 23:03:41.656, 755298687623, vstest.console.dll, TestRunRequest:SendTestRunStatsChange: Starting.
TpTrace Verbose: 0 : 14712, 13, 2025/02/11, 23:03:41.656, 755298688621, vstest.console.dll, InProgress is S4.HseCarShop.Tests.CarShopServiceTests.SellCars_HasSuitableCar_AssignCar
TpTrace Verbose: 0 : 14712, 13, 2025/02/11, 23:03:41.656, 755298689784, vstest.console.dll, MulticastDelegateUtilities.SafeInvoke: TestRun.RunStatsChanged: Invoking callbacks was skipped because there are no subscribers.
TpTrace Information: 0 : 14712, 13, 2025/02/11, 23:03:41.656, 755298690054, vstest.console.dll, TestRunRequest:SendTestRunStatsChange: Completed.
TpTrace Verbose: 0 : 14712, 13, 2025/02/11, 23:03:41.656, 755298690226, vstest.console.dll, MulticastDelegateUtilities.SafeInvoke: LengthPrefixCommunicationChannel: MessageReceived: Invoking callback 1/1 for Microsoft.VisualStudio.TestPlatform.CommunicationUtilities.TestRequestSender+<>c__DisplayClass34_0., took 27 ms.
TpTrace Verbose: 0 : 14712, 13, 2025/02/11, 23:03:41.656, 755298690415, vstest.console.dll, TcpClientExtensions.MessageLoopAsync: Polling on remoteEndPoint: 127.0.0.1:52503 localEndPoint: 127.0.0.1:52502 after 186 ms
TpTrace Verbose: 0 : 14712, 13, 2025/02/11, 23:03:41.656, 755298690666, vstest.console.dll, TcpClientExtensions.MessageLoopAsync: NotifyDataAvailable remoteEndPoint: 127.0.0.1:52503 localEndPoint: 127.0.0.1:52502
TpTrace Verbose: 0 : 14712, 13, 2025/02/11, 23:03:41.656, 755298691003, vstest.console.dll, TestRequestSender.OnExecutionMessageReceived: Received message: {"Version":7,"MessageType":"TestSession.Message","Payload":{"MessageLevel":0,"Message":"[xUnit.net 00:00:00.40]   Finished:    S4.HseCarShop.Tests"}}
TpTrace Verbose: 0 : 14712, 13, 2025/02/11, 23:03:41.656, 755298691503, vstest.console.dll, TestRunRequest:SendTestRunMessage: Starting.
TpTrace Verbose: 0 : 14712, 13, 2025/02/11, 23:03:41.656, 755298691886, vstest.console.dll, MulticastDelegateUtilities.SafeInvoke: TestRun.LogMessages: Invoking callback 1/1 for Microsoft.VisualStudio.TestPlatform.CommandLine.TestRunResultAggregator., took 0 ms.
TpTrace Information: 0 : 14712, 13, 2025/02/11, 23:03:41.656, 755298692070, vstest.console.dll, TestRunRequest:SendTestRunMessage: Completed.
TpTrace Verbose: 0 : 14712, 13, 2025/02/11, 23:03:41.656, 755298692240, vstest.console.dll, MulticastDelegateUtilities.SafeInvoke: LengthPrefixCommunicationChannel: MessageReceived: Invoking callback 1/1 for Microsoft.VisualStudio.TestPlatform.CommunicationUtilities.TestRequestSender+<>c__DisplayClass34_0., took 0 ms.
TpTrace Verbose: 0 : 14712, 13, 2025/02/11, 23:03:41.657, 755298692596, vstest.console.dll, TcpClientExtensions.MessageLoopAsync: Polling on remoteEndPoint: 127.0.0.1:52503 localEndPoint: 127.0.0.1:52502 after 0 ms
TpTrace Verbose: 0 : 14712, 4, 2025/02/11, 23:03:41.657, 755298698998, vstest.console.dll, MulticastDelegateUtilities.SafeInvoke: InternalTestLoggerEvents.SendTestResult: Invoking callback 1/1 for Microsoft.VisualStudio.TestPlatform.CommandLine.Internal.ConsoleLogger., took 0 ms.
TpTrace Verbose: 0 : 14712, 4, 2025/02/11, 23:03:41.657, 755298701071, vstest.console.dll, MulticastDelegateUtilities.SafeInvoke: InternalTestLoggerEvents.SendTestResult: Invoking callback 1/1 for Microsoft.VisualStudio.TestPlatform.CommandLine.Internal.ConsoleLogger., took 0 ms.
TpTrace Verbose: 0 : 14712, 4, 2025/02/11, 23:03:41.657, 755298701550, vstest.console.dll, MulticastDelegateUtilities.SafeInvoke: InternalTestLoggerEvents.SendTestResult: Invoking callback 1/1 for Microsoft.VisualStudio.TestPlatform.CommandLine.Internal.ConsoleLogger., took 0 ms.
TpTrace Verbose: 0 : 14712, 4, 2025/02/11, 23:03:41.658, 755298707350, vstest.console.dll, MulticastDelegateUtilities.SafeInvoke: InternalTestLoggerEvents.SendTestResult: Invoking callback 1/1 for Microsoft.VisualStudio.TestPlatform.CommandLine.Internal.ConsoleLogger., took 0 ms.
TpTrace Verbose: 0 : 14712, 4, 2025/02/11, 23:03:41.658, 755298707996, vstest.console.dll, MulticastDelegateUtilities.SafeInvoke: InternalTestLoggerEvents.SendTestResult: Invoking callback 1/1 for Microsoft.VisualStudio.TestPlatform.CommandLine.Internal.ConsoleLogger., took 0 ms.
TpTrace Verbose: 0 : 14712, 4, 2025/02/11, 23:03:41.658, 755298708214, vstest.console.dll, MulticastDelegateUtilities.SafeInvoke: InternalTestLoggerEvents.SendTestResult: Invoking callback 1/1 for Microsoft.VisualStudio.TestPlatform.CommandLine.Internal.ConsoleLogger., took 0 ms.
TpTrace Verbose: 0 : 14712, 4, 2025/02/11, 23:03:41.658, 755298708383, vstest.console.dll, MulticastDelegateUtilities.SafeInvoke: InternalTestLoggerEvents.SendTestResult: Invoking callback 1/1 for Microsoft.VisualStudio.TestPlatform.CommandLine.Internal.ConsoleLogger., took 0 ms.
TpTrace Verbose: 0 : 14712, 4, 2025/02/11, 23:03:41.658, 755298708600, vstest.console.dll, MulticastDelegateUtilities.SafeInvoke: InternalTestLoggerEvents.SendTestResult: Invoking callback 1/1 for Microsoft.VisualStudio.TestPlatform.CommandLine.Internal.ConsoleLogger., took 0 ms.
TpTrace Verbose: 0 : 14712, 4, 2025/02/11, 23:03:41.658, 755298708757, vstest.console.dll, MulticastDelegateUtilities.SafeInvoke: InternalTestLoggerEvents.SendTestResult: Invoking callback 1/1 for Microsoft.VisualStudio.TestPlatform.CommandLine.Internal.ConsoleLogger., took 0 ms.
TpTrace Verbose: 0 : 14712, 4, 2025/02/11, 23:03:41.658, 755298708893, vstest.console.dll, MulticastDelegateUtilities.SafeInvoke: InternalTestLoggerEvents.SendTestRunMessage: Invoking callback 1/1 for Microsoft.VisualStudio.TestPlatform.CommandLine.Internal.ConsoleLogger., took 0 ms.
TpTrace Verbose: 0 : 14712, 13, 2025/02/11, 23:03:41.662, 755298750861, vstest.console.dll, TcpClientExtensions.MessageLoopAsync: NotifyDataAvailable remoteEndPoint: 127.0.0.1:52503 localEndPoint: 127.0.0.1:52502
TpTrace Verbose: 0 : 14712, 13, 2025/02/11, 23:03:41.663, 755298752834, vstest.console.dll, TestRequestSender.OnExecutionMessageReceived: Received message: {"Version":7,"MessageType":"TestExecution.Completed","Payload":{"TestRunCompleteArgs":{"TestRunStatistics":{"ExecutedTests":18,"Stats":{"Passed":18}},"IsCanceled":false,"IsAborted":false,"Error":null,"AttachmentSets":[],"InvokedDataCollectors":[],"ElapsedTimeInRunningTests":"00:00:00.4136061","Metrics":{},"DiscoveredExtensions":{"TestDiscoverers":["Xunit.Runner.VisualStudio.VsTestRunner, xunit.runner.visualstudio.testadapter, Version=3.0.1.0, Culture=neutral, PublicKeyToken=null"],"TestExecutors":["executor://xunit/VsTestRunner3/netcore/"],"TestExecutors2":[],"TestSettingsProviders":[]}},"LastRunTests":{"NewTestResults":[{"TestCase":{"Id":"af04a5a2-6987-b8c6-e055-cd8a1f84476f","FullyQualifiedName":"S4.HseCarShop.Tests.CarShopServiceTests.SellCars_HasSuitableCar_AssignCar","DisplayName":"S4.HseCarShop.Tests.CarShopServiceTests.SellCars_HasSuitableCar_AssignCar","ExecutorUri":"executor://xunit/VsTestRunner3/netcore/","Source":"D:\\C# проекты\\KPO\\FourthKPOProject\\S4.HseCarShop.Tests\\bin\\Debug\\net9.0\\fine-code-coverage\\build-output\\S4.HseCarShop.Tests.dll","CodeFilePath":null,"LineNumber":0,"Properties":[{"Key":{"Id":"TestCase.ManagedType","Label":"ManagedType","Category":"","Description":"","Attributes":1,"ValueType":"System.String"},"Value":"S4.HseCarShop.Tests.CarShopServiceTests"},{"Key":{"Id":"XunitTestCaseUniqueID","Label":"xUnit.net Test Case Unique ID","Category":"","Description":"","Attributes":0,"ValueType":"System.String"},"Value":"90fcdca3a30587a552de732e98af017f3dab5a97"},{"Key":{"Id":"XunitTestCaseExplicit","Label":"xUnit.net Test Case Explicit Flag","Category":"","Description":"","Attributes":0,"ValueType":"System.Boolean"},"Value":false},{"Key":{"Id":"TestCase.ManagedMethod","Label":"ManagedMethod","Category":"","Description":"","Attributes":1,"ValueType":"System.String"},"Value":"SellCars_HasSuitableCar_AssignCar"}]},"Attachments":[],"Outcome":1,"ErrorMessage":null,"ErrorStackTrace":null,"DisplayName":"S4.HseCarShop.Tests.CarShopServiceTests.SellCars_HasSuitableCar_AssignCar(legStrength: 6, handStrength: 0, expectedType: Pedal, pedalSize: 69)","Messages":[],"ComputerName":"WIN-NT059EK4SVE","Duration":"00:00:00.0055586","StartTime":"2025-02-11T20:03:41.6305231+00:00","EndTime":"2025-02-11T20:03:41.6305673+00:00","Properties":[]},{"TestCase":{"Id":"af04a5a2-6987-b8c6-e055-cd8a1f84476f","FullyQualifiedName":"S4.HseCarShop.Tests.CarShopServiceTests.SellCars_HasSuitableCar_AssignCar","DisplayName":"S4.HseCarShop.Tests.CarShopServiceTests.SellCars_HasSuitableCar_AssignCar","ExecutorUri":"executor://xunit/VsTestRunner3/netcore/","Source":"D:\\C# проекты\\KPO\\FourthKPOProject\\S4.HseCarShop.Tests\\bin\\Debug\\net9.0\\fine-code-coverage\\build-output\\S4.HseCarShop.Tests.dll","CodeFilePath":null,"LineNumber":0,"Properties":[{"Key":{"Id":"TestCase.ManagedType","Label":"ManagedType","Category":"","Description":"","Attributes":1,"ValueType":"System.String"},"Value":"S4.HseCarShop.Tests.CarShopServiceTests"},{"Key":{"Id":"XunitTestCaseUniqueID","Label":"xUnit.net Test Case Unique ID","Category":"","Description":"","Attributes":0,"ValueType":"System.String"},"Value":"90fcdca3a30587a552de732e98af017f3dab5a97"},{"Key":{"Id":"XunitTestCaseExplicit","Label":"xUnit.net Test Case Explicit Flag","Category":"","Description":"","Attributes":0,"ValueType":"System.Boolean"},"Value":false},{"Key":{"Id":"TestCase.ManagedMethod","Label":"ManagedMethod","Category":"","Description":"","Attributes":1,"ValueType":"System.String"},"Value":"SellCars_HasSuitableCar_AssignCar"}]},"Attachments":[],"Outcome":1,"ErrorMessage":null,"ErrorStackTrace":null,"DisplayName":"S4.HseCarShop.Tests.CarShopServiceTests.SellCars_HasSuitableCar_AssignCar(legStrength: 0, handStrength: 6, expectedType: Hand, pedalSize: 100)","Messages":[],"ComputerName":"WIN-NT059EK4SVE","Duration":"00:00:00.0020806","StartTime":"2025-02-11T20:03:41.6315619+00:00","EndTime":"2025-02-11T20:03:41.6315955+00:00","Properties":[]},{"TestCase":{"Id":"af04a5a2-6987-b8c6-e055-cd8a1f84476f","FullyQualifiedName":"S4.HseCarShop.Tests.CarShopServiceTests.SellCars_HasSuitableCar_AssignCar","DisplayName":"S4.HseCarShop.Tests.CarShopServiceTests.SellCars_HasSuitableCar_AssignCar","ExecutorUri":"executor://xunit/VsTestRunner3/netcore/","Source":"D:\\C# проекты\\KPO\\FourthKPOProject\\S4.HseCarShop.Tests\\bin\\Debug\\net9.0\\fine-code-coverage\\build-output\\S4.HseCarShop.Tests.dll","CodeFilePath":null,"LineNumber":0,"Properties":[{"Key":{"Id":"TestCase.ManagedType","Label":"ManagedType","Category":"","Description":"","Attributes":1,"ValueType":"System.String"},"Value":"S4.HseCarShop.Tests.CarShopServiceTests"},{"Key":{"Id":"XunitTestCaseUniqueID","Label":"xUnit.net Test Case Unique ID","Category":"","Description":"","Attributes":0,"ValueType":"System.String"},"Value":"90fcdca3a30587a552de732e98af017f3dab5a97"},{"Key":{"Id":"XunitTestCaseExplicit","Label":"xUnit.net Test Case Explicit Flag","Category":"","Description":"","Attributes":0,"ValueType":"System.Boolean"},"Value":false},{"Key":{"Id":"TestCase.ManagedMethod","Label":"ManagedMethod","Category":"","Description":"","Attributes":1,"ValueType":"System.String"},"Value":"SellCars_HasSuitableCar_AssignCar"}]},"Attachments":[],"Outcome":1,"ErrorMessage":null,"ErrorStackTrace":null,"DisplayName":"S4.HseCarShop.Tests.CarShopServiceTests.SellCars_HasSuitableCar_AssignCar(legStrength: 1, handStrength: 1, expectedType: Hybrid, pedalSize: 45)","Messages":[],"ComputerName":"WIN-NT059EK4SVE","Duration":"00:00:00.0017784","StartTime":"2025-02-11T20:03:41.6316793+00:00","EndTime":"2025-02-11T20:03:41.6317088+00:00","Properties":[]},{"TestCase":{"Id":"af04a5a2-6987-b8c6-e055-cd8a1f84476f","FullyQualifiedName":"S4.HseCarShop.Tests.CarShopServiceTests.SellCars_HasSuitableCar_AssignCar","DisplayName":"S4.HseCarShop.Tests.CarShopServiceTests.SellCars_HasSuitableCar_AssignCar","ExecutorUri":"executor://xunit/VsTestRunner3/netcore/","Source":"D:\\C# проекты\\KPO\\FourthKPOProject\\S4.HseCarShop.Tests\\bin\\Debug\\net9.0\\fine-code-coverage\\build-output\\S4.HseCarShop.Tests.dll","CodeFilePath":null,"LineNumber":0,"Properties":[{"Key":{"Id":"TestCase.ManagedType","Label":"ManagedType","Category":"","Description":"","Attributes":1,"ValueType":"System.String"},"Value":"S4.HseCarShop.Tests.CarShopServiceTests"},{"Key":{"Id":"XunitTestCaseUniqueID","Label":"xUnit.net Test Case Unique ID","Category":"","Description":"","Attributes":0,"ValueType":"System.String"},"Value":"90fcdca3a30587a552de732e98af017f3dab5a97"},{"Key":{"Id":"XunitTestCaseExplicit","Label":"xUnit.net Test Case Explicit Flag","Category":"","Description":"","Attributes":0,"ValueType":"System.Boolean"},"Value":false},{"Key":{"Id":"TestCase.ManagedMethod","Label":"ManagedMethod","Category":"","Description":"","Attributes":1,"ValueType":"System.String"},"Value":"SellCars_HasSuitableCar_AssignCar"}]},"Attachments":[],"Outcome":1,"ErrorMessage":null,"ErrorStackTrace":null,"DisplayName":"S4.HseCarShop.Tests.CarShopServiceTests.SellCars_HasSuitableCar_AssignCar(legStrength: 6, handStrength: 6, expectedType: Pedal, pedalSize: 94)","Messages":[],"ComputerName":"WIN-NT059EK4SVE","Duration":"00:00:00.0016869","StartTime":"2025-02-11T20:03:41.6317816+00:00","EndTime":"2025-02-11T20:03:41.631807+00:00","Properties":[]},{"TestCase":{"Id":"4b22c55c-f823-6fe1-43d5-b8becc2d5de1","FullyQualifiedName":"S4.HseCarShop.Tests.CarShopServiceTests.SellCars_HasNoSuitableCar_DoNotAssignCar","DisplayName":"S4.HseCarShop.Tests.CarShopServiceTests.SellCars_HasNoSuitableCar_DoNotAssignCar","ExecutorUri":"executor://xunit/VsTestRunner3/netcore/","Source":"D:\\C# проекты\\KPO\\FourthKPOProject\\S4.HseCarShop.Tests\\bin\\Debug\\net9.0\\fine-code-coverage\\build-output\\S4.HseCarShop.Tests.dll","CodeFilePath":null,"LineNumber":0,"Properties":[{"Key":{"Id":"TestCase.ManagedType","Label":"ManagedType","Category":"","Description":"","Attributes":1,"ValueType":"System.String"},"Value":"S4.HseCarShop.Tests.CarShopServiceTests"},{"Key":{"Id":"XunitTestCaseUniqueID","Label":"xUnit.net Test Case Unique ID","Category":"","Description":"","Attributes":0,"ValueType":"System.String"},"Value":"952dc05fdb97380c6a8754b16129647ae5fec2ff"},{"Key":{"Id":"XunitTestCaseExplicit","Label":"xUnit.net Test Case Explicit Flag","Category":"","Description":"","Attributes":0,"ValueType":"System.Boolean"},"Value":false},{"Key":{"Id":"TestCase.ManagedMethod","Label":"ManagedMethod","Category":"","Description":"","Attributes":1,"ValueType":"System.String"},"Value":"SellCars_HasNoSuitableCar_DoNotAssignCar"}]},"Attachments":[],"Outcome":1,"ErrorMessage":null,"ErrorStackTrace":null,"DisplayName":"S4.HseCarShop.Tests.CarShopServiceTests.SellCars_HasNoSuitableCar_DoNotAssignCar(legStrength: 2, handStrength: 3, carStorageMock: Mock<ICarProvider:14>, customerStorageMock: Mock<ICustomerStorage:14>, carShop: CarShopService { })","Messages":[],"ComputerName":"WIN-NT059EK4SVE","Duration":"00:00:00.0057639","StartTime":"2025-02-11T20:03:41.6327212+00:00","EndTime":"2025-02-11T20:03:41.6385287+00:00","Properties":[]},{"TestCase":{"Id":"4b22c55c-f823-6fe1-43d5-b8becc2d5de1","FullyQualifiedName":"S4.HseCarShop.Tests.CarShopServiceTests.SellCars_HasNoSuitableCar_DoNotAssignCar","DisplayName":"S4.HseCarShop.Tests.CarShopServiceTests.SellCars_HasNoSuitableCar_DoNotAssignCar","ExecutorUri":"executor://xunit/VsTestRunner3/netcore/","Source":"D:\\C# проекты\\KPO\\FourthKPOProject\\S4.HseCarShop.Tests\\bin\\Debug\\net9.0\\fine-code-coverage\\build-output\\S4.HseCarShop.Tests.dll","CodeFilePath":null,"LineNumber":0,"Properties":[{"Key":{"Id":"TestCase.ManagedType","Label":"ManagedType","Category":"","Description":"","Attributes":1,"ValueType":"System.String"},"Value":"S4.HseCarShop.Tests.CarShopServiceTests"},{"Key":{"Id":"XunitTestCaseUniqueID","Label":"xUnit.net Test Case Unique ID","Category":"","Description":"","Attributes":0,"ValueType":"System.String"},"Value":"952dc05fdb97380c6a8754b16129647ae5fec2ff"},{"Key":{"Id":"XunitTestCaseExplicit","Label":"xUnit.net Test Case Explicit Flag","Category":"","Description":"","Attributes":0,"ValueType":"System.Boolean"},"Value":false},{"Key":{"Id":"TestCase.ManagedMethod","Label":"ManagedMethod","Category":"","Description":"","Attributes":1,"ValueType":"System.String"},"Value":"SellCars_HasNoSuitableCar_DoNotAssignCar"}]},"Attachments":[],"Outcome":1,"ErrorMessage":null,"ErrorStackTrace":null,"DisplayName":"S4.HseCarShop.Tests.CarShopServiceTests.SellCars_HasNoSuitableCar_DoNotAssignCar(legStrength: 3, handStrength: 0, carStorageMock: Mock<ICarProvider:15>, customerStorageMock: Mock<ICustomerStorage:15>, carShop: CarShopService { })","Messages":[],"ComputerName":"WIN-NT059EK4SVE","Duration":"00:00:00.0012681","StartTime":"2025-02-11T20:03:41.639593+00:00","EndTime":"2025-02-11T20:03:41.6397955+00:00","Properties":[]},{"TestCase":{"Id":"4b22c55c-f823-6fe1-43d5-b8becc2d5de1","FullyQualifiedName":"S4.HseCarShop.Tests.CarShopServiceTests.SellCars_HasNoSuitableCar_DoNotAssignCar","DisplayName":"S4.HseCarShop.Tests.CarShopServiceTests.SellCars_HasNoSuitableCar_DoNotAssignCar","ExecutorUri":"executor://xunit/VsTestRunner3/netcore/","Source":"D:\\C# проекты\\KPO\\FourthKPOProject\\S4.HseCarShop.Tests\\bin\\Debug\\net9.0\\fine-code-coverage\\build-output\\S4.HseCarShop.Tests.dll","CodeFilePath":null,"LineNumber":0,"Properties":[{"Key":{"Id":"TestCase.ManagedType","Label":"ManagedType","Category":"","Description":"","Attributes":1,"ValueType":"System.String"},"Value":"S4.HseCarShop.Tests.CarShopServiceTests"},{"Key":{"Id":"XunitTestCaseUniqueID","Label":"xUnit.net Test Case Unique ID","Category":"","Description":"","Attributes":0,"ValueType":"System.String"},"Value":"952dc05fdb97380c6a8754b16129647ae5fec2ff"},{"Key":{"Id":"XunitTestCaseExplicit","Label":"xUnit.net Test Case Explicit Flag","Category":"","Description":"","Attributes":0,"ValueType":"System.Boolean"},"Value":false},{"Key":{"Id":"TestCase.ManagedMethod","Label":"ManagedMethod","Category":"","Description":"","Attributes":1,"ValueType":"System.String"},"Value":"SellCars_HasNoSuitableCar_DoNotAssignCar"}]},"Attachments":[],"Outcome":1,"ErrorMessage":null,"ErrorStackTrace":null,"DisplayName":"S4.HseCarShop.Tests.CarShopServiceTests.SellCars_HasNoSuitableCar_DoNotAssignCar(legStrength: 0, handStrength: 3, carStorageMock: Mock<ICarProvider:16>, customerStorageMock: Mock<ICustomerStorage:16>, carShop: CarShopService { })","Messages":[],"ComputerName":"WIN-NT059EK4SVE","Duration":"00:00:00.0008378","StartTime":"2025-02-11T20:03:41.6399098+00:00","EndTime":"2025-02-11T20:03:41.6406777+00:00","Properties":[]},{"TestCase":{"Id":"4b22c55c-f823-6fe1-43d5-b8becc2d5de1","FullyQualifiedName":"S4.HseCarShop.Tests.CarShopServiceTests.SellCars_HasNoSuitableCar_DoNotAssignCar","DisplayName":"S4.HseCarShop.Tests.CarShopServiceTests.SellCars_HasNoSuitableCar_DoNotAssignCar","ExecutorUri":"executor://xunit/VsTestRunner3/netcore/","Source":"D:\\C# проекты\\KPO\\FourthKPOProject\\S4.HseCarShop.Tests\\bin\\Debug\\net9.0\\fine-code-coverage\\build-output\\S4.HseCarShop.Tests.dll","CodeFilePath":null,"LineNumber":0,"Properties":[{"Key":{"Id":"TestCase.ManagedType","Label":"ManagedType","Category":"","Description":"","Attributes":1,"ValueType":"System.String"},"Value":"S4.HseCarShop.Tests.CarShopServiceTests"},{"Key":{"Id":"XunitTestCaseUniqueID","Label":"xUnit.net Test Case Unique ID","Category":"","Description":"","Attributes":0,"ValueType":"System.String"},"Value":"952dc05fdb97380c6a8754b16129647ae5fec2ff"},{"Key":{"Id":"XunitTestCaseExplicit","Label":"xUnit.net Test Case Explicit Flag","Category":"","Description":"","Attributes":0,"ValueType":"System.Boolean"},"Value":false},{"Key":{"Id":"TestCase.ManagedMethod","Label":"ManagedMethod","Category":"","Description":"","Attributes":1,"ValueType":"System.String"},"Value":"SellCars_HasNoSuitableCar_DoNotAssignCar"}]},"Attachments":[],"Outcome":1,"ErrorMessage":null,"ErrorStackTrace":null,"DisplayName":"S4.HseCarShop.Tests.CarShopServiceTests.SellCars_HasNoSuitableCar_DoNotAssignCar(legStrength: 0, handStrength: 0, carStorageMock: Mock<ICarProvider:17>, customerStorageMock: Mock<ICustomerStorage:17>, carShop: CarShopService { })","Messages":[],"ComputerName":"WIN-NT059EK4SVE","Duration":"00:00:00.0008059","StartTime":"2025-02-11T20:03:41.6408496+00:00","EndTime":"2025-02-11T20:03:41.6415276+00:00","Properties":[]},{"TestCase":{"Id":"2651a605-44d2-8299-4f44-90d0fec8e557","FullyQualifiedName":"S4.HseCarShop.Tests.CarShopServiceTests.SellCars_CustomerAlreadyHasCar_SkipCustomer2","DisplayName":"S4.HseCarShop.Tests.CarShopServiceTests.SellCars_CustomerAlreadyHasCar_SkipCustomer2","ExecutorUri":"executor://xunit/VsTestRunner3/netcore/","Source":"D:\\C# проекты\\KPO\\FourthKPOProject\\S4.HseCarShop.Tests\\bin\\Debug\\net9.0\\fine-code-coverage\\build-output\\S4.HseCarShop.Tests.dll","CodeFilePath":null,"LineNumber":0,"Properties":[{"Key":{"Id":"TestCase.ManagedType","Label":"ManagedType","Category":"","Description":"","Attributes":1,"ValueType":"System.String"},"Value":"S4.HseCarShop.Tests.CarShopServiceTests"},{"Key":{"Id":"XunitTestCaseUniqueID","Label":"xUnit.net Test Case Unique ID","Category":"","Description":"","Attributes":0,"ValueType":"System.String"},"Value":"aba02d3d158b04dbc0c52170b5e44d80aadf748a"},{"Key":{"Id":"XunitTestCaseExplicit","Label":"xUnit.net Test Case Explicit Flag","Category":"","Description":"","Attributes":0,"ValueType":"System.Boolean"},"Value":false},{"Key":{"Id":"TestCase.ManagedMethod","Label":"ManagedMethod","Category":"","Description":"","Attributes":1,"ValueType":"System.String"},"Value":"SellCars_CustomerAlreadyHasCar_SkipCustomer2"}]},"Attachments":[],"Outcome":1,"ErrorMessage":null,"ErrorStackTrace":null,"DisplayName":"S4.HseCarShop.Tests.CarShopServiceTests.SellCars_CustomerAlreadyHasCar_SkipCustomer2(customer: Имя: name0637250e-a66b-4701-80d7-7d702f438afe, Сила рук: 127, Сила ног: 191, Автомобиль: { Mock<ICar:14>.Object }, carStorageMock: Mock<ICarProvider:22>, customerStorageMock: Mock<ICustomerStorage:22>, carShop: CarShopService { })","Messages":[],"ComputerName":"WIN-NT059EK4SVE","Duration":"00:00:00.0010972","StartTime":"2025-02-11T20:03:41.6448738+00:00","EndTime":"2025-02-11T20:03:41.6459735+00:00","Properties":[]}],"TestRunStatistics":{"ExecutedTests":18,"Stats":{"Passed":18}},"ActiveTests":[]},"RunAttachments":[],"ExecutorUris":["executor://xunit/VsTestRunner3/netcore/"]}}
TpTrace Verbose: 0 : 14712, 13, 2025/02/11, 23:03:41.663, 755298754233, vstest.console.dll, TestRequestSender.EndSession: Sending end session.
TpTrace Verbose: 0 : 14712, 13, 2025/02/11, 23:03:41.663, 755298755375, vstest.console.dll, ProxyOperationManager.Close: waiting for test host to exit for 100 ms
TpTrace Verbose: 0 : 14712, 12, 2025/02/11, 23:03:41.681, 755298932500, vstest.console.dll, TestHostManagerCallbacks.StandardOutputReceivedCallback Test host standard output line: 
TpTrace Warning: 0 : 14712, 10, 2025/02/11, 23:03:41.681, 755298932500, vstest.console.dll, TestHostManagerCallbacks.ErrorReceivedCallback Test host standard error line: 
TpTrace Verbose: 0 : 14712, 10, 2025/02/11, 23:03:41.689, 755299017543, vstest.console.dll, TestHostProvider.ExitCallBack: Host exited starting callback.
TpTrace Information: 0 : 14712, 10, 2025/02/11, 23:03:41.689, 755299018718, vstest.console.dll, TestHostManagerCallbacks.ExitCallBack: Testhost processId: 20588 exited with exitcode: 0 error: ''
TpTrace Verbose: 0 : 14712, 10, 2025/02/11, 23:03:41.689, 755299018990, vstest.console.dll, DotnetTestHostManager.OnHostExited: invoking OnHostExited callback
TpTrace Verbose: 0 : 14712, 10, 2025/02/11, 23:03:41.689, 755299019337, vstest.console.dll, CrossPlatEngine.TestHostManagerHostExited: calling on client process exit callback.
TpTrace Information: 0 : 14712, 10, 2025/02/11, 23:03:41.689, 755299019650, vstest.console.dll, TestRequestSender.OnClientProcessExit: Test host process exited. Standard error: 
TpTrace Information: 0 : 14712, 10, 2025/02/11, 23:03:41.689, 755299019906, vstest.console.dll, SocketServer.Stop: Stop server endPoint: 127.0.0.1:52502
TpTrace Information: 0 : 14712, 10, 2025/02/11, 23:03:41.689, 755299020033, vstest.console.dll, SocketServer.Stop: Cancellation requested. Stopping message loop.
TpTrace Information: 0 : 14712, 13, 2025/02/11, 23:03:41.689, 755299020046, vstest.console.dll, SocketServer.Stop: Stop server endPoint: 127.0.0.1:52502
TpTrace Information: 0 : 14712, 13, 2025/02/11, 23:03:41.689, 755299020606, vstest.console.dll, SocketServer.Stop: Cancellation requested. Stopping message loop.
TpTrace Verbose: 0 : 14712, 10, 2025/02/11, 23:03:41.689, 755299020719, vstest.console.dll, MulticastDelegateUtilities.SafeInvoke: HostProviderEvents.OnHostExited: Invoking callback 1/1 for Microsoft.VisualStudio.TestPlatform.CrossPlatEngine.Client.ProxyOperationManager., took 0 ms.
TpTrace Information: 0 : 14712, 13, 2025/02/11, 23:03:41.689, 755299020882, vstest.console.dll, Closing the connection
TpTrace Verbose: 0 : 14712, 13, 2025/02/11, 23:03:41.690, 755299022593, vstest.console.dll, ProxyDataCollectionManager.InvokeDataCollectionServiceAction: Starting.
TpTrace Information: 0 : 14712, 13, 2025/02/11, 23:03:41.690, 755299022851, vstest.console.dll, ProxyDataCollectionManager.AfterTestRunEnd: Get attachment set and invoked data collectors processId: 17824 port: 52499
TpTrace Verbose: 0 : 14712, 13, 2025/02/11, 23:03:41.690, 755299023109, vstest.console.dll, DataCollectionRequestSender.SendAfterTestRunStartAndGetResult: Send AfterTestRunEnd message with isCancelled: False
TpTrace Verbose: 0 : 14712, 13, 2025/02/11, 23:03:41.693, 755299059877, vstest.console.dll, DataCollectionRequestSender.SendAfterTestRunStartAndGetResult: Received message: (DataCollection.AfterTestRunEndResult) -> {"MessageType":"DataCollection.AfterTestRunEndResult","Payload":{"AttachmentSets":[],"InvokedDataCollectors":[{"Uri":"datacollector://Microsoft/TestPlatform/Extensions/Blame/v1","FriendlyName":"Blame","AssemblyQualifiedName":"Microsoft.TestPlatform.Extensions.BlameDataCollector.BlameCollector, Microsoft.TestPlatform.Extensions.BlameDataCollector, Version=15.0.0.0, Culture=neutral, PublicKeyToken=b03f5f7f11d50a3a","FilePath":"C:\\Program Files\\dotnet\\sdk\\9.0.102\\Extensions\\Microsoft.TestPlatform.Extensions.BlameDataCollector.dll","HasAttachmentProcessor":false}],"Metrics":{}}}
TpTrace Information: 0 : 14712, 13, 2025/02/11, 23:03:41.696, 755299089729, vstest.console.dll, ProxyDataCollectionManager.InvokeDataCollectionServiceAction: Completed.
TpTrace Warning: 0 : 14712, 11, 2025/02/11, 23:03:41.705, 755299174103, vstest.console.dll, DataCollectionLauncher.ErrorReceivedCallback datacollector standard error line: 
TpTrace Information: 0 : 14712, 11, 2025/02/11, 23:03:41.709, 755299219233, vstest.console.dll, DataCollectionLauncher.ExitCallBack: Data collector exited with exitcode: 0 error: ''
TpTrace Verbose: 0 : 14712, 13, 2025/02/11, 23:03:41.719, 755299315142, vstest.console.dll, TestRunRequest:SendTestRunStatsChange: Starting.
TpTrace Verbose: 0 : 14712, 13, 2025/02/11, 23:03:41.719, 755299316178, vstest.console.dll, MulticastDelegateUtilities.SafeInvoke: TestRun.RunStatsChanged: Invoking callbacks was skipped because there are no subscribers.
TpTrace Information: 0 : 14712, 13, 2025/02/11, 23:03:41.719, 755299316349, vstest.console.dll, TestRunRequest:SendTestRunStatsChange: Completed.
TpTrace Verbose: 0 : 14712, 4, 2025/02/11, 23:03:41.719, 755299317117, vstest.console.dll, MulticastDelegateUtilities.SafeInvoke: InternalTestLoggerEvents.SendTestResult: Invoking callback 1/1 for Microsoft.VisualStudio.TestPlatform.CommandLine.Internal.ConsoleLogger., took 0 ms.
TpTrace Verbose: 0 : 14712, 4, 2025/02/11, 23:03:41.719, 755299317991, vstest.console.dll, MulticastDelegateUtilities.SafeInvoke: InternalTestLoggerEvents.SendTestResult: Invoking callback 1/1 for Microsoft.VisualStudio.TestPlatform.CommandLine.Internal.ConsoleLogger., took 0 ms.
TpTrace Verbose: 0 : 14712, 13, 2025/02/11, 23:03:41.719, 755299318419, vstest.console.dll, ParallelProxyExecutionManager: HandlePartialRunComplete: Total workloads = 1, Total started clients = 1 Total completed clients = 1, Run complete = True, Run canceled: False.
TpTrace Verbose: 0 : 14712, 13, 2025/02/11, 23:03:41.719, 755299318696, vstest.console.dll, ParallelProxyExecutionManager: HandlePartialRunComplete: All runs completed stopping all managers.
TpTrace Verbose: 0 : 14712, 13, 2025/02/11, 23:03:41.719, 755299318882, vstest.console.dll, ParallelOperationManager.StopAllManagers: Stopping all managers.
TpTrace Verbose: 0 : 14712, 13, 2025/02/11, 23:03:41.719, 755299319046, vstest.console.dll, ParallelOperationManager.ClearSlots: Clearing all slots. Slots should accept more work: False
TpTrace Verbose: 0 : 14712, 13, 2025/02/11, 23:03:41.719, 755299319275, vstest.console.dll, ParallelOperationManager.SetOccupiedSlotCount: Setting slot counts AvailableSlotCount = 1, OccupiedSlotCount = 0.
TpTrace Verbose: 0 : 14712, 13, 2025/02/11, 23:03:41.719, 755299319488, vstest.console.dll, Occupied slots:

TpTrace Verbose: 0 : 14712, 4, 2025/02/11, 23:03:41.719, 755299319874, vstest.console.dll, MulticastDelegateUtilities.SafeInvoke: InternalTestLoggerEvents.SendTestResult: Invoking callback 1/1 for Microsoft.VisualStudio.TestPlatform.CommandLine.Internal.ConsoleLogger., took 0 ms.
TpTrace Verbose: 0 : 14712, 4, 2025/02/11, 23:03:41.719, 755299320572, vstest.console.dll, MulticastDelegateUtilities.SafeInvoke: InternalTestLoggerEvents.SendTestResult: Invoking callback 1/1 for Microsoft.VisualStudio.TestPlatform.CommandLine.Internal.ConsoleLogger., took 0 ms.
TpTrace Verbose: 0 : 14712, 4, 2025/02/11, 23:03:41.719, 755299320785, vstest.console.dll, MulticastDelegateUtilities.SafeInvoke: InternalTestLoggerEvents.SendTestResult: Invoking callback 1/1 for Microsoft.VisualStudio.TestPlatform.CommandLine.Internal.ConsoleLogger., took 0 ms.
TpTrace Verbose: 0 : 14712, 4, 2025/02/11, 23:03:41.719, 755299321000, vstest.console.dll, MulticastDelegateUtilities.SafeInvoke: InternalTestLoggerEvents.SendTestResult: Invoking callback 1/1 for Microsoft.VisualStudio.TestPlatform.CommandLine.Internal.ConsoleLogger., took 0 ms.
TpTrace Verbose: 0 : 14712, 4, 2025/02/11, 23:03:41.719, 755299321163, vstest.console.dll, MulticastDelegateUtilities.SafeInvoke: InternalTestLoggerEvents.SendTestResult: Invoking callback 1/1 for Microsoft.VisualStudio.TestPlatform.CommandLine.Internal.ConsoleLogger., took 0 ms.
TpTrace Verbose: 0 : 14712, 4, 2025/02/11, 23:03:41.719, 755299321350, vstest.console.dll, MulticastDelegateUtilities.SafeInvoke: InternalTestLoggerEvents.SendTestResult: Invoking callback 1/1 for Microsoft.VisualStudio.TestPlatform.CommandLine.Internal.ConsoleLogger., took 0 ms.
TpTrace Verbose: 0 : 14712, 4, 2025/02/11, 23:03:41.720, 755299322514, vstest.console.dll, MulticastDelegateUtilities.SafeInvoke: InternalTestLoggerEvents.SendTestResult: Invoking callback 1/1 for Microsoft.VisualStudio.TestPlatform.CommandLine.Internal.ConsoleLogger., took 0 ms.
TpTrace Verbose: 0 : 14712, 4, 2025/02/11, 23:03:41.724, 755299364192, vstest.console.dll, MulticastDelegateUtilities.SafeInvoke: InternalTestLoggerEvents.SendTestRunComplete: Invoking callback 1/2 for Microsoft.TestPlatform.Extensions.BlameDataCollector.BlameLogger., took 0 ms.
TpTrace Verbose: 0 : 14712, 4, 2025/02/11, 23:03:41.727, 755299398094, vstest.console.dll, MulticastDelegateUtilities.SafeInvoke: InternalTestLoggerEvents.SendTestRunComplete: Invoking callback 2/2 for Microsoft.VisualStudio.TestPlatform.CommandLine.Internal.ConsoleLogger., took 3 ms.
TpTrace Verbose: 0 : 14712, 13, 2025/02/11, 23:03:41.727, 755299400473, vstest.console.dll, TestRunRequest:TestRunComplete: Starting. IsAborted:False IsCanceled:False.
TpTrace Verbose: 0 : 14712, 13, 2025/02/11, 23:03:41.727, 755299401606, vstest.console.dll, ParallelOperationManager.DoActionOnAllManagers: Calling an action on all managers.
TpTrace Verbose: 0 : 14712, 13, 2025/02/11, 23:03:41.728, 755299406472, vstest.console.dll, TestLoggerManager.HandleTestRunComplete: Ignoring as the object is disposed.
TpTrace Verbose: 0 : 14712, 13, 2025/02/11, 23:03:41.728, 755299407878, vstest.console.dll, MulticastDelegateUtilities.SafeInvoke: TestRun.TestRunComplete: Invoking callback 1/2 for Microsoft.VisualStudio.TestPlatform.CommandLine.TestRunResultAggregator., took 0 ms.
TpTrace Verbose: 0 : 14712, 13, 2025/02/11, 23:03:41.728, 755299408590, vstest.console.dll, MulticastDelegateUtilities.SafeInvoke: TestRun.TestRunComplete: Invoking callback 2/2 for Microsoft.VisualStudio.TestPlatform.CommandLine.Processors.RunTestsArgumentExecutor+TestRunRequestEventsRegistrar., took 0 ms.
TpTrace Information: 0 : 14712, 13, 2025/02/11, 23:03:41.728, 755299409257, vstest.console.dll, TestRunRequest:TestRunComplete: Completed.
TpTrace Verbose: 0 : 14712, 1, 2025/02/11, 23:03:41.728, 755299409365, vstest.console.dll, TestRunRequest.Dispose: Starting.
TpTrace Verbose: 0 : 14712, 13, 2025/02/11, 23:03:41.728, 755299409536, vstest.console.dll, TestRequestSender.SetOperationComplete: Setting operation complete.
TpTrace Information: 0 : 14712, 1, 2025/02/11, 23:03:41.728, 755299409957, vstest.console.dll, TestRunRequest.Dispose: Completed.
TpTrace Information: 0 : 14712, 13, 2025/02/11, 23:03:41.728, 755299410506, vstest.console.dll, SocketServer.Stop: Stop server endPoint: 127.0.0.1:52502
TpTrace Information: 0 : 14712, 1, 2025/02/11, 23:03:41.728, 755299410983, vstest.console.dll, TestRequestManager.RunTests: run tests completed.
TpTrace Information: 0 : 14712, 13, 2025/02/11, 23:03:41.728, 755299411717, vstest.console.dll, SocketServer.Stop: Cancellation requested. Stopping message loop.
TpTrace Information: 0 : 14712, 1, 2025/02/11, 23:03:41.729, 755299412469, vstest.console.dll, RunTestsArgumentProcessor:Execute: Test run is completed.
TpTrace Verbose: 0 : 14712, 13, 2025/02/11, 23:03:41.729, 755299412483, vstest.console.dll, MulticastDelegateUtilities.SafeInvoke: LengthPrefixCommunicationChannel: MessageReceived: Invoking callback 1/1 for Microsoft.VisualStudio.TestPlatform.CommunicationUtilities.TestRequestSender+<>c__DisplayClass34_0., took 65 ms.
TpTrace Information: 0 : 14712, 13, 2025/02/11, 23:03:41.729, 755299413108, vstest.console.dll, SocketServer.PrivateStop: Stopping server endPoint: 127.0.0.1:52502 error: 
TpTrace Verbose: 0 : 14712, 1, 2025/02/11, 23:03:41.729, 755299414085, vstest.console.dll, Executor.Execute: Exiting with exit code of 0
TpTrace Verbose: 0 : 14712, 13, 2025/02/11, 23:03:41.729, 755299417360, vstest.console.dll, LengthPrefixCommunicationChannel.Dispose: Dispose reader and writer.
TpTrace Information: 0 : 14712, 13, 2025/02/11, 23:03:41.729, 755299418044, vstest.console.dll, SocketServer.Stop: Raise disconnected event endPoint: 127.0.0.1:52502 error: 
TpTrace Verbose: 0 : 14712, 13, 2025/02/11, 23:03:41.729, 755299418691, vstest.console.dll, TestRequestSender: OnTestRunAbort: Operation is already complete. Skip error message.
TpTrace Verbose: 0 : 14712, 13, 2025/02/11, 23:03:41.729, 755299418872, vstest.console.dll, MulticastDelegateUtilities.SafeInvoke: SocketServer: ClientDisconnected: Invoking callback 1/1 for Microsoft.VisualStudio.TestPlatform.CommunicationUtilities.TestRequestSender., took 0 ms.
TpTrace Verbose: 0 : 14712, 13, 2025/02/11, 23:03:41.729, 755299419025, vstest.console.dll, TcpClientExtensions.MessageLoopAsync: exiting MessageLoopAsync remoteEndPoint: 127.0.0.1:52503 localEndPoint: 127.0.0.1:52502
